<?xml version="1.0" encoding="UTF-8"?>
<testsuite xmlns:xsi="http://www.w3.org/2001/XMLSchema-instance" xsi:noNamespaceSchemaLocation="https://maven.apache.org/surefire/maven-surefire-plugin/xsd/surefire-test-report-3.0.xsd" version="3.0" name="cn.com.chiner.dbtype.OracleTest" time="5.086" tests="3" errors="0" skipped="0" failures="0">
  <properties>
    <property name="java.specification.version" value="17"/>
    <property name="sun.jnu.encoding" value="UTF-8"/>
    <property name="java.class.path" value="/home/mmllllyyy/chiner-java/target/test-classes:/home/mmllllyyy/chiner-java/target/classes:/home/mmllllyyy/.m2/repository/com/h2database/h2/1.3.176/h2-1.3.176.jar:/home/mmllllyyy/.m2/repository/mysql/mysql-connector-java/8.0.26/mysql-connector-java-8.0.26.jar:/home/mmllllyyy/.m2/repository/com/google/protobuf/protobuf-java/3.11.4/protobuf-java-3.11.4.jar:/home/mmllllyyy/.m2/repository/com/oracle/database/jdbc/ojdbc8/21.3.0.0/ojdbc8-21.3.0.0.jar:/home/mmllllyyy/.m2/repository/cn/easyproject/orai18n/12.1.0.2.0/orai18n-12.1.0.2.0.jar:/home/mmllllyyy/.m2/repository/com/microsoft/sqlserver/mssql-jdbc/6.2.2.jre8/mssql-jdbc-6.2.2.jre8.jar:/home/mmllllyyy/.m2/repository/org/postgresql/postgresql/42.2.23/postgresql-42.2.23.jar:/home/mmllllyyy/.m2/repository/org/checkerframework/checker-qual/3.5.0/checker-qual-3.5.0.jar:/home/mmllllyyy/.m2/repository/com/ibm/db2/jcc/11.5.5.0/jcc-11.5.5.0.jar:/home/mmllllyyy/.m2/repository/com/dameng/DmJdbcDriver18/8.1.1.193/DmJdbcDriver18-8.1.1.193.jar:/home/mmllllyyy/chiner-java/jdbc/gbasedbtjdbc_3.3.0.jar:/home/mmllllyyy/chiner-java/jdbc/kingbase8-8.6.0.jar:/home/mmllllyyy/.m2/repository/com/aliyun/odps/odps-jdbc/3.2.9/odps-jdbc-3.2.9.jar:/home/mmllllyyy/.m2/repository/com/aliyun/odps/odps-sdk-core/0.36.4-public/odps-sdk-core-0.36.4-public-shaded.jar:/home/mmllllyyy/.m2/repository/com/aliyun/odps/odps-sdk-commons/0.36.4-public/odps-sdk-commons-0.36.4-public.jar:/home/mmllllyyy/.m2/repository/org/aspectj/aspectjrt/1.8.9/aspectjrt-1.8.9.jar:/home/mmllllyyy/.m2/repository/org/codehaus/jackson/jackson-mapper-asl/1.9.13/jackson-mapper-asl-1.9.13.jar:/home/mmllllyyy/.m2/repository/org/codehaus/jackson/jackson-core-asl/1.9.13/jackson-core-asl-1.9.13.jar:/home/mmllllyyy/.m2/repository/com/google/guava/guava/15.0/guava-15.0.jar:/home/mmllllyyy/.m2/repository/net/sourceforge/javacsv/javacsv/2.0/javacsv-2.0.jar:/home/mmllllyyy/.m2/repository/org/xerial/snappy/snappy-java/1.1.1.6/snappy-java-1.1.1.6.jar:/home/mmllllyyy/.m2/repository/javax/mail/mail/1.4.7/mail-1.4.7.jar:/home/mmllllyyy/.m2/repository/stax/stax-api/1.0.1/stax-api-1.0.1.jar:/home/mmllllyyy/.m2/repository/stax/stax/1.2.0/stax-1.2.0.jar:/home/mmllllyyy/.m2/repository/xpp3/xpp3/1.1.3.3/xpp3-1.1.3.3.jar:/home/mmllllyyy/.m2/repository/com/google/code/gson/gson/2.2.4/gson-2.2.4.jar:/home/mmllllyyy/.m2/repository/commons-lang/commons-lang/2.6/commons-lang-2.6.jar:/home/mmllllyyy/.m2/repository/org/xerial/sqlite-jdbc/3.36.0.3/sqlite-jdbc-3.36.0.3.jar:/home/mmllllyyy/.m2/repository/commons-codec/commons-codec/1.11/commons-codec-1.11.jar:/home/mmllllyyy/.m2/repository/junit/junit/4.12/junit-4.12.jar:/home/mmllllyyy/.m2/repository/org/hamcrest/hamcrest-core/1.3/hamcrest-core-1.3.jar:/home/mmllllyyy/.m2/repository/commons-io/commons-io/2.5/commons-io-2.5.jar:/home/mmllllyyy/.m2/repository/commons-jxpath/commons-jxpath/1.3/commons-jxpath-1.3.jar:/home/mmllllyyy/.m2/repository/org/slf4j/slf4j-api/1.7.9/slf4j-api-1.7.9.jar:/home/mmllllyyy/.m2/repository/ch/qos/logback/logback-classic/1.2.1/logback-classic-1.2.1.jar:/home/mmllllyyy/.m2/repository/ch/qos/logback/logback-core/1.2.1/logback-core-1.2.1.jar:/home/mmllllyyy/.m2/repository/commons-beanutils/commons-beanutils/1.9.3/commons-beanutils-1.9.3.jar:/home/mmllllyyy/.m2/repository/commons-logging/commons-logging/1.2/commons-logging-1.2.jar:/home/mmllllyyy/.m2/repository/commons-collections/commons-collections/3.2.2/commons-collections-3.2.2.jar:/home/mmllllyyy/.m2/repository/org/apache/commons/commons-lang3/3.5/commons-lang3-3.5.jar:/home/mmllllyyy/.m2/repository/joda-time/joda-time/2.9.9/joda-time-2.9.9.jar:/home/mmllllyyy/.m2/repository/com/fasterxml/jackson/core/jackson-databind/2.9.6/jackson-databind-2.9.6.jar:/home/mmllllyyy/.m2/repository/com/fasterxml/jackson/core/jackson-annotations/2.9.0/jackson-annotations-2.9.0.jar:/home/mmllllyyy/.m2/repository/com/fasterxml/jackson/core/jackson-core/2.9.6/jackson-core-2.9.6.jar:/home/mmllllyyy/.m2/repository/com/fasterxml/jackson/datatype/jackson-datatype-jsr310/2.9.6/jackson-datatype-jsr310-2.9.6.jar:/home/mmllllyyy/.m2/repository/com/deepoove/poi-tl/1.10.0/poi-tl-1.10.0.jar:/home/mmllllyyy/.m2/repository/org/apache/poi/poi-ooxml/4.1.2/poi-ooxml-4.1.2.jar:/home/mmllllyyy/.m2/repository/org/apache/poi/poi-ooxml-schemas/4.1.2/poi-ooxml-schemas-4.1.2.jar:/home/mmllllyyy/.m2/repository/org/apache/xmlbeans/xmlbeans/3.1.0/xmlbeans-3.1.0.jar:/home/mmllllyyy/.m2/repository/com/github/virtuald/curvesapi/1.06/curvesapi-1.06.jar:/home/mmllllyyy/.m2/repository/org/apache/poi/poi/4.1.2/poi-4.1.2.jar:/home/mmllllyyy/.m2/repository/org/apache/commons/commons-collections4/4.4/commons-collections4-4.4.jar:/home/mmllllyyy/.m2/repository/org/apache/commons/commons-math3/3.6.1/commons-math3-3.6.1.jar:/home/mmllllyyy/.m2/repository/com/zaxxer/SparseBitSet/1.2/SparseBitSet-1.2.jar:/home/mmllllyyy/.m2/repository/com/deepoove/poi-ooxml-schemas-extra/4.1.2/poi-ooxml-schemas-extra-4.1.2.jar:/home/mmllllyyy/.m2/repository/org/apache/xmlgraphics/batik-transcoder/1.14/batik-transcoder-1.14.jar:/home/mmllllyyy/.m2/repository/org/apache/xmlgraphics/batik-anim/1.14/batik-anim-1.14.jar:/home/mmllllyyy/.m2/repository/org/apache/xmlgraphics/batik-css/1.14/batik-css-1.14.jar:/home/mmllllyyy/.m2/repository/org/apache/xmlgraphics/batik-ext/1.14/batik-ext-1.14.jar:/home/mmllllyyy/.m2/repository/org/apache/xmlgraphics/batik-parser/1.14/batik-parser-1.14.jar:/home/mmllllyyy/.m2/repository/org/apache/xmlgraphics/batik-svg-dom/1.14/batik-svg-dom-1.14.jar:/home/mmllllyyy/.m2/repository/org/apache/xmlgraphics/batik-awt-util/1.14/batik-awt-util-1.14.jar:/home/mmllllyyy/.m2/repository/org/apache/xmlgraphics/xmlgraphics-commons/2.6/xmlgraphics-commons-2.6.jar:/home/mmllllyyy/.m2/repository/org/apache/xmlgraphics/batik-bridge/1.14/batik-bridge-1.14.jar:/home/mmllllyyy/.m2/repository/org/apache/xmlgraphics/batik-script/1.14/batik-script-1.14.jar:/home/mmllllyyy/.m2/repository/org/apache/xmlgraphics/batik-dom/1.14/batik-dom-1.14.jar:/home/mmllllyyy/.m2/repository/xalan/xalan/2.7.2/xalan-2.7.2.jar:/home/mmllllyyy/.m2/repository/xalan/serializer/2.7.2/serializer-2.7.2.jar:/home/mmllllyyy/.m2/repository/xml-apis/xml-apis/1.4.01/xml-apis-1.4.01.jar:/home/mmllllyyy/.m2/repository/org/apache/xmlgraphics/batik-gvt/1.14/batik-gvt-1.14.jar:/home/mmllllyyy/.m2/repository/org/apache/xmlgraphics/batik-shared-resources/1.14/batik-shared-resources-1.14.jar:/home/mmllllyyy/.m2/repository/org/apache/xmlgraphics/batik-svggen/1.14/batik-svggen-1.14.jar:/home/mmllllyyy/.m2/repository/org/apache/xmlgraphics/batik-util/1.14/batik-util-1.14.jar:/home/mmllllyyy/.m2/repository/org/apache/xmlgraphics/batik-constants/1.14/batik-constants-1.14.jar:/home/mmllllyyy/.m2/repository/org/apache/xmlgraphics/batik-i18n/1.14/batik-i18n-1.14.jar:/home/mmllllyyy/.m2/repository/org/apache/xmlgraphics/batik-xml/1.14/batik-xml-1.14.jar:/home/mmllllyyy/.m2/repository/xml-apis/xml-apis-ext/1.3.04/xml-apis-ext-1.3.04.jar:/home/mmllllyyy/.m2/repository/org/apache/xmlgraphics/batik-codec/1.14/batik-codec-1.14.jar:/home/mmllllyyy/.m2/repository/org/apache/commons/commons-compress/1.19/commons-compress-1.19.jar:/home/mmllllyyy/.m2/repository/com/alibaba/druid/1.1.21/druid-1.1.21.jar:/home/mmllllyyy/.m2/repository/org/dom4j/dom4j/2.1.3/dom4j-2.1.3.jar:/home/mmllllyyy/.m2/repository/jaxen/jaxen/1.2.0/jaxen-1.2.0.jar:/home/mmllllyyy/.m2/repository/javax/xml/bind/jaxb-api/2.3.0/jaxb-api-2.3.0.jar:/home/mmllllyyy/.m2/repository/com/sun/xml/bind/jaxb-impl/2.3.0/jaxb-impl-2.3.0.jar:/home/mmllllyyy/.m2/repository/com/sun/xml/bind/jaxb-core/2.3.0/jaxb-core-2.3.0.jar:/home/mmllllyyy/.m2/repository/javax/activation/activation/1.1.1/activation-1.1.1.jar:"/>
    <property name="java.vm.vendor" value="Oracle Corporation"/>
    <property name="sun.arch.data.model" value="64"/>
    <property name="java.vendor.url" value="https://java.oracle.com/"/>
    <property name="user.timezone" value="Asia/Shanghai"/>
    <property name="os.name" value="Linux"/>
    <property name="java.vm.specification.version" value="17"/>
    <property name="sun.java.launcher" value="SUN_STANDARD"/>
    <property name="sun.boot.library.path" value="/usr/lib/jvm/jdk-17.0.8/lib"/>
    <property name="sun.java.command" value="/home/mmllllyyy/chiner-java/target/surefire/surefirebooter-20230813100123384_3.jar /home/mmllllyyy/chiner-java/target/surefire 2023-08-13T10-01-23_333-jvmRun1 surefire-20230813100123384_1tmp surefire_0-20230813100123384_2tmp"/>
    <property name="jdk.debug" value="release"/>
    <property name="surefire.test.class.path" value="/home/mmllllyyy/chiner-java/target/test-classes:/home/mmllllyyy/chiner-java/target/classes:/home/mmllllyyy/.m2/repository/com/h2database/h2/1.3.176/h2-1.3.176.jar:/home/mmllllyyy/.m2/repository/mysql/mysql-connector-java/8.0.26/mysql-connector-java-8.0.26.jar:/home/mmllllyyy/.m2/repository/com/google/protobuf/protobuf-java/3.11.4/protobuf-java-3.11.4.jar:/home/mmllllyyy/.m2/repository/com/oracle/database/jdbc/ojdbc8/21.3.0.0/ojdbc8-21.3.0.0.jar:/home/mmllllyyy/.m2/repository/cn/easyproject/orai18n/12.1.0.2.0/orai18n-12.1.0.2.0.jar:/home/mmllllyyy/.m2/repository/com/microsoft/sqlserver/mssql-jdbc/6.2.2.jre8/mssql-jdbc-6.2.2.jre8.jar:/home/mmllllyyy/.m2/repository/org/postgresql/postgresql/42.2.23/postgresql-42.2.23.jar:/home/mmllllyyy/.m2/repository/org/checkerframework/checker-qual/3.5.0/checker-qual-3.5.0.jar:/home/mmllllyyy/.m2/repository/com/ibm/db2/jcc/11.5.5.0/jcc-11.5.5.0.jar:/home/mmllllyyy/.m2/repository/com/dameng/DmJdbcDriver18/8.1.1.193/DmJdbcDriver18-8.1.1.193.jar:/home/mmllllyyy/chiner-java/jdbc/gbasedbtjdbc_3.3.0.jar:/home/mmllllyyy/chiner-java/jdbc/kingbase8-8.6.0.jar:/home/mmllllyyy/.m2/repository/com/aliyun/odps/odps-jdbc/3.2.9/odps-jdbc-3.2.9.jar:/home/mmllllyyy/.m2/repository/com/aliyun/odps/odps-sdk-core/0.36.4-public/odps-sdk-core-0.36.4-public-shaded.jar:/home/mmllllyyy/.m2/repository/com/aliyun/odps/odps-sdk-commons/0.36.4-public/odps-sdk-commons-0.36.4-public.jar:/home/mmllllyyy/.m2/repository/org/aspectj/aspectjrt/1.8.9/aspectjrt-1.8.9.jar:/home/mmllllyyy/.m2/repository/org/codehaus/jackson/jackson-mapper-asl/1.9.13/jackson-mapper-asl-1.9.13.jar:/home/mmllllyyy/.m2/repository/org/codehaus/jackson/jackson-core-asl/1.9.13/jackson-core-asl-1.9.13.jar:/home/mmllllyyy/.m2/repository/com/google/guava/guava/15.0/guava-15.0.jar:/home/mmllllyyy/.m2/repository/net/sourceforge/javacsv/javacsv/2.0/javacsv-2.0.jar:/home/mmllllyyy/.m2/repository/org/xerial/snappy/snappy-java/1.1.1.6/snappy-java-1.1.1.6.jar:/home/mmllllyyy/.m2/repository/javax/mail/mail/1.4.7/mail-1.4.7.jar:/home/mmllllyyy/.m2/repository/stax/stax-api/1.0.1/stax-api-1.0.1.jar:/home/mmllllyyy/.m2/repository/stax/stax/1.2.0/stax-1.2.0.jar:/home/mmllllyyy/.m2/repository/xpp3/xpp3/1.1.3.3/xpp3-1.1.3.3.jar:/home/mmllllyyy/.m2/repository/com/google/code/gson/gson/2.2.4/gson-2.2.4.jar:/home/mmllllyyy/.m2/repository/commons-lang/commons-lang/2.6/commons-lang-2.6.jar:/home/mmllllyyy/.m2/repository/org/xerial/sqlite-jdbc/3.36.0.3/sqlite-jdbc-3.36.0.3.jar:/home/mmllllyyy/.m2/repository/commons-codec/commons-codec/1.11/commons-codec-1.11.jar:/home/mmllllyyy/.m2/repository/junit/junit/4.12/junit-4.12.jar:/home/mmllllyyy/.m2/repository/org/hamcrest/hamcrest-core/1.3/hamcrest-core-1.3.jar:/home/mmllllyyy/.m2/repository/commons-io/commons-io/2.5/commons-io-2.5.jar:/home/mmllllyyy/.m2/repository/commons-jxpath/commons-jxpath/1.3/commons-jxpath-1.3.jar:/home/mmllllyyy/.m2/repository/org/slf4j/slf4j-api/1.7.9/slf4j-api-1.7.9.jar:/home/mmllllyyy/.m2/repository/ch/qos/logback/logback-classic/1.2.1/logback-classic-1.2.1.jar:/home/mmllllyyy/.m2/repository/ch/qos/logback/logback-core/1.2.1/logback-core-1.2.1.jar:/home/mmllllyyy/.m2/repository/commons-beanutils/commons-beanutils/1.9.3/commons-beanutils-1.9.3.jar:/home/mmllllyyy/.m2/repository/commons-logging/commons-logging/1.2/commons-logging-1.2.jar:/home/mmllllyyy/.m2/repository/commons-collections/commons-collections/3.2.2/commons-collections-3.2.2.jar:/home/mmllllyyy/.m2/repository/org/apache/commons/commons-lang3/3.5/commons-lang3-3.5.jar:/home/mmllllyyy/.m2/repository/joda-time/joda-time/2.9.9/joda-time-2.9.9.jar:/home/mmllllyyy/.m2/repository/com/fasterxml/jackson/core/jackson-databind/2.9.6/jackson-databind-2.9.6.jar:/home/mmllllyyy/.m2/repository/com/fasterxml/jackson/core/jackson-annotations/2.9.0/jackson-annotations-2.9.0.jar:/home/mmllllyyy/.m2/repository/com/fasterxml/jackson/core/jackson-core/2.9.6/jackson-core-2.9.6.jar:/home/mmllllyyy/.m2/repository/com/fasterxml/jackson/datatype/jackson-datatype-jsr310/2.9.6/jackson-datatype-jsr310-2.9.6.jar:/home/mmllllyyy/.m2/repository/com/deepoove/poi-tl/1.10.0/poi-tl-1.10.0.jar:/home/mmllllyyy/.m2/repository/org/apache/poi/poi-ooxml/4.1.2/poi-ooxml-4.1.2.jar:/home/mmllllyyy/.m2/repository/org/apache/poi/poi-ooxml-schemas/4.1.2/poi-ooxml-schemas-4.1.2.jar:/home/mmllllyyy/.m2/repository/org/apache/xmlbeans/xmlbeans/3.1.0/xmlbeans-3.1.0.jar:/home/mmllllyyy/.m2/repository/com/github/virtuald/curvesapi/1.06/curvesapi-1.06.jar:/home/mmllllyyy/.m2/repository/org/apache/poi/poi/4.1.2/poi-4.1.2.jar:/home/mmllllyyy/.m2/repository/org/apache/commons/commons-collections4/4.4/commons-collections4-4.4.jar:/home/mmllllyyy/.m2/repository/org/apache/commons/commons-math3/3.6.1/commons-math3-3.6.1.jar:/home/mmllllyyy/.m2/repository/com/zaxxer/SparseBitSet/1.2/SparseBitSet-1.2.jar:/home/mmllllyyy/.m2/repository/com/deepoove/poi-ooxml-schemas-extra/4.1.2/poi-ooxml-schemas-extra-4.1.2.jar:/home/mmllllyyy/.m2/repository/org/apache/xmlgraphics/batik-transcoder/1.14/batik-transcoder-1.14.jar:/home/mmllllyyy/.m2/repository/org/apache/xmlgraphics/batik-anim/1.14/batik-anim-1.14.jar:/home/mmllllyyy/.m2/repository/org/apache/xmlgraphics/batik-css/1.14/batik-css-1.14.jar:/home/mmllllyyy/.m2/repository/org/apache/xmlgraphics/batik-ext/1.14/batik-ext-1.14.jar:/home/mmllllyyy/.m2/repository/org/apache/xmlgraphics/batik-parser/1.14/batik-parser-1.14.jar:/home/mmllllyyy/.m2/repository/org/apache/xmlgraphics/batik-svg-dom/1.14/batik-svg-dom-1.14.jar:/home/mmllllyyy/.m2/repository/org/apache/xmlgraphics/batik-awt-util/1.14/batik-awt-util-1.14.jar:/home/mmllllyyy/.m2/repository/org/apache/xmlgraphics/xmlgraphics-commons/2.6/xmlgraphics-commons-2.6.jar:/home/mmllllyyy/.m2/repository/org/apache/xmlgraphics/batik-bridge/1.14/batik-bridge-1.14.jar:/home/mmllllyyy/.m2/repository/org/apache/xmlgraphics/batik-script/1.14/batik-script-1.14.jar:/home/mmllllyyy/.m2/repository/org/apache/xmlgraphics/batik-dom/1.14/batik-dom-1.14.jar:/home/mmllllyyy/.m2/repository/xalan/xalan/2.7.2/xalan-2.7.2.jar:/home/mmllllyyy/.m2/repository/xalan/serializer/2.7.2/serializer-2.7.2.jar:/home/mmllllyyy/.m2/repository/xml-apis/xml-apis/1.4.01/xml-apis-1.4.01.jar:/home/mmllllyyy/.m2/repository/org/apache/xmlgraphics/batik-gvt/1.14/batik-gvt-1.14.jar:/home/mmllllyyy/.m2/repository/org/apache/xmlgraphics/batik-shared-resources/1.14/batik-shared-resources-1.14.jar:/home/mmllllyyy/.m2/repository/org/apache/xmlgraphics/batik-svggen/1.14/batik-svggen-1.14.jar:/home/mmllllyyy/.m2/repository/org/apache/xmlgraphics/batik-util/1.14/batik-util-1.14.jar:/home/mmllllyyy/.m2/repository/org/apache/xmlgraphics/batik-constants/1.14/batik-constants-1.14.jar:/home/mmllllyyy/.m2/repository/org/apache/xmlgraphics/batik-i18n/1.14/batik-i18n-1.14.jar:/home/mmllllyyy/.m2/repository/org/apache/xmlgraphics/batik-xml/1.14/batik-xml-1.14.jar:/home/mmllllyyy/.m2/repository/xml-apis/xml-apis-ext/1.3.04/xml-apis-ext-1.3.04.jar:/home/mmllllyyy/.m2/repository/org/apache/xmlgraphics/batik-codec/1.14/batik-codec-1.14.jar:/home/mmllllyyy/.m2/repository/org/apache/commons/commons-compress/1.19/commons-compress-1.19.jar:/home/mmllllyyy/.m2/repository/com/alibaba/druid/1.1.21/druid-1.1.21.jar:/home/mmllllyyy/.m2/repository/org/dom4j/dom4j/2.1.3/dom4j-2.1.3.jar:/home/mmllllyyy/.m2/repository/jaxen/jaxen/1.2.0/jaxen-1.2.0.jar:/home/mmllllyyy/.m2/repository/javax/xml/bind/jaxb-api/2.3.0/jaxb-api-2.3.0.jar:/home/mmllllyyy/.m2/repository/com/sun/xml/bind/jaxb-impl/2.3.0/jaxb-impl-2.3.0.jar:/home/mmllllyyy/.m2/repository/com/sun/xml/bind/jaxb-core/2.3.0/jaxb-core-2.3.0.jar:/home/mmllllyyy/.m2/repository/javax/activation/activation/1.1.1/activation-1.1.1.jar:"/>
    <property name="sun.cpu.endian" value="little"/>
    <property name="user.home" value="/home/mmllllyyy"/>
    <property name="user.language" value="en"/>
    <property name="java.specification.vendor" value="Oracle Corporation"/>
    <property name="java.version.date" value="2023-07-18"/>
    <property name="java.home" value="/usr/lib/jvm/jdk-17.0.8"/>
    <property name="file.separator" value="/"/>
    <property name="basedir" value="/home/mmllllyyy/chiner-java"/>
    <property name="java.vm.compressedOopsMode" value="Zero based"/>
    <property name="line.separator" value="&#10;"/>
    <property name="java.vm.specification.vendor" value="Oracle Corporation"/>
    <property name="java.specification.name" value="Java Platform API Specification"/>
    <property name="surefire.real.class.path" value="/home/mmllllyyy/chiner-java/target/surefire/surefirebooter-20230813100123384_3.jar"/>
    <property name="sun.management.compiler" value="HotSpot 64-Bit Tiered Compilers"/>
    <property name="java.runtime.version" value="17.0.8+9-LTS-211"/>
    <property name="user.name" value="mmllllyyy"/>
    <property name="path.separator" value=":"/>
    <property name="os.version" value="5.15.90.1-microsoft-standard-WSL2"/>
    <property name="java.runtime.name" value="Java(TM) SE Runtime Environment"/>
    <property name="file.encoding" value="UTF-8"/>
    <property name="java.vm.name" value="Java HotSpot(TM) 64-Bit Server VM"/>
    <property name="localRepository" value="/home/mmllllyyy/.m2/repository"/>
    <property name="java.vendor.url.bug" value="https://bugreport.java.com/bugreport/"/>
    <property name="java.io.tmpdir" value="/tmp"/>
    <property name="java.version" value="17.0.8"/>
    <property name="user.dir" value="/home/mmllllyyy/chiner-java"/>
    <property name="os.arch" value="amd64"/>
    <property name="java.vm.specification.name" value="Java Virtual Machine Specification"/>
    <property name="native.encoding" value="UTF-8"/>
    <property name="java.library.path" value="/usr/java/packages/lib:/usr/lib64:/lib64:/lib:/usr/lib"/>
    <property name="java.vm.info" value="mixed mode, sharing"/>
    <property name="java.vendor" value="Oracle Corporation"/>
    <property name="java.vm.version" value="17.0.8+9-LTS-211"/>
    <property name="sun.io.unicode.encoding" value="UnicodeLittle"/>
    <property name="java.class.version" value="61.0"/>
  </properties>
  <testcase name="getTableDDLTest" classname="cn.com.chiner.dbtype.OracleTest" time="1.08">
    <system-out><![CDATA[2023-08-13 10:01:24.061 [main] INFO  cn.com.chiner.java.Application - ------------------------------------>>>[执行命令]<<<-------------------------------------
2023-08-13 10:01:24.061 [main] INFO  cn.com.chiner.java.Application - DBReverseGetTableDDL driver_class_name=oracle.jdbc.driver.OracleDriver url=jdbc:oracle:thin:@g5.mtain.top:30003:ORCL username=UCREDIT password=pNhpE8hn tables=SIMS_CLASS,SIMS_STUDENT out=/Users/asher/workspace/ws-vekai/chiner-java/src/test/resources/out/dbrgtddl-3422357687896.json
2023-08-13 10:01:24.061 [main] DEBUG cn.com.chiner.java.Application - java.specification.version = 17
2023-08-13 10:01:24.061 [main] DEBUG cn.com.chiner.java.Application - sun.jnu.encoding = UTF-8
2023-08-13 10:01:24.061 [main] DEBUG cn.com.chiner.java.Application - java.class.path = /home/mmllllyyy/chiner-java/target/test-classes:/home/mmllllyyy/chiner-java/target/classes:/home/mmllllyyy/.m2/repository/com/h2database/h2/1.3.176/h2-1.3.176.jar:/home/mmllllyyy/.m2/repository/mysql/mysql-connector-java/8.0.26/mysql-connector-java-8.0.26.jar:/home/mmllllyyy/.m2/repository/com/google/protobuf/protobuf-java/3.11.4/protobuf-java-3.11.4.jar:/home/mmllllyyy/.m2/repository/com/oracle/database/jdbc/ojdbc8/21.3.0.0/ojdbc8-21.3.0.0.jar:/home/mmllllyyy/.m2/repository/cn/easyproject/orai18n/12.1.0.2.0/orai18n-12.1.0.2.0.jar:/home/mmllllyyy/.m2/repository/com/microsoft/sqlserver/mssql-jdbc/6.2.2.jre8/mssql-jdbc-6.2.2.jre8.jar:/home/mmllllyyy/.m2/repository/org/postgresql/postgresql/42.2.23/postgresql-42.2.23.jar:/home/mmllllyyy/.m2/repository/org/checkerframework/checker-qual/3.5.0/checker-qual-3.5.0.jar:/home/mmllllyyy/.m2/repository/com/ibm/db2/jcc/11.5.5.0/jcc-11.5.5.0.jar:/home/mmllllyyy/.m2/repository/com/dameng/DmJdbcDriver18/8.1.1.193/DmJdbcDriver18-8.1.1.193.jar:/home/mmllllyyy/chiner-java/jdbc/gbasedbtjdbc_3.3.0.jar:/home/mmllllyyy/chiner-java/jdbc/kingbase8-8.6.0.jar:/home/mmllllyyy/.m2/repository/com/aliyun/odps/odps-jdbc/3.2.9/odps-jdbc-3.2.9.jar:/home/mmllllyyy/.m2/repository/com/aliyun/odps/odps-sdk-core/0.36.4-public/odps-sdk-core-0.36.4-public-shaded.jar:/home/mmllllyyy/.m2/repository/com/aliyun/odps/odps-sdk-commons/0.36.4-public/odps-sdk-commons-0.36.4-public.jar:/home/mmllllyyy/.m2/repository/org/aspectj/aspectjrt/1.8.9/aspectjrt-1.8.9.jar:/home/mmllllyyy/.m2/repository/org/codehaus/jackson/jackson-mapper-asl/1.9.13/jackson-mapper-asl-1.9.13.jar:/home/mmllllyyy/.m2/repository/org/codehaus/jackson/jackson-core-asl/1.9.13/jackson-core-asl-1.9.13.jar:/home/mmllllyyy/.m2/repository/com/google/guava/guava/15.0/guava-15.0.jar:/home/mmllllyyy/.m2/repository/net/sourceforge/javacsv/javacsv/2.0/javacsv-2.0.jar:/home/mmllllyyy/.m2/repository/org/xerial/snappy/snappy-java/1.1.1.6/snappy-java-1.1.1.6.jar:/home/mmllllyyy/.m2/repository/javax/mail/mail/1.4.7/mail-1.4.7.jar:/home/mmllllyyy/.m2/repository/stax/stax-api/1.0.1/stax-api-1.0.1.jar:/home/mmllllyyy/.m2/repository/stax/stax/1.2.0/stax-1.2.0.jar:/home/mmllllyyy/.m2/repository/xpp3/xpp3/1.1.3.3/xpp3-1.1.3.3.jar:/home/mmllllyyy/.m2/repository/com/google/code/gson/gson/2.2.4/gson-2.2.4.jar:/home/mmllllyyy/.m2/repository/commons-lang/commons-lang/2.6/commons-lang-2.6.jar:/home/mmllllyyy/.m2/repository/org/xerial/sqlite-jdbc/3.36.0.3/sqlite-jdbc-3.36.0.3.jar:/home/mmllllyyy/.m2/repository/commons-codec/commons-codec/1.11/commons-codec-1.11.jar:/home/mmllllyyy/.m2/repository/junit/junit/4.12/junit-4.12.jar:/home/mmllllyyy/.m2/repository/org/hamcrest/hamcrest-core/1.3/hamcrest-core-1.3.jar:/home/mmllllyyy/.m2/repository/commons-io/commons-io/2.5/commons-io-2.5.jar:/home/mmllllyyy/.m2/repository/commons-jxpath/commons-jxpath/1.3/commons-jxpath-1.3.jar:/home/mmllllyyy/.m2/repository/org/slf4j/slf4j-api/1.7.9/slf4j-api-1.7.9.jar:/home/mmllllyyy/.m2/repository/ch/qos/logback/logback-classic/1.2.1/logback-classic-1.2.1.jar:/home/mmllllyyy/.m2/repository/ch/qos/logback/logback-core/1.2.1/logback-core-1.2.1.jar:/home/mmllllyyy/.m2/repository/commons-beanutils/commons-beanutils/1.9.3/commons-beanutils-1.9.3.jar:/home/mmllllyyy/.m2/repository/commons-logging/commons-logging/1.2/commons-logging-1.2.jar:/home/mmllllyyy/.m2/repository/commons-collections/commons-collections/3.2.2/commons-collections-3.2.2.jar:/home/mmllllyyy/.m2/repository/org/apache/commons/commons-lang3/3.5/commons-lang3-3.5.jar:/home/mmllllyyy/.m2/repository/joda-time/joda-time/2.9.9/joda-time-2.9.9.jar:/home/mmllllyyy/.m2/repository/com/fasterxml/jackson/core/jackson-databind/2.9.6/jackson-databind-2.9.6.jar:/home/mmllllyyy/.m2/repository/com/fasterxml/jackson/core/jackson-annotations/2.9.0/jackson-annotations-2.9.0.jar:/home/mmllllyyy/.m2/repository/com/fasterxml/jackson/core/jackson-core/2.9.6/jackson-core-2.9.6.jar:/home/mmllllyyy/.m2/repository/com/fasterxml/jackson/datatype/jackson-datatype-jsr310/2.9.6/jackson-datatype-jsr310-2.9.6.jar:/home/mmllllyyy/.m2/repository/com/deepoove/poi-tl/1.10.0/poi-tl-1.10.0.jar:/home/mmllllyyy/.m2/repository/org/apache/poi/poi-ooxml/4.1.2/poi-ooxml-4.1.2.jar:/home/mmllllyyy/.m2/repository/org/apache/poi/poi-ooxml-schemas/4.1.2/poi-ooxml-schemas-4.1.2.jar:/home/mmllllyyy/.m2/repository/org/apache/xmlbeans/xmlbeans/3.1.0/xmlbeans-3.1.0.jar:/home/mmllllyyy/.m2/repository/com/github/virtuald/curvesapi/1.06/curvesapi-1.06.jar:/home/mmllllyyy/.m2/repository/org/apache/poi/poi/4.1.2/poi-4.1.2.jar:/home/mmllllyyy/.m2/repository/org/apache/commons/commons-collections4/4.4/commons-collections4-4.4.jar:/home/mmllllyyy/.m2/repository/org/apache/commons/commons-math3/3.6.1/commons-math3-3.6.1.jar:/home/mmllllyyy/.m2/repository/com/zaxxer/SparseBitSet/1.2/SparseBitSet-1.2.jar:/home/mmllllyyy/.m2/repository/com/deepoove/poi-ooxml-schemas-extra/4.1.2/poi-ooxml-schemas-extra-4.1.2.jar:/home/mmllllyyy/.m2/repository/org/apache/xmlgraphics/batik-transcoder/1.14/batik-transcoder-1.14.jar:/home/mmllllyyy/.m2/repository/org/apache/xmlgraphics/batik-anim/1.14/batik-anim-1.14.jar:/home/mmllllyyy/.m2/repository/org/apache/xmlgraphics/batik-css/1.14/batik-css-1.14.jar:/home/mmllllyyy/.m2/repository/org/apache/xmlgraphics/batik-ext/1.14/batik-ext-1.14.jar:/home/mmllllyyy/.m2/repository/org/apache/xmlgraphics/batik-parser/1.14/batik-parser-1.14.jar:/home/mmllllyyy/.m2/repository/org/apache/xmlgraphics/batik-svg-dom/1.14/batik-svg-dom-1.14.jar:/home/mmllllyyy/.m2/repository/org/apache/xmlgraphics/batik-awt-util/1.14/batik-awt-util-1.14.jar:/home/mmllllyyy/.m2/repository/org/apache/xmlgraphics/xmlgraphics-commons/2.6/xmlgraphics-commons-2.6.jar:/home/mmllllyyy/.m2/repository/org/apache/xmlgraphics/batik-bridge/1.14/batik-bridge-1.14.jar:/home/mmllllyyy/.m2/repository/org/apache/xmlgraphics/batik-script/1.14/batik-script-1.14.jar:/home/mmllllyyy/.m2/repository/org/apache/xmlgraphics/batik-dom/1.14/batik-dom-1.14.jar:/home/mmllllyyy/.m2/repository/xalan/xalan/2.7.2/xalan-2.7.2.jar:/home/mmllllyyy/.m2/repository/xalan/serializer/2.7.2/serializer-2.7.2.jar:/home/mmllllyyy/.m2/repository/xml-apis/xml-apis/1.4.01/xml-apis-1.4.01.jar:/home/mmllllyyy/.m2/repository/org/apache/xmlgraphics/batik-gvt/1.14/batik-gvt-1.14.jar:/home/mmllllyyy/.m2/repository/org/apache/xmlgraphics/batik-shared-resources/1.14/batik-shared-resources-1.14.jar:/home/mmllllyyy/.m2/repository/org/apache/xmlgraphics/batik-svggen/1.14/batik-svggen-1.14.jar:/home/mmllllyyy/.m2/repository/org/apache/xmlgraphics/batik-util/1.14/batik-util-1.14.jar:/home/mmllllyyy/.m2/repository/org/apache/xmlgraphics/batik-constants/1.14/batik-constants-1.14.jar:/home/mmllllyyy/.m2/repository/org/apache/xmlgraphics/batik-i18n/1.14/batik-i18n-1.14.jar:/home/mmllllyyy/.m2/repository/org/apache/xmlgraphics/batik-xml/1.14/batik-xml-1.14.jar:/home/mmllllyyy/.m2/repository/xml-apis/xml-apis-ext/1.3.04/xml-apis-ext-1.3.04.jar:/home/mmllllyyy/.m2/repository/org/apache/xmlgraphics/batik-codec/1.14/batik-codec-1.14.jar:/home/mmllllyyy/.m2/repository/org/apache/commons/commons-compress/1.19/commons-compress-1.19.jar:/home/mmllllyyy/.m2/repository/com/alibaba/druid/1.1.21/druid-1.1.21.jar:/home/mmllllyyy/.m2/repository/org/dom4j/dom4j/2.1.3/dom4j-2.1.3.jar:/home/mmllllyyy/.m2/repository/jaxen/jaxen/1.2.0/jaxen-1.2.0.jar:/home/mmllllyyy/.m2/repository/javax/xml/bind/jaxb-api/2.3.0/jaxb-api-2.3.0.jar:/home/mmllllyyy/.m2/repository/com/sun/xml/bind/jaxb-impl/2.3.0/jaxb-impl-2.3.0.jar:/home/mmllllyyy/.m2/repository/com/sun/xml/bind/jaxb-core/2.3.0/jaxb-core-2.3.0.jar:/home/mmllllyyy/.m2/repository/javax/activation/activation/1.1.1/activation-1.1.1.jar:
2023-08-13 10:01:24.061 [main] DEBUG cn.com.chiner.java.Application - java.vm.vendor = Oracle Corporation
2023-08-13 10:01:24.061 [main] DEBUG cn.com.chiner.java.Application - sun.arch.data.model = 64
2023-08-13 10:01:24.062 [main] DEBUG cn.com.chiner.java.Application - java.vendor.url = https://java.oracle.com/
2023-08-13 10:01:24.062 [main] DEBUG cn.com.chiner.java.Application - user.timezone = Asia/Shanghai
2023-08-13 10:01:24.062 [main] DEBUG cn.com.chiner.java.Application - java.vm.specification.version = 17
2023-08-13 10:01:24.062 [main] DEBUG cn.com.chiner.java.Application - os.name = Linux
2023-08-13 10:01:24.062 [main] DEBUG cn.com.chiner.java.Application - sun.java.launcher = SUN_STANDARD
2023-08-13 10:01:24.062 [main] DEBUG cn.com.chiner.java.Application - sun.boot.library.path = /usr/lib/jvm/jdk-17.0.8/lib
2023-08-13 10:01:24.062 [main] DEBUG cn.com.chiner.java.Application - sun.java.command = /home/mmllllyyy/chiner-java/target/surefire/surefirebooter-20230813100123384_3.jar /home/mmllllyyy/chiner-java/target/surefire 2023-08-13T10-01-23_333-jvmRun1 surefire-20230813100123384_1tmp surefire_0-20230813100123384_2tmp
2023-08-13 10:01:24.062 [main] DEBUG cn.com.chiner.java.Application - jdk.debug = release
2023-08-13 10:01:24.062 [main] DEBUG cn.com.chiner.java.Application - surefire.test.class.path = /home/mmllllyyy/chiner-java/target/test-classes:/home/mmllllyyy/chiner-java/target/classes:/home/mmllllyyy/.m2/repository/com/h2database/h2/1.3.176/h2-1.3.176.jar:/home/mmllllyyy/.m2/repository/mysql/mysql-connector-java/8.0.26/mysql-connector-java-8.0.26.jar:/home/mmllllyyy/.m2/repository/com/google/protobuf/protobuf-java/3.11.4/protobuf-java-3.11.4.jar:/home/mmllllyyy/.m2/repository/com/oracle/database/jdbc/ojdbc8/21.3.0.0/ojdbc8-21.3.0.0.jar:/home/mmllllyyy/.m2/repository/cn/easyproject/orai18n/12.1.0.2.0/orai18n-12.1.0.2.0.jar:/home/mmllllyyy/.m2/repository/com/microsoft/sqlserver/mssql-jdbc/6.2.2.jre8/mssql-jdbc-6.2.2.jre8.jar:/home/mmllllyyy/.m2/repository/org/postgresql/postgresql/42.2.23/postgresql-42.2.23.jar:/home/mmllllyyy/.m2/repository/org/checkerframework/checker-qual/3.5.0/checker-qual-3.5.0.jar:/home/mmllllyyy/.m2/repository/com/ibm/db2/jcc/11.5.5.0/jcc-11.5.5.0.jar:/home/mmllllyyy/.m2/repository/com/dameng/DmJdbcDriver18/8.1.1.193/DmJdbcDriver18-8.1.1.193.jar:/home/mmllllyyy/chiner-java/jdbc/gbasedbtjdbc_3.3.0.jar:/home/mmllllyyy/chiner-java/jdbc/kingbase8-8.6.0.jar:/home/mmllllyyy/.m2/repository/com/aliyun/odps/odps-jdbc/3.2.9/odps-jdbc-3.2.9.jar:/home/mmllllyyy/.m2/repository/com/aliyun/odps/odps-sdk-core/0.36.4-public/odps-sdk-core-0.36.4-public-shaded.jar:/home/mmllllyyy/.m2/repository/com/aliyun/odps/odps-sdk-commons/0.36.4-public/odps-sdk-commons-0.36.4-public.jar:/home/mmllllyyy/.m2/repository/org/aspectj/aspectjrt/1.8.9/aspectjrt-1.8.9.jar:/home/mmllllyyy/.m2/repository/org/codehaus/jackson/jackson-mapper-asl/1.9.13/jackson-mapper-asl-1.9.13.jar:/home/mmllllyyy/.m2/repository/org/codehaus/jackson/jackson-core-asl/1.9.13/jackson-core-asl-1.9.13.jar:/home/mmllllyyy/.m2/repository/com/google/guava/guava/15.0/guava-15.0.jar:/home/mmllllyyy/.m2/repository/net/sourceforge/javacsv/javacsv/2.0/javacsv-2.0.jar:/home/mmllllyyy/.m2/repository/org/xerial/snappy/snappy-java/1.1.1.6/snappy-java-1.1.1.6.jar:/home/mmllllyyy/.m2/repository/javax/mail/mail/1.4.7/mail-1.4.7.jar:/home/mmllllyyy/.m2/repository/stax/stax-api/1.0.1/stax-api-1.0.1.jar:/home/mmllllyyy/.m2/repository/stax/stax/1.2.0/stax-1.2.0.jar:/home/mmllllyyy/.m2/repository/xpp3/xpp3/1.1.3.3/xpp3-1.1.3.3.jar:/home/mmllllyyy/.m2/repository/com/google/code/gson/gson/2.2.4/gson-2.2.4.jar:/home/mmllllyyy/.m2/repository/commons-lang/commons-lang/2.6/commons-lang-2.6.jar:/home/mmllllyyy/.m2/repository/org/xerial/sqlite-jdbc/3.36.0.3/sqlite-jdbc-3.36.0.3.jar:/home/mmllllyyy/.m2/repository/commons-codec/commons-codec/1.11/commons-codec-1.11.jar:/home/mmllllyyy/.m2/repository/junit/junit/4.12/junit-4.12.jar:/home/mmllllyyy/.m2/repository/org/hamcrest/hamcrest-core/1.3/hamcrest-core-1.3.jar:/home/mmllllyyy/.m2/repository/commons-io/commons-io/2.5/commons-io-2.5.jar:/home/mmllllyyy/.m2/repository/commons-jxpath/commons-jxpath/1.3/commons-jxpath-1.3.jar:/home/mmllllyyy/.m2/repository/org/slf4j/slf4j-api/1.7.9/slf4j-api-1.7.9.jar:/home/mmllllyyy/.m2/repository/ch/qos/logback/logback-classic/1.2.1/logback-classic-1.2.1.jar:/home/mmllllyyy/.m2/repository/ch/qos/logback/logback-core/1.2.1/logback-core-1.2.1.jar:/home/mmllllyyy/.m2/repository/commons-beanutils/commons-beanutils/1.9.3/commons-beanutils-1.9.3.jar:/home/mmllllyyy/.m2/repository/commons-logging/commons-logging/1.2/commons-logging-1.2.jar:/home/mmllllyyy/.m2/repository/commons-collections/commons-collections/3.2.2/commons-collections-3.2.2.jar:/home/mmllllyyy/.m2/repository/org/apache/commons/commons-lang3/3.5/commons-lang3-3.5.jar:/home/mmllllyyy/.m2/repository/joda-time/joda-time/2.9.9/joda-time-2.9.9.jar:/home/mmllllyyy/.m2/repository/com/fasterxml/jackson/core/jackson-databind/2.9.6/jackson-databind-2.9.6.jar:/home/mmllllyyy/.m2/repository/com/fasterxml/jackson/core/jackson-annotations/2.9.0/jackson-annotations-2.9.0.jar:/home/mmllllyyy/.m2/repository/com/fasterxml/jackson/core/jackson-core/2.9.6/jackson-core-2.9.6.jar:/home/mmllllyyy/.m2/repository/com/fasterxml/jackson/datatype/jackson-datatype-jsr310/2.9.6/jackson-datatype-jsr310-2.9.6.jar:/home/mmllllyyy/.m2/repository/com/deepoove/poi-tl/1.10.0/poi-tl-1.10.0.jar:/home/mmllllyyy/.m2/repository/org/apache/poi/poi-ooxml/4.1.2/poi-ooxml-4.1.2.jar:/home/mmllllyyy/.m2/repository/org/apache/poi/poi-ooxml-schemas/4.1.2/poi-ooxml-schemas-4.1.2.jar:/home/mmllllyyy/.m2/repository/org/apache/xmlbeans/xmlbeans/3.1.0/xmlbeans-3.1.0.jar:/home/mmllllyyy/.m2/repository/com/github/virtuald/curvesapi/1.06/curvesapi-1.06.jar:/home/mmllllyyy/.m2/repository/org/apache/poi/poi/4.1.2/poi-4.1.2.jar:/home/mmllllyyy/.m2/repository/org/apache/commons/commons-collections4/4.4/commons-collections4-4.4.jar:/home/mmllllyyy/.m2/repository/org/apache/commons/commons-math3/3.6.1/commons-math3-3.6.1.jar:/home/mmllllyyy/.m2/repository/com/zaxxer/SparseBitSet/1.2/SparseBitSet-1.2.jar:/home/mmllllyyy/.m2/repository/com/deepoove/poi-ooxml-schemas-extra/4.1.2/poi-ooxml-schemas-extra-4.1.2.jar:/home/mmllllyyy/.m2/repository/org/apache/xmlgraphics/batik-transcoder/1.14/batik-transcoder-1.14.jar:/home/mmllllyyy/.m2/repository/org/apache/xmlgraphics/batik-anim/1.14/batik-anim-1.14.jar:/home/mmllllyyy/.m2/repository/org/apache/xmlgraphics/batik-css/1.14/batik-css-1.14.jar:/home/mmllllyyy/.m2/repository/org/apache/xmlgraphics/batik-ext/1.14/batik-ext-1.14.jar:/home/mmllllyyy/.m2/repository/org/apache/xmlgraphics/batik-parser/1.14/batik-parser-1.14.jar:/home/mmllllyyy/.m2/repository/org/apache/xmlgraphics/batik-svg-dom/1.14/batik-svg-dom-1.14.jar:/home/mmllllyyy/.m2/repository/org/apache/xmlgraphics/batik-awt-util/1.14/batik-awt-util-1.14.jar:/home/mmllllyyy/.m2/repository/org/apache/xmlgraphics/xmlgraphics-commons/2.6/xmlgraphics-commons-2.6.jar:/home/mmllllyyy/.m2/repository/org/apache/xmlgraphics/batik-bridge/1.14/batik-bridge-1.14.jar:/home/mmllllyyy/.m2/repository/org/apache/xmlgraphics/batik-script/1.14/batik-script-1.14.jar:/home/mmllllyyy/.m2/repository/org/apache/xmlgraphics/batik-dom/1.14/batik-dom-1.14.jar:/home/mmllllyyy/.m2/repository/xalan/xalan/2.7.2/xalan-2.7.2.jar:/home/mmllllyyy/.m2/repository/xalan/serializer/2.7.2/serializer-2.7.2.jar:/home/mmllllyyy/.m2/repository/xml-apis/xml-apis/1.4.01/xml-apis-1.4.01.jar:/home/mmllllyyy/.m2/repository/org/apache/xmlgraphics/batik-gvt/1.14/batik-gvt-1.14.jar:/home/mmllllyyy/.m2/repository/org/apache/xmlgraphics/batik-shared-resources/1.14/batik-shared-resources-1.14.jar:/home/mmllllyyy/.m2/repository/org/apache/xmlgraphics/batik-svggen/1.14/batik-svggen-1.14.jar:/home/mmllllyyy/.m2/repository/org/apache/xmlgraphics/batik-util/1.14/batik-util-1.14.jar:/home/mmllllyyy/.m2/repository/org/apache/xmlgraphics/batik-constants/1.14/batik-constants-1.14.jar:/home/mmllllyyy/.m2/repository/org/apache/xmlgraphics/batik-i18n/1.14/batik-i18n-1.14.jar:/home/mmllllyyy/.m2/repository/org/apache/xmlgraphics/batik-xml/1.14/batik-xml-1.14.jar:/home/mmllllyyy/.m2/repository/xml-apis/xml-apis-ext/1.3.04/xml-apis-ext-1.3.04.jar:/home/mmllllyyy/.m2/repository/org/apache/xmlgraphics/batik-codec/1.14/batik-codec-1.14.jar:/home/mmllllyyy/.m2/repository/org/apache/commons/commons-compress/1.19/commons-compress-1.19.jar:/home/mmllllyyy/.m2/repository/com/alibaba/druid/1.1.21/druid-1.1.21.jar:/home/mmllllyyy/.m2/repository/org/dom4j/dom4j/2.1.3/dom4j-2.1.3.jar:/home/mmllllyyy/.m2/repository/jaxen/jaxen/1.2.0/jaxen-1.2.0.jar:/home/mmllllyyy/.m2/repository/javax/xml/bind/jaxb-api/2.3.0/jaxb-api-2.3.0.jar:/home/mmllllyyy/.m2/repository/com/sun/xml/bind/jaxb-impl/2.3.0/jaxb-impl-2.3.0.jar:/home/mmllllyyy/.m2/repository/com/sun/xml/bind/jaxb-core/2.3.0/jaxb-core-2.3.0.jar:/home/mmllllyyy/.m2/repository/javax/activation/activation/1.1.1/activation-1.1.1.jar:
2023-08-13 10:01:24.062 [main] DEBUG cn.com.chiner.java.Application - sun.cpu.endian = little
2023-08-13 10:01:24.062 [main] DEBUG cn.com.chiner.java.Application - user.home = /home/mmllllyyy
2023-08-13 10:01:24.062 [main] DEBUG cn.com.chiner.java.Application - user.language = en
2023-08-13 10:01:24.062 [main] DEBUG cn.com.chiner.java.Application - java.specification.vendor = Oracle Corporation
2023-08-13 10:01:24.062 [main] DEBUG cn.com.chiner.java.Application - java.version.date = 2023-07-18
2023-08-13 10:01:24.062 [main] DEBUG cn.com.chiner.java.Application - java.home = /usr/lib/jvm/jdk-17.0.8
2023-08-13 10:01:24.062 [main] DEBUG cn.com.chiner.java.Application - file.separator = /
2023-08-13 10:01:24.062 [main] DEBUG cn.com.chiner.java.Application - basedir = /home/mmllllyyy/chiner-java
2023-08-13 10:01:24.062 [main] DEBUG cn.com.chiner.java.Application - java.vm.compressedOopsMode = Zero based
2023-08-13 10:01:24.062 [main] DEBUG cn.com.chiner.java.Application - line.separator = 

2023-08-13 10:01:24.062 [main] DEBUG cn.com.chiner.java.Application - java.specification.name = Java Platform API Specification
2023-08-13 10:01:24.062 [main] DEBUG cn.com.chiner.java.Application - java.vm.specification.vendor = Oracle Corporation
2023-08-13 10:01:24.062 [main] DEBUG cn.com.chiner.java.Application - surefire.real.class.path = /home/mmllllyyy/chiner-java/target/surefire/surefirebooter-20230813100123384_3.jar
2023-08-13 10:01:24.062 [main] DEBUG cn.com.chiner.java.Application - sun.management.compiler = HotSpot 64-Bit Tiered Compilers
2023-08-13 10:01:24.062 [main] DEBUG cn.com.chiner.java.Application - java.runtime.version = 17.0.8+9-LTS-211
2023-08-13 10:01:24.062 [main] DEBUG cn.com.chiner.java.Application - user.name = mmllllyyy
2023-08-13 10:01:24.062 [main] DEBUG cn.com.chiner.java.Application - path.separator = :
2023-08-13 10:01:24.062 [main] DEBUG cn.com.chiner.java.Application - os.version = 5.15.90.1-microsoft-standard-WSL2
2023-08-13 10:01:24.062 [main] DEBUG cn.com.chiner.java.Application - java.runtime.name = Java(TM) SE Runtime Environment
2023-08-13 10:01:24.062 [main] DEBUG cn.com.chiner.java.Application - file.encoding = UTF-8
2023-08-13 10:01:24.062 [main] DEBUG cn.com.chiner.java.Application - java.vm.name = Java HotSpot(TM) 64-Bit Server VM
2023-08-13 10:01:24.063 [main] DEBUG cn.com.chiner.java.Application - localRepository = /home/mmllllyyy/.m2/repository
2023-08-13 10:01:24.063 [main] DEBUG cn.com.chiner.java.Application - java.vendor.url.bug = https://bugreport.java.com/bugreport/
2023-08-13 10:01:24.063 [main] DEBUG cn.com.chiner.java.Application - java.io.tmpdir = /tmp
2023-08-13 10:01:24.063 [main] DEBUG cn.com.chiner.java.Application - java.version = 17.0.8
2023-08-13 10:01:24.063 [main] DEBUG cn.com.chiner.java.Application - user.dir = /home/mmllllyyy/chiner-java
2023-08-13 10:01:24.063 [main] DEBUG cn.com.chiner.java.Application - os.arch = amd64
2023-08-13 10:01:24.063 [main] DEBUG cn.com.chiner.java.Application - java.vm.specification.name = Java Virtual Machine Specification
2023-08-13 10:01:24.063 [main] DEBUG cn.com.chiner.java.Application - native.encoding = UTF-8
2023-08-13 10:01:24.063 [main] DEBUG cn.com.chiner.java.Application - java.library.path = /usr/java/packages/lib:/usr/lib64:/lib64:/lib:/usr/lib
2023-08-13 10:01:24.063 [main] DEBUG cn.com.chiner.java.Application - java.vm.info = mixed mode, sharing
2023-08-13 10:01:24.063 [main] DEBUG cn.com.chiner.java.Application - java.vendor = Oracle Corporation
2023-08-13 10:01:24.063 [main] DEBUG cn.com.chiner.java.Application - java.vm.version = 17.0.8+9-LTS-211
2023-08-13 10:01:24.063 [main] DEBUG cn.com.chiner.java.Application - sun.io.unicode.encoding = UnicodeLittle
2023-08-13 10:01:24.063 [main] DEBUG cn.com.chiner.java.Application - java.class.version = 61.0
2023-08-13 10:01:24.063 [main] DEBUG cn.com.chiner.java.Application - Heap-Max:3976MB
2023-08-13 10:01:24.063 [main] DEBUG cn.com.chiner.java.Application - Heap-Init:250MB
2023-08-13 10:01:24.063 [main] DEBUG cn.com.chiner.java.Application - Heap-Committed:254MB
2023-08-13 10:01:24.063 [main] DEBUG cn.com.chiner.java.Application - Heap-Used:22MB
2023-08-13 10:01:24.063 [main] DEBUG cn.com.chiner.java.Application - init = 262144000(256000K) used = 24051984(23488K) committed = 266338304(260096K) max = 4169138176(4071424K)
2023-08-13 10:01:24.063 [main] DEBUG cn.com.chiner.java.Application - NoHeap-Max:0MB
2023-08-13 10:01:24.063 [main] DEBUG cn.com.chiner.java.Application - NoHeap-Init:7MB
2023-08-13 10:01:24.063 [main] DEBUG cn.com.chiner.java.Application - NoHeap-Committed:29MB
2023-08-13 10:01:24.063 [main] DEBUG cn.com.chiner.java.Application - NoHeap-Used:27MB
2023-08-13 10:01:24.063 [main] INFO  cn.com.chiner.java.Application - ----------------------------------------------------------------------------------------
2023-08-13 10:01:25.143 [main] INFO  cn.com.chiner.java.Application - {
  "status" : "SUCCESS",
  "body" : [ ],
  "properties" : { }
}
2023-08-13 10:01:25.143 [main] ERROR cn.com.chiner.java.Application - 写结果文件出错
java.io.IOException: No such file or directory
	at java.base/java.io.UnixFileSystem.createFileExclusively(Native Method)
	at java.base/java.io.File.createNewFile(File.java:1043)
	at cn.fisok.raw.kit.FileKit.touchFile(FileKit.java:107)
	at cn.com.chiner.java.Application.sendTextOut(Application.java:135)
	at cn.com.chiner.java.Application.main(Application.java:205)
	at cn.com.chiner.dbtype.OracleTest.getTableDDLTest(OracleTest.java:66)
	at java.base/jdk.internal.reflect.NativeMethodAccessorImpl.invoke0(Native Method)
	at java.base/jdk.internal.reflect.NativeMethodAccessorImpl.invoke(NativeMethodAccessorImpl.java:77)
	at java.base/jdk.internal.reflect.DelegatingMethodAccessorImpl.invoke(DelegatingMethodAccessorImpl.java:43)
	at java.base/java.lang.reflect.Method.invoke(Method.java:568)
	at org.junit.runners.model.FrameworkMethod$1.runReflectiveCall(FrameworkMethod.java:50)
	at org.junit.internal.runners.model.ReflectiveCallable.run(ReflectiveCallable.java:12)
	at org.junit.runners.model.FrameworkMethod.invokeExplosively(FrameworkMethod.java:47)
	at org.junit.internal.runners.statements.InvokeMethod.evaluate(InvokeMethod.java:17)
	at org.junit.runners.ParentRunner.runLeaf(ParentRunner.java:325)
	at org.junit.runners.BlockJUnit4ClassRunner.runChild(BlockJUnit4ClassRunner.java:78)
	at org.junit.runners.BlockJUnit4ClassRunner.runChild(BlockJUnit4ClassRunner.java:57)
	at org.junit.runners.ParentRunner$3.run(ParentRunner.java:290)
	at org.junit.runners.ParentRunner$1.schedule(ParentRunner.java:71)
	at org.junit.runners.ParentRunner.runChildren(ParentRunner.java:288)
	at org.junit.runners.ParentRunner.access$000(ParentRunner.java:58)
	at org.junit.runners.ParentRunner$2.evaluate(ParentRunner.java:268)
	at org.junit.runners.ParentRunner.run(ParentRunner.java:363)
	at org.apache.maven.surefire.junit4.JUnit4Provider.execute(JUnit4Provider.java:316)
	at org.apache.maven.surefire.junit4.JUnit4Provider.executeWithRerun(JUnit4Provider.java:240)
	at org.apache.maven.surefire.junit4.JUnit4Provider.executeTestSet(JUnit4Provider.java:214)
	at org.apache.maven.surefire.junit4.JUnit4Provider.invoke(JUnit4Provider.java:155)
	at org.apache.maven.surefire.booter.ForkedBooter.runSuitesInProcess(ForkedBooter.java:385)
	at org.apache.maven.surefire.booter.ForkedBooter.execute(ForkedBooter.java:162)
	at org.apache.maven.surefire.booter.ForkedBooter.run(ForkedBooter.java:507)
	at org.apache.maven.surefire.booter.ForkedBooter.main(ForkedBooter.java:495)
]]></system-out>
  </testcase>
  <testcase name="pingDriverLoadTest" classname="cn.com.chiner.dbtype.OracleTest" time="0.415">
    <system-out><![CDATA[2023-08-13 10:01:25.145 [main] INFO  cn.com.chiner.java.Application - ------------------------------------>>>[执行命令]<<<-------------------------------------
2023-08-13 10:01:25.145 [main] INFO  cn.com.chiner.java.Application - PingLoadDriverClass driver_class_name=oracle.jdbc.driver.OracleDriver url=jdbc:oracle:thin:@g5.mtain.top:30003:ORCL username=UCREDIT password=pNhpE8hn out=/Users/asher/workspace/ws-vekai/siner-java/src/test/resources/out/pdc-3423441062823.json
2023-08-13 10:01:25.145 [main] DEBUG cn.com.chiner.java.Application - java.specification.version = 17
2023-08-13 10:01:25.145 [main] DEBUG cn.com.chiner.java.Application - sun.jnu.encoding = UTF-8
2023-08-13 10:01:25.145 [main] DEBUG cn.com.chiner.java.Application - java.class.path = /home/mmllllyyy/chiner-java/target/test-classes:/home/mmllllyyy/chiner-java/target/classes:/home/mmllllyyy/.m2/repository/com/h2database/h2/1.3.176/h2-1.3.176.jar:/home/mmllllyyy/.m2/repository/mysql/mysql-connector-java/8.0.26/mysql-connector-java-8.0.26.jar:/home/mmllllyyy/.m2/repository/com/google/protobuf/protobuf-java/3.11.4/protobuf-java-3.11.4.jar:/home/mmllllyyy/.m2/repository/com/oracle/database/jdbc/ojdbc8/21.3.0.0/ojdbc8-21.3.0.0.jar:/home/mmllllyyy/.m2/repository/cn/easyproject/orai18n/12.1.0.2.0/orai18n-12.1.0.2.0.jar:/home/mmllllyyy/.m2/repository/com/microsoft/sqlserver/mssql-jdbc/6.2.2.jre8/mssql-jdbc-6.2.2.jre8.jar:/home/mmllllyyy/.m2/repository/org/postgresql/postgresql/42.2.23/postgresql-42.2.23.jar:/home/mmllllyyy/.m2/repository/org/checkerframework/checker-qual/3.5.0/checker-qual-3.5.0.jar:/home/mmllllyyy/.m2/repository/com/ibm/db2/jcc/11.5.5.0/jcc-11.5.5.0.jar:/home/mmllllyyy/.m2/repository/com/dameng/DmJdbcDriver18/8.1.1.193/DmJdbcDriver18-8.1.1.193.jar:/home/mmllllyyy/chiner-java/jdbc/gbasedbtjdbc_3.3.0.jar:/home/mmllllyyy/chiner-java/jdbc/kingbase8-8.6.0.jar:/home/mmllllyyy/.m2/repository/com/aliyun/odps/odps-jdbc/3.2.9/odps-jdbc-3.2.9.jar:/home/mmllllyyy/.m2/repository/com/aliyun/odps/odps-sdk-core/0.36.4-public/odps-sdk-core-0.36.4-public-shaded.jar:/home/mmllllyyy/.m2/repository/com/aliyun/odps/odps-sdk-commons/0.36.4-public/odps-sdk-commons-0.36.4-public.jar:/home/mmllllyyy/.m2/repository/org/aspectj/aspectjrt/1.8.9/aspectjrt-1.8.9.jar:/home/mmllllyyy/.m2/repository/org/codehaus/jackson/jackson-mapper-asl/1.9.13/jackson-mapper-asl-1.9.13.jar:/home/mmllllyyy/.m2/repository/org/codehaus/jackson/jackson-core-asl/1.9.13/jackson-core-asl-1.9.13.jar:/home/mmllllyyy/.m2/repository/com/google/guava/guava/15.0/guava-15.0.jar:/home/mmllllyyy/.m2/repository/net/sourceforge/javacsv/javacsv/2.0/javacsv-2.0.jar:/home/mmllllyyy/.m2/repository/org/xerial/snappy/snappy-java/1.1.1.6/snappy-java-1.1.1.6.jar:/home/mmllllyyy/.m2/repository/javax/mail/mail/1.4.7/mail-1.4.7.jar:/home/mmllllyyy/.m2/repository/stax/stax-api/1.0.1/stax-api-1.0.1.jar:/home/mmllllyyy/.m2/repository/stax/stax/1.2.0/stax-1.2.0.jar:/home/mmllllyyy/.m2/repository/xpp3/xpp3/1.1.3.3/xpp3-1.1.3.3.jar:/home/mmllllyyy/.m2/repository/com/google/code/gson/gson/2.2.4/gson-2.2.4.jar:/home/mmllllyyy/.m2/repository/commons-lang/commons-lang/2.6/commons-lang-2.6.jar:/home/mmllllyyy/.m2/repository/org/xerial/sqlite-jdbc/3.36.0.3/sqlite-jdbc-3.36.0.3.jar:/home/mmllllyyy/.m2/repository/commons-codec/commons-codec/1.11/commons-codec-1.11.jar:/home/mmllllyyy/.m2/repository/junit/junit/4.12/junit-4.12.jar:/home/mmllllyyy/.m2/repository/org/hamcrest/hamcrest-core/1.3/hamcrest-core-1.3.jar:/home/mmllllyyy/.m2/repository/commons-io/commons-io/2.5/commons-io-2.5.jar:/home/mmllllyyy/.m2/repository/commons-jxpath/commons-jxpath/1.3/commons-jxpath-1.3.jar:/home/mmllllyyy/.m2/repository/org/slf4j/slf4j-api/1.7.9/slf4j-api-1.7.9.jar:/home/mmllllyyy/.m2/repository/ch/qos/logback/logback-classic/1.2.1/logback-classic-1.2.1.jar:/home/mmllllyyy/.m2/repository/ch/qos/logback/logback-core/1.2.1/logback-core-1.2.1.jar:/home/mmllllyyy/.m2/repository/commons-beanutils/commons-beanutils/1.9.3/commons-beanutils-1.9.3.jar:/home/mmllllyyy/.m2/repository/commons-logging/commons-logging/1.2/commons-logging-1.2.jar:/home/mmllllyyy/.m2/repository/commons-collections/commons-collections/3.2.2/commons-collections-3.2.2.jar:/home/mmllllyyy/.m2/repository/org/apache/commons/commons-lang3/3.5/commons-lang3-3.5.jar:/home/mmllllyyy/.m2/repository/joda-time/joda-time/2.9.9/joda-time-2.9.9.jar:/home/mmllllyyy/.m2/repository/com/fasterxml/jackson/core/jackson-databind/2.9.6/jackson-databind-2.9.6.jar:/home/mmllllyyy/.m2/repository/com/fasterxml/jackson/core/jackson-annotations/2.9.0/jackson-annotations-2.9.0.jar:/home/mmllllyyy/.m2/repository/com/fasterxml/jackson/core/jackson-core/2.9.6/jackson-core-2.9.6.jar:/home/mmllllyyy/.m2/repository/com/fasterxml/jackson/datatype/jackson-datatype-jsr310/2.9.6/jackson-datatype-jsr310-2.9.6.jar:/home/mmllllyyy/.m2/repository/com/deepoove/poi-tl/1.10.0/poi-tl-1.10.0.jar:/home/mmllllyyy/.m2/repository/org/apache/poi/poi-ooxml/4.1.2/poi-ooxml-4.1.2.jar:/home/mmllllyyy/.m2/repository/org/apache/poi/poi-ooxml-schemas/4.1.2/poi-ooxml-schemas-4.1.2.jar:/home/mmllllyyy/.m2/repository/org/apache/xmlbeans/xmlbeans/3.1.0/xmlbeans-3.1.0.jar:/home/mmllllyyy/.m2/repository/com/github/virtuald/curvesapi/1.06/curvesapi-1.06.jar:/home/mmllllyyy/.m2/repository/org/apache/poi/poi/4.1.2/poi-4.1.2.jar:/home/mmllllyyy/.m2/repository/org/apache/commons/commons-collections4/4.4/commons-collections4-4.4.jar:/home/mmllllyyy/.m2/repository/org/apache/commons/commons-math3/3.6.1/commons-math3-3.6.1.jar:/home/mmllllyyy/.m2/repository/com/zaxxer/SparseBitSet/1.2/SparseBitSet-1.2.jar:/home/mmllllyyy/.m2/repository/com/deepoove/poi-ooxml-schemas-extra/4.1.2/poi-ooxml-schemas-extra-4.1.2.jar:/home/mmllllyyy/.m2/repository/org/apache/xmlgraphics/batik-transcoder/1.14/batik-transcoder-1.14.jar:/home/mmllllyyy/.m2/repository/org/apache/xmlgraphics/batik-anim/1.14/batik-anim-1.14.jar:/home/mmllllyyy/.m2/repository/org/apache/xmlgraphics/batik-css/1.14/batik-css-1.14.jar:/home/mmllllyyy/.m2/repository/org/apache/xmlgraphics/batik-ext/1.14/batik-ext-1.14.jar:/home/mmllllyyy/.m2/repository/org/apache/xmlgraphics/batik-parser/1.14/batik-parser-1.14.jar:/home/mmllllyyy/.m2/repository/org/apache/xmlgraphics/batik-svg-dom/1.14/batik-svg-dom-1.14.jar:/home/mmllllyyy/.m2/repository/org/apache/xmlgraphics/batik-awt-util/1.14/batik-awt-util-1.14.jar:/home/mmllllyyy/.m2/repository/org/apache/xmlgraphics/xmlgraphics-commons/2.6/xmlgraphics-commons-2.6.jar:/home/mmllllyyy/.m2/repository/org/apache/xmlgraphics/batik-bridge/1.14/batik-bridge-1.14.jar:/home/mmllllyyy/.m2/repository/org/apache/xmlgraphics/batik-script/1.14/batik-script-1.14.jar:/home/mmllllyyy/.m2/repository/org/apache/xmlgraphics/batik-dom/1.14/batik-dom-1.14.jar:/home/mmllllyyy/.m2/repository/xalan/xalan/2.7.2/xalan-2.7.2.jar:/home/mmllllyyy/.m2/repository/xalan/serializer/2.7.2/serializer-2.7.2.jar:/home/mmllllyyy/.m2/repository/xml-apis/xml-apis/1.4.01/xml-apis-1.4.01.jar:/home/mmllllyyy/.m2/repository/org/apache/xmlgraphics/batik-gvt/1.14/batik-gvt-1.14.jar:/home/mmllllyyy/.m2/repository/org/apache/xmlgraphics/batik-shared-resources/1.14/batik-shared-resources-1.14.jar:/home/mmllllyyy/.m2/repository/org/apache/xmlgraphics/batik-svggen/1.14/batik-svggen-1.14.jar:/home/mmllllyyy/.m2/repository/org/apache/xmlgraphics/batik-util/1.14/batik-util-1.14.jar:/home/mmllllyyy/.m2/repository/org/apache/xmlgraphics/batik-constants/1.14/batik-constants-1.14.jar:/home/mmllllyyy/.m2/repository/org/apache/xmlgraphics/batik-i18n/1.14/batik-i18n-1.14.jar:/home/mmllllyyy/.m2/repository/org/apache/xmlgraphics/batik-xml/1.14/batik-xml-1.14.jar:/home/mmllllyyy/.m2/repository/xml-apis/xml-apis-ext/1.3.04/xml-apis-ext-1.3.04.jar:/home/mmllllyyy/.m2/repository/org/apache/xmlgraphics/batik-codec/1.14/batik-codec-1.14.jar:/home/mmllllyyy/.m2/repository/org/apache/commons/commons-compress/1.19/commons-compress-1.19.jar:/home/mmllllyyy/.m2/repository/com/alibaba/druid/1.1.21/druid-1.1.21.jar:/home/mmllllyyy/.m2/repository/org/dom4j/dom4j/2.1.3/dom4j-2.1.3.jar:/home/mmllllyyy/.m2/repository/jaxen/jaxen/1.2.0/jaxen-1.2.0.jar:/home/mmllllyyy/.m2/repository/javax/xml/bind/jaxb-api/2.3.0/jaxb-api-2.3.0.jar:/home/mmllllyyy/.m2/repository/com/sun/xml/bind/jaxb-impl/2.3.0/jaxb-impl-2.3.0.jar:/home/mmllllyyy/.m2/repository/com/sun/xml/bind/jaxb-core/2.3.0/jaxb-core-2.3.0.jar:/home/mmllllyyy/.m2/repository/javax/activation/activation/1.1.1/activation-1.1.1.jar:
2023-08-13 10:01:25.145 [main] DEBUG cn.com.chiner.java.Application - java.vm.vendor = Oracle Corporation
2023-08-13 10:01:25.145 [main] DEBUG cn.com.chiner.java.Application - sun.arch.data.model = 64
2023-08-13 10:01:25.145 [main] DEBUG cn.com.chiner.java.Application - java.vendor.url = https://java.oracle.com/
2023-08-13 10:01:25.145 [main] DEBUG cn.com.chiner.java.Application - user.timezone = Asia/Shanghai
2023-08-13 10:01:25.145 [main] DEBUG cn.com.chiner.java.Application - java.vm.specification.version = 17
2023-08-13 10:01:25.145 [main] DEBUG cn.com.chiner.java.Application - os.name = Linux
2023-08-13 10:01:25.145 [main] DEBUG cn.com.chiner.java.Application - sun.java.launcher = SUN_STANDARD
2023-08-13 10:01:25.145 [main] DEBUG cn.com.chiner.java.Application - sun.boot.library.path = /usr/lib/jvm/jdk-17.0.8/lib
2023-08-13 10:01:25.145 [main] DEBUG cn.com.chiner.java.Application - sun.java.command = /home/mmllllyyy/chiner-java/target/surefire/surefirebooter-20230813100123384_3.jar /home/mmllllyyy/chiner-java/target/surefire 2023-08-13T10-01-23_333-jvmRun1 surefire-20230813100123384_1tmp surefire_0-20230813100123384_2tmp
2023-08-13 10:01:25.145 [main] DEBUG cn.com.chiner.java.Application - jdk.debug = release
2023-08-13 10:01:25.145 [main] DEBUG cn.com.chiner.java.Application - surefire.test.class.path = /home/mmllllyyy/chiner-java/target/test-classes:/home/mmllllyyy/chiner-java/target/classes:/home/mmllllyyy/.m2/repository/com/h2database/h2/1.3.176/h2-1.3.176.jar:/home/mmllllyyy/.m2/repository/mysql/mysql-connector-java/8.0.26/mysql-connector-java-8.0.26.jar:/home/mmllllyyy/.m2/repository/com/google/protobuf/protobuf-java/3.11.4/protobuf-java-3.11.4.jar:/home/mmllllyyy/.m2/repository/com/oracle/database/jdbc/ojdbc8/21.3.0.0/ojdbc8-21.3.0.0.jar:/home/mmllllyyy/.m2/repository/cn/easyproject/orai18n/12.1.0.2.0/orai18n-12.1.0.2.0.jar:/home/mmllllyyy/.m2/repository/com/microsoft/sqlserver/mssql-jdbc/6.2.2.jre8/mssql-jdbc-6.2.2.jre8.jar:/home/mmllllyyy/.m2/repository/org/postgresql/postgresql/42.2.23/postgresql-42.2.23.jar:/home/mmllllyyy/.m2/repository/org/checkerframework/checker-qual/3.5.0/checker-qual-3.5.0.jar:/home/mmllllyyy/.m2/repository/com/ibm/db2/jcc/11.5.5.0/jcc-11.5.5.0.jar:/home/mmllllyyy/.m2/repository/com/dameng/DmJdbcDriver18/8.1.1.193/DmJdbcDriver18-8.1.1.193.jar:/home/mmllllyyy/chiner-java/jdbc/gbasedbtjdbc_3.3.0.jar:/home/mmllllyyy/chiner-java/jdbc/kingbase8-8.6.0.jar:/home/mmllllyyy/.m2/repository/com/aliyun/odps/odps-jdbc/3.2.9/odps-jdbc-3.2.9.jar:/home/mmllllyyy/.m2/repository/com/aliyun/odps/odps-sdk-core/0.36.4-public/odps-sdk-core-0.36.4-public-shaded.jar:/home/mmllllyyy/.m2/repository/com/aliyun/odps/odps-sdk-commons/0.36.4-public/odps-sdk-commons-0.36.4-public.jar:/home/mmllllyyy/.m2/repository/org/aspectj/aspectjrt/1.8.9/aspectjrt-1.8.9.jar:/home/mmllllyyy/.m2/repository/org/codehaus/jackson/jackson-mapper-asl/1.9.13/jackson-mapper-asl-1.9.13.jar:/home/mmllllyyy/.m2/repository/org/codehaus/jackson/jackson-core-asl/1.9.13/jackson-core-asl-1.9.13.jar:/home/mmllllyyy/.m2/repository/com/google/guava/guava/15.0/guava-15.0.jar:/home/mmllllyyy/.m2/repository/net/sourceforge/javacsv/javacsv/2.0/javacsv-2.0.jar:/home/mmllllyyy/.m2/repository/org/xerial/snappy/snappy-java/1.1.1.6/snappy-java-1.1.1.6.jar:/home/mmllllyyy/.m2/repository/javax/mail/mail/1.4.7/mail-1.4.7.jar:/home/mmllllyyy/.m2/repository/stax/stax-api/1.0.1/stax-api-1.0.1.jar:/home/mmllllyyy/.m2/repository/stax/stax/1.2.0/stax-1.2.0.jar:/home/mmllllyyy/.m2/repository/xpp3/xpp3/1.1.3.3/xpp3-1.1.3.3.jar:/home/mmllllyyy/.m2/repository/com/google/code/gson/gson/2.2.4/gson-2.2.4.jar:/home/mmllllyyy/.m2/repository/commons-lang/commons-lang/2.6/commons-lang-2.6.jar:/home/mmllllyyy/.m2/repository/org/xerial/sqlite-jdbc/3.36.0.3/sqlite-jdbc-3.36.0.3.jar:/home/mmllllyyy/.m2/repository/commons-codec/commons-codec/1.11/commons-codec-1.11.jar:/home/mmllllyyy/.m2/repository/junit/junit/4.12/junit-4.12.jar:/home/mmllllyyy/.m2/repository/org/hamcrest/hamcrest-core/1.3/hamcrest-core-1.3.jar:/home/mmllllyyy/.m2/repository/commons-io/commons-io/2.5/commons-io-2.5.jar:/home/mmllllyyy/.m2/repository/commons-jxpath/commons-jxpath/1.3/commons-jxpath-1.3.jar:/home/mmllllyyy/.m2/repository/org/slf4j/slf4j-api/1.7.9/slf4j-api-1.7.9.jar:/home/mmllllyyy/.m2/repository/ch/qos/logback/logback-classic/1.2.1/logback-classic-1.2.1.jar:/home/mmllllyyy/.m2/repository/ch/qos/logback/logback-core/1.2.1/logback-core-1.2.1.jar:/home/mmllllyyy/.m2/repository/commons-beanutils/commons-beanutils/1.9.3/commons-beanutils-1.9.3.jar:/home/mmllllyyy/.m2/repository/commons-logging/commons-logging/1.2/commons-logging-1.2.jar:/home/mmllllyyy/.m2/repository/commons-collections/commons-collections/3.2.2/commons-collections-3.2.2.jar:/home/mmllllyyy/.m2/repository/org/apache/commons/commons-lang3/3.5/commons-lang3-3.5.jar:/home/mmllllyyy/.m2/repository/joda-time/joda-time/2.9.9/joda-time-2.9.9.jar:/home/mmllllyyy/.m2/repository/com/fasterxml/jackson/core/jackson-databind/2.9.6/jackson-databind-2.9.6.jar:/home/mmllllyyy/.m2/repository/com/fasterxml/jackson/core/jackson-annotations/2.9.0/jackson-annotations-2.9.0.jar:/home/mmllllyyy/.m2/repository/com/fasterxml/jackson/core/jackson-core/2.9.6/jackson-core-2.9.6.jar:/home/mmllllyyy/.m2/repository/com/fasterxml/jackson/datatype/jackson-datatype-jsr310/2.9.6/jackson-datatype-jsr310-2.9.6.jar:/home/mmllllyyy/.m2/repository/com/deepoove/poi-tl/1.10.0/poi-tl-1.10.0.jar:/home/mmllllyyy/.m2/repository/org/apache/poi/poi-ooxml/4.1.2/poi-ooxml-4.1.2.jar:/home/mmllllyyy/.m2/repository/org/apache/poi/poi-ooxml-schemas/4.1.2/poi-ooxml-schemas-4.1.2.jar:/home/mmllllyyy/.m2/repository/org/apache/xmlbeans/xmlbeans/3.1.0/xmlbeans-3.1.0.jar:/home/mmllllyyy/.m2/repository/com/github/virtuald/curvesapi/1.06/curvesapi-1.06.jar:/home/mmllllyyy/.m2/repository/org/apache/poi/poi/4.1.2/poi-4.1.2.jar:/home/mmllllyyy/.m2/repository/org/apache/commons/commons-collections4/4.4/commons-collections4-4.4.jar:/home/mmllllyyy/.m2/repository/org/apache/commons/commons-math3/3.6.1/commons-math3-3.6.1.jar:/home/mmllllyyy/.m2/repository/com/zaxxer/SparseBitSet/1.2/SparseBitSet-1.2.jar:/home/mmllllyyy/.m2/repository/com/deepoove/poi-ooxml-schemas-extra/4.1.2/poi-ooxml-schemas-extra-4.1.2.jar:/home/mmllllyyy/.m2/repository/org/apache/xmlgraphics/batik-transcoder/1.14/batik-transcoder-1.14.jar:/home/mmllllyyy/.m2/repository/org/apache/xmlgraphics/batik-anim/1.14/batik-anim-1.14.jar:/home/mmllllyyy/.m2/repository/org/apache/xmlgraphics/batik-css/1.14/batik-css-1.14.jar:/home/mmllllyyy/.m2/repository/org/apache/xmlgraphics/batik-ext/1.14/batik-ext-1.14.jar:/home/mmllllyyy/.m2/repository/org/apache/xmlgraphics/batik-parser/1.14/batik-parser-1.14.jar:/home/mmllllyyy/.m2/repository/org/apache/xmlgraphics/batik-svg-dom/1.14/batik-svg-dom-1.14.jar:/home/mmllllyyy/.m2/repository/org/apache/xmlgraphics/batik-awt-util/1.14/batik-awt-util-1.14.jar:/home/mmllllyyy/.m2/repository/org/apache/xmlgraphics/xmlgraphics-commons/2.6/xmlgraphics-commons-2.6.jar:/home/mmllllyyy/.m2/repository/org/apache/xmlgraphics/batik-bridge/1.14/batik-bridge-1.14.jar:/home/mmllllyyy/.m2/repository/org/apache/xmlgraphics/batik-script/1.14/batik-script-1.14.jar:/home/mmllllyyy/.m2/repository/org/apache/xmlgraphics/batik-dom/1.14/batik-dom-1.14.jar:/home/mmllllyyy/.m2/repository/xalan/xalan/2.7.2/xalan-2.7.2.jar:/home/mmllllyyy/.m2/repository/xalan/serializer/2.7.2/serializer-2.7.2.jar:/home/mmllllyyy/.m2/repository/xml-apis/xml-apis/1.4.01/xml-apis-1.4.01.jar:/home/mmllllyyy/.m2/repository/org/apache/xmlgraphics/batik-gvt/1.14/batik-gvt-1.14.jar:/home/mmllllyyy/.m2/repository/org/apache/xmlgraphics/batik-shared-resources/1.14/batik-shared-resources-1.14.jar:/home/mmllllyyy/.m2/repository/org/apache/xmlgraphics/batik-svggen/1.14/batik-svggen-1.14.jar:/home/mmllllyyy/.m2/repository/org/apache/xmlgraphics/batik-util/1.14/batik-util-1.14.jar:/home/mmllllyyy/.m2/repository/org/apache/xmlgraphics/batik-constants/1.14/batik-constants-1.14.jar:/home/mmllllyyy/.m2/repository/org/apache/xmlgraphics/batik-i18n/1.14/batik-i18n-1.14.jar:/home/mmllllyyy/.m2/repository/org/apache/xmlgraphics/batik-xml/1.14/batik-xml-1.14.jar:/home/mmllllyyy/.m2/repository/xml-apis/xml-apis-ext/1.3.04/xml-apis-ext-1.3.04.jar:/home/mmllllyyy/.m2/repository/org/apache/xmlgraphics/batik-codec/1.14/batik-codec-1.14.jar:/home/mmllllyyy/.m2/repository/org/apache/commons/commons-compress/1.19/commons-compress-1.19.jar:/home/mmllllyyy/.m2/repository/com/alibaba/druid/1.1.21/druid-1.1.21.jar:/home/mmllllyyy/.m2/repository/org/dom4j/dom4j/2.1.3/dom4j-2.1.3.jar:/home/mmllllyyy/.m2/repository/jaxen/jaxen/1.2.0/jaxen-1.2.0.jar:/home/mmllllyyy/.m2/repository/javax/xml/bind/jaxb-api/2.3.0/jaxb-api-2.3.0.jar:/home/mmllllyyy/.m2/repository/com/sun/xml/bind/jaxb-impl/2.3.0/jaxb-impl-2.3.0.jar:/home/mmllllyyy/.m2/repository/com/sun/xml/bind/jaxb-core/2.3.0/jaxb-core-2.3.0.jar:/home/mmllllyyy/.m2/repository/javax/activation/activation/1.1.1/activation-1.1.1.jar:
2023-08-13 10:01:25.145 [main] DEBUG cn.com.chiner.java.Application - sun.cpu.endian = little
2023-08-13 10:01:25.145 [main] DEBUG cn.com.chiner.java.Application - user.home = /home/mmllllyyy
2023-08-13 10:01:25.145 [main] DEBUG cn.com.chiner.java.Application - user.language = en
2023-08-13 10:01:25.145 [main] DEBUG cn.com.chiner.java.Application - java.specification.vendor = Oracle Corporation
2023-08-13 10:01:25.145 [main] DEBUG cn.com.chiner.java.Application - java.version.date = 2023-07-18
2023-08-13 10:01:25.145 [main] DEBUG cn.com.chiner.java.Application - java.home = /usr/lib/jvm/jdk-17.0.8
2023-08-13 10:01:25.145 [main] DEBUG cn.com.chiner.java.Application - file.separator = /
2023-08-13 10:01:25.145 [main] DEBUG cn.com.chiner.java.Application - basedir = /home/mmllllyyy/chiner-java
2023-08-13 10:01:25.145 [main] DEBUG cn.com.chiner.java.Application - java.vm.compressedOopsMode = Zero based
2023-08-13 10:01:25.145 [main] DEBUG cn.com.chiner.java.Application - line.separator = 

2023-08-13 10:01:25.145 [main] DEBUG cn.com.chiner.java.Application - java.specification.name = Java Platform API Specification
2023-08-13 10:01:25.145 [main] DEBUG cn.com.chiner.java.Application - java.vm.specification.vendor = Oracle Corporation
2023-08-13 10:01:25.145 [main] DEBUG cn.com.chiner.java.Application - surefire.real.class.path = /home/mmllllyyy/chiner-java/target/surefire/surefirebooter-20230813100123384_3.jar
2023-08-13 10:01:25.145 [main] DEBUG cn.com.chiner.java.Application - sun.management.compiler = HotSpot 64-Bit Tiered Compilers
2023-08-13 10:01:25.145 [main] DEBUG cn.com.chiner.java.Application - java.runtime.version = 17.0.8+9-LTS-211
2023-08-13 10:01:25.145 [main] DEBUG cn.com.chiner.java.Application - user.name = mmllllyyy
2023-08-13 10:01:25.145 [main] DEBUG cn.com.chiner.java.Application - path.separator = :
2023-08-13 10:01:25.145 [main] DEBUG cn.com.chiner.java.Application - os.version = 5.15.90.1-microsoft-standard-WSL2
2023-08-13 10:01:25.145 [main] DEBUG cn.com.chiner.java.Application - java.runtime.name = Java(TM) SE Runtime Environment
2023-08-13 10:01:25.145 [main] DEBUG cn.com.chiner.java.Application - file.encoding = UTF-8
2023-08-13 10:01:25.145 [main] DEBUG cn.com.chiner.java.Application - java.vm.name = Java HotSpot(TM) 64-Bit Server VM
2023-08-13 10:01:25.145 [main] DEBUG cn.com.chiner.java.Application - localRepository = /home/mmllllyyy/.m2/repository
2023-08-13 10:01:25.145 [main] DEBUG cn.com.chiner.java.Application - java.vendor.url.bug = https://bugreport.java.com/bugreport/
2023-08-13 10:01:25.145 [main] DEBUG cn.com.chiner.java.Application - java.io.tmpdir = /tmp
2023-08-13 10:01:25.145 [main] DEBUG cn.com.chiner.java.Application - java.version = 17.0.8
2023-08-13 10:01:25.145 [main] DEBUG cn.com.chiner.java.Application - user.dir = /home/mmllllyyy/chiner-java
2023-08-13 10:01:25.145 [main] DEBUG cn.com.chiner.java.Application - os.arch = amd64
2023-08-13 10:01:25.145 [main] DEBUG cn.com.chiner.java.Application - java.vm.specification.name = Java Virtual Machine Specification
2023-08-13 10:01:25.145 [main] DEBUG cn.com.chiner.java.Application - native.encoding = UTF-8
2023-08-13 10:01:25.145 [main] DEBUG cn.com.chiner.java.Application - java.library.path = /usr/java/packages/lib:/usr/lib64:/lib64:/lib:/usr/lib
2023-08-13 10:01:25.145 [main] DEBUG cn.com.chiner.java.Application - java.vm.info = mixed mode, sharing
2023-08-13 10:01:25.145 [main] DEBUG cn.com.chiner.java.Application - java.vendor = Oracle Corporation
2023-08-13 10:01:25.145 [main] DEBUG cn.com.chiner.java.Application - java.vm.version = 17.0.8+9-LTS-211
2023-08-13 10:01:25.145 [main] DEBUG cn.com.chiner.java.Application - sun.io.unicode.encoding = UnicodeLittle
2023-08-13 10:01:25.145 [main] DEBUG cn.com.chiner.java.Application - java.class.version = 61.0
2023-08-13 10:01:25.145 [main] DEBUG cn.com.chiner.java.Application - Heap-Max:3976MB
2023-08-13 10:01:25.145 [main] DEBUG cn.com.chiner.java.Application - Heap-Init:250MB
2023-08-13 10:01:25.145 [main] DEBUG cn.com.chiner.java.Application - Heap-Committed:68MB
2023-08-13 10:01:25.145 [main] DEBUG cn.com.chiner.java.Application - Heap-Used:27MB
2023-08-13 10:01:25.145 [main] DEBUG cn.com.chiner.java.Application - init = 262144000(256000K) used = 28801896(28126K) committed = 71303168(69632K) max = 4169138176(4071424K)
2023-08-13 10:01:25.145 [main] DEBUG cn.com.chiner.java.Application - NoHeap-Max:0MB
2023-08-13 10:01:25.145 [main] DEBUG cn.com.chiner.java.Application - NoHeap-Init:7MB
2023-08-13 10:01:25.145 [main] DEBUG cn.com.chiner.java.Application - NoHeap-Committed:38MB
2023-08-13 10:01:25.145 [main] DEBUG cn.com.chiner.java.Application - NoHeap-Used:36MB
2023-08-13 10:01:25.145 [main] INFO  cn.com.chiner.java.Application - ----------------------------------------------------------------------------------------
2023-08-13 10:01:25.559 [main] INFO  cn.com.chiner.java.Application - {
  "status" : "SUCCESS",
  "body" : "连接成功",
  "properties" : { }
}
2023-08-13 10:01:25.559 [main] ERROR cn.com.chiner.java.Application - 写结果文件出错
java.io.IOException: No such file or directory
	at java.base/java.io.UnixFileSystem.createFileExclusively(Native Method)
	at java.base/java.io.File.createNewFile(File.java:1043)
	at cn.fisok.raw.kit.FileKit.touchFile(FileKit.java:107)
	at cn.com.chiner.java.Application.sendTextOut(Application.java:135)
	at cn.com.chiner.java.Application.main(Application.java:205)
	at cn.com.chiner.dbtype.OracleTest.pingDriverLoadTest(OracleTest.java:37)
	at java.base/jdk.internal.reflect.NativeMethodAccessorImpl.invoke0(Native Method)
	at java.base/jdk.internal.reflect.NativeMethodAccessorImpl.invoke(NativeMethodAccessorImpl.java:77)
	at java.base/jdk.internal.reflect.DelegatingMethodAccessorImpl.invoke(DelegatingMethodAccessorImpl.java:43)
	at java.base/java.lang.reflect.Method.invoke(Method.java:568)
	at org.junit.runners.model.FrameworkMethod$1.runReflectiveCall(FrameworkMethod.java:50)
	at org.junit.internal.runners.model.ReflectiveCallable.run(ReflectiveCallable.java:12)
	at org.junit.runners.model.FrameworkMethod.invokeExplosively(FrameworkMethod.java:47)
	at org.junit.internal.runners.statements.InvokeMethod.evaluate(InvokeMethod.java:17)
	at org.junit.runners.ParentRunner.runLeaf(ParentRunner.java:325)
	at org.junit.runners.BlockJUnit4ClassRunner.runChild(BlockJUnit4ClassRunner.java:78)
	at org.junit.runners.BlockJUnit4ClassRunner.runChild(BlockJUnit4ClassRunner.java:57)
	at org.junit.runners.ParentRunner$3.run(ParentRunner.java:290)
	at org.junit.runners.ParentRunner$1.schedule(ParentRunner.java:71)
	at org.junit.runners.ParentRunner.runChildren(ParentRunner.java:288)
	at org.junit.runners.ParentRunner.access$000(ParentRunner.java:58)
	at org.junit.runners.ParentRunner$2.evaluate(ParentRunner.java:268)
	at org.junit.runners.ParentRunner.run(ParentRunner.java:363)
	at org.apache.maven.surefire.junit4.JUnit4Provider.execute(JUnit4Provider.java:316)
	at org.apache.maven.surefire.junit4.JUnit4Provider.executeWithRerun(JUnit4Provider.java:240)
	at org.apache.maven.surefire.junit4.JUnit4Provider.executeTestSet(JUnit4Provider.java:214)
	at org.apache.maven.surefire.junit4.JUnit4Provider.invoke(JUnit4Provider.java:155)
	at org.apache.maven.surefire.booter.ForkedBooter.runSuitesInProcess(ForkedBooter.java:385)
	at org.apache.maven.surefire.booter.ForkedBooter.execute(ForkedBooter.java:162)
	at org.apache.maven.surefire.booter.ForkedBooter.run(ForkedBooter.java:507)
	at org.apache.maven.surefire.booter.ForkedBooter.main(ForkedBooter.java:495)
]]></system-out>
  </testcase>
  <testcase name="listTableTest" classname="cn.com.chiner.dbtype.OracleTest" time="3.591">
    <system-out><![CDATA[2023-08-13 10:01:25.560 [main] INFO  cn.com.chiner.java.Application - ------------------------------------>>>[执行命令]<<<-------------------------------------
2023-08-13 10:01:25.560 [main] INFO  cn.com.chiner.java.Application - DBReverseGetAllTablesList driver_class_name=oracle.jdbc.driver.OracleDriver url=jdbc:oracle:thin:@g5.mtain.top:30003:ORCL username=UCREDIT password=pNhpE8hn out=/Users/asher/workspace/ws-vekai/siner-java/src/test/resources/out/dbrgatl-3423856629654.json
2023-08-13 10:01:25.560 [main] DEBUG cn.com.chiner.java.Application - java.specification.version = 17
2023-08-13 10:01:25.560 [main] DEBUG cn.com.chiner.java.Application - sun.jnu.encoding = UTF-8
2023-08-13 10:01:25.560 [main] DEBUG cn.com.chiner.java.Application - java.class.path = /home/mmllllyyy/chiner-java/target/test-classes:/home/mmllllyyy/chiner-java/target/classes:/home/mmllllyyy/.m2/repository/com/h2database/h2/1.3.176/h2-1.3.176.jar:/home/mmllllyyy/.m2/repository/mysql/mysql-connector-java/8.0.26/mysql-connector-java-8.0.26.jar:/home/mmllllyyy/.m2/repository/com/google/protobuf/protobuf-java/3.11.4/protobuf-java-3.11.4.jar:/home/mmllllyyy/.m2/repository/com/oracle/database/jdbc/ojdbc8/21.3.0.0/ojdbc8-21.3.0.0.jar:/home/mmllllyyy/.m2/repository/cn/easyproject/orai18n/12.1.0.2.0/orai18n-12.1.0.2.0.jar:/home/mmllllyyy/.m2/repository/com/microsoft/sqlserver/mssql-jdbc/6.2.2.jre8/mssql-jdbc-6.2.2.jre8.jar:/home/mmllllyyy/.m2/repository/org/postgresql/postgresql/42.2.23/postgresql-42.2.23.jar:/home/mmllllyyy/.m2/repository/org/checkerframework/checker-qual/3.5.0/checker-qual-3.5.0.jar:/home/mmllllyyy/.m2/repository/com/ibm/db2/jcc/11.5.5.0/jcc-11.5.5.0.jar:/home/mmllllyyy/.m2/repository/com/dameng/DmJdbcDriver18/8.1.1.193/DmJdbcDriver18-8.1.1.193.jar:/home/mmllllyyy/chiner-java/jdbc/gbasedbtjdbc_3.3.0.jar:/home/mmllllyyy/chiner-java/jdbc/kingbase8-8.6.0.jar:/home/mmllllyyy/.m2/repository/com/aliyun/odps/odps-jdbc/3.2.9/odps-jdbc-3.2.9.jar:/home/mmllllyyy/.m2/repository/com/aliyun/odps/odps-sdk-core/0.36.4-public/odps-sdk-core-0.36.4-public-shaded.jar:/home/mmllllyyy/.m2/repository/com/aliyun/odps/odps-sdk-commons/0.36.4-public/odps-sdk-commons-0.36.4-public.jar:/home/mmllllyyy/.m2/repository/org/aspectj/aspectjrt/1.8.9/aspectjrt-1.8.9.jar:/home/mmllllyyy/.m2/repository/org/codehaus/jackson/jackson-mapper-asl/1.9.13/jackson-mapper-asl-1.9.13.jar:/home/mmllllyyy/.m2/repository/org/codehaus/jackson/jackson-core-asl/1.9.13/jackson-core-asl-1.9.13.jar:/home/mmllllyyy/.m2/repository/com/google/guava/guava/15.0/guava-15.0.jar:/home/mmllllyyy/.m2/repository/net/sourceforge/javacsv/javacsv/2.0/javacsv-2.0.jar:/home/mmllllyyy/.m2/repository/org/xerial/snappy/snappy-java/1.1.1.6/snappy-java-1.1.1.6.jar:/home/mmllllyyy/.m2/repository/javax/mail/mail/1.4.7/mail-1.4.7.jar:/home/mmllllyyy/.m2/repository/stax/stax-api/1.0.1/stax-api-1.0.1.jar:/home/mmllllyyy/.m2/repository/stax/stax/1.2.0/stax-1.2.0.jar:/home/mmllllyyy/.m2/repository/xpp3/xpp3/1.1.3.3/xpp3-1.1.3.3.jar:/home/mmllllyyy/.m2/repository/com/google/code/gson/gson/2.2.4/gson-2.2.4.jar:/home/mmllllyyy/.m2/repository/commons-lang/commons-lang/2.6/commons-lang-2.6.jar:/home/mmllllyyy/.m2/repository/org/xerial/sqlite-jdbc/3.36.0.3/sqlite-jdbc-3.36.0.3.jar:/home/mmllllyyy/.m2/repository/commons-codec/commons-codec/1.11/commons-codec-1.11.jar:/home/mmllllyyy/.m2/repository/junit/junit/4.12/junit-4.12.jar:/home/mmllllyyy/.m2/repository/org/hamcrest/hamcrest-core/1.3/hamcrest-core-1.3.jar:/home/mmllllyyy/.m2/repository/commons-io/commons-io/2.5/commons-io-2.5.jar:/home/mmllllyyy/.m2/repository/commons-jxpath/commons-jxpath/1.3/commons-jxpath-1.3.jar:/home/mmllllyyy/.m2/repository/org/slf4j/slf4j-api/1.7.9/slf4j-api-1.7.9.jar:/home/mmllllyyy/.m2/repository/ch/qos/logback/logback-classic/1.2.1/logback-classic-1.2.1.jar:/home/mmllllyyy/.m2/repository/ch/qos/logback/logback-core/1.2.1/logback-core-1.2.1.jar:/home/mmllllyyy/.m2/repository/commons-beanutils/commons-beanutils/1.9.3/commons-beanutils-1.9.3.jar:/home/mmllllyyy/.m2/repository/commons-logging/commons-logging/1.2/commons-logging-1.2.jar:/home/mmllllyyy/.m2/repository/commons-collections/commons-collections/3.2.2/commons-collections-3.2.2.jar:/home/mmllllyyy/.m2/repository/org/apache/commons/commons-lang3/3.5/commons-lang3-3.5.jar:/home/mmllllyyy/.m2/repository/joda-time/joda-time/2.9.9/joda-time-2.9.9.jar:/home/mmllllyyy/.m2/repository/com/fasterxml/jackson/core/jackson-databind/2.9.6/jackson-databind-2.9.6.jar:/home/mmllllyyy/.m2/repository/com/fasterxml/jackson/core/jackson-annotations/2.9.0/jackson-annotations-2.9.0.jar:/home/mmllllyyy/.m2/repository/com/fasterxml/jackson/core/jackson-core/2.9.6/jackson-core-2.9.6.jar:/home/mmllllyyy/.m2/repository/com/fasterxml/jackson/datatype/jackson-datatype-jsr310/2.9.6/jackson-datatype-jsr310-2.9.6.jar:/home/mmllllyyy/.m2/repository/com/deepoove/poi-tl/1.10.0/poi-tl-1.10.0.jar:/home/mmllllyyy/.m2/repository/org/apache/poi/poi-ooxml/4.1.2/poi-ooxml-4.1.2.jar:/home/mmllllyyy/.m2/repository/org/apache/poi/poi-ooxml-schemas/4.1.2/poi-ooxml-schemas-4.1.2.jar:/home/mmllllyyy/.m2/repository/org/apache/xmlbeans/xmlbeans/3.1.0/xmlbeans-3.1.0.jar:/home/mmllllyyy/.m2/repository/com/github/virtuald/curvesapi/1.06/curvesapi-1.06.jar:/home/mmllllyyy/.m2/repository/org/apache/poi/poi/4.1.2/poi-4.1.2.jar:/home/mmllllyyy/.m2/repository/org/apache/commons/commons-collections4/4.4/commons-collections4-4.4.jar:/home/mmllllyyy/.m2/repository/org/apache/commons/commons-math3/3.6.1/commons-math3-3.6.1.jar:/home/mmllllyyy/.m2/repository/com/zaxxer/SparseBitSet/1.2/SparseBitSet-1.2.jar:/home/mmllllyyy/.m2/repository/com/deepoove/poi-ooxml-schemas-extra/4.1.2/poi-ooxml-schemas-extra-4.1.2.jar:/home/mmllllyyy/.m2/repository/org/apache/xmlgraphics/batik-transcoder/1.14/batik-transcoder-1.14.jar:/home/mmllllyyy/.m2/repository/org/apache/xmlgraphics/batik-anim/1.14/batik-anim-1.14.jar:/home/mmllllyyy/.m2/repository/org/apache/xmlgraphics/batik-css/1.14/batik-css-1.14.jar:/home/mmllllyyy/.m2/repository/org/apache/xmlgraphics/batik-ext/1.14/batik-ext-1.14.jar:/home/mmllllyyy/.m2/repository/org/apache/xmlgraphics/batik-parser/1.14/batik-parser-1.14.jar:/home/mmllllyyy/.m2/repository/org/apache/xmlgraphics/batik-svg-dom/1.14/batik-svg-dom-1.14.jar:/home/mmllllyyy/.m2/repository/org/apache/xmlgraphics/batik-awt-util/1.14/batik-awt-util-1.14.jar:/home/mmllllyyy/.m2/repository/org/apache/xmlgraphics/xmlgraphics-commons/2.6/xmlgraphics-commons-2.6.jar:/home/mmllllyyy/.m2/repository/org/apache/xmlgraphics/batik-bridge/1.14/batik-bridge-1.14.jar:/home/mmllllyyy/.m2/repository/org/apache/xmlgraphics/batik-script/1.14/batik-script-1.14.jar:/home/mmllllyyy/.m2/repository/org/apache/xmlgraphics/batik-dom/1.14/batik-dom-1.14.jar:/home/mmllllyyy/.m2/repository/xalan/xalan/2.7.2/xalan-2.7.2.jar:/home/mmllllyyy/.m2/repository/xalan/serializer/2.7.2/serializer-2.7.2.jar:/home/mmllllyyy/.m2/repository/xml-apis/xml-apis/1.4.01/xml-apis-1.4.01.jar:/home/mmllllyyy/.m2/repository/org/apache/xmlgraphics/batik-gvt/1.14/batik-gvt-1.14.jar:/home/mmllllyyy/.m2/repository/org/apache/xmlgraphics/batik-shared-resources/1.14/batik-shared-resources-1.14.jar:/home/mmllllyyy/.m2/repository/org/apache/xmlgraphics/batik-svggen/1.14/batik-svggen-1.14.jar:/home/mmllllyyy/.m2/repository/org/apache/xmlgraphics/batik-util/1.14/batik-util-1.14.jar:/home/mmllllyyy/.m2/repository/org/apache/xmlgraphics/batik-constants/1.14/batik-constants-1.14.jar:/home/mmllllyyy/.m2/repository/org/apache/xmlgraphics/batik-i18n/1.14/batik-i18n-1.14.jar:/home/mmllllyyy/.m2/repository/org/apache/xmlgraphics/batik-xml/1.14/batik-xml-1.14.jar:/home/mmllllyyy/.m2/repository/xml-apis/xml-apis-ext/1.3.04/xml-apis-ext-1.3.04.jar:/home/mmllllyyy/.m2/repository/org/apache/xmlgraphics/batik-codec/1.14/batik-codec-1.14.jar:/home/mmllllyyy/.m2/repository/org/apache/commons/commons-compress/1.19/commons-compress-1.19.jar:/home/mmllllyyy/.m2/repository/com/alibaba/druid/1.1.21/druid-1.1.21.jar:/home/mmllllyyy/.m2/repository/org/dom4j/dom4j/2.1.3/dom4j-2.1.3.jar:/home/mmllllyyy/.m2/repository/jaxen/jaxen/1.2.0/jaxen-1.2.0.jar:/home/mmllllyyy/.m2/repository/javax/xml/bind/jaxb-api/2.3.0/jaxb-api-2.3.0.jar:/home/mmllllyyy/.m2/repository/com/sun/xml/bind/jaxb-impl/2.3.0/jaxb-impl-2.3.0.jar:/home/mmllllyyy/.m2/repository/com/sun/xml/bind/jaxb-core/2.3.0/jaxb-core-2.3.0.jar:/home/mmllllyyy/.m2/repository/javax/activation/activation/1.1.1/activation-1.1.1.jar:
2023-08-13 10:01:25.560 [main] DEBUG cn.com.chiner.java.Application - java.vm.vendor = Oracle Corporation
2023-08-13 10:01:25.560 [main] DEBUG cn.com.chiner.java.Application - sun.arch.data.model = 64
2023-08-13 10:01:25.560 [main] DEBUG cn.com.chiner.java.Application - java.vendor.url = https://java.oracle.com/
2023-08-13 10:01:25.560 [main] DEBUG cn.com.chiner.java.Application - user.timezone = Asia/Shanghai
2023-08-13 10:01:25.560 [main] DEBUG cn.com.chiner.java.Application - java.vm.specification.version = 17
2023-08-13 10:01:25.560 [main] DEBUG cn.com.chiner.java.Application - os.name = Linux
2023-08-13 10:01:25.560 [main] DEBUG cn.com.chiner.java.Application - sun.java.launcher = SUN_STANDARD
2023-08-13 10:01:25.560 [main] DEBUG cn.com.chiner.java.Application - sun.boot.library.path = /usr/lib/jvm/jdk-17.0.8/lib
2023-08-13 10:01:25.560 [main] DEBUG cn.com.chiner.java.Application - sun.java.command = /home/mmllllyyy/chiner-java/target/surefire/surefirebooter-20230813100123384_3.jar /home/mmllllyyy/chiner-java/target/surefire 2023-08-13T10-01-23_333-jvmRun1 surefire-20230813100123384_1tmp surefire_0-20230813100123384_2tmp
2023-08-13 10:01:25.560 [main] DEBUG cn.com.chiner.java.Application - jdk.debug = release
2023-08-13 10:01:25.560 [main] DEBUG cn.com.chiner.java.Application - surefire.test.class.path = /home/mmllllyyy/chiner-java/target/test-classes:/home/mmllllyyy/chiner-java/target/classes:/home/mmllllyyy/.m2/repository/com/h2database/h2/1.3.176/h2-1.3.176.jar:/home/mmllllyyy/.m2/repository/mysql/mysql-connector-java/8.0.26/mysql-connector-java-8.0.26.jar:/home/mmllllyyy/.m2/repository/com/google/protobuf/protobuf-java/3.11.4/protobuf-java-3.11.4.jar:/home/mmllllyyy/.m2/repository/com/oracle/database/jdbc/ojdbc8/21.3.0.0/ojdbc8-21.3.0.0.jar:/home/mmllllyyy/.m2/repository/cn/easyproject/orai18n/12.1.0.2.0/orai18n-12.1.0.2.0.jar:/home/mmllllyyy/.m2/repository/com/microsoft/sqlserver/mssql-jdbc/6.2.2.jre8/mssql-jdbc-6.2.2.jre8.jar:/home/mmllllyyy/.m2/repository/org/postgresql/postgresql/42.2.23/postgresql-42.2.23.jar:/home/mmllllyyy/.m2/repository/org/checkerframework/checker-qual/3.5.0/checker-qual-3.5.0.jar:/home/mmllllyyy/.m2/repository/com/ibm/db2/jcc/11.5.5.0/jcc-11.5.5.0.jar:/home/mmllllyyy/.m2/repository/com/dameng/DmJdbcDriver18/8.1.1.193/DmJdbcDriver18-8.1.1.193.jar:/home/mmllllyyy/chiner-java/jdbc/gbasedbtjdbc_3.3.0.jar:/home/mmllllyyy/chiner-java/jdbc/kingbase8-8.6.0.jar:/home/mmllllyyy/.m2/repository/com/aliyun/odps/odps-jdbc/3.2.9/odps-jdbc-3.2.9.jar:/home/mmllllyyy/.m2/repository/com/aliyun/odps/odps-sdk-core/0.36.4-public/odps-sdk-core-0.36.4-public-shaded.jar:/home/mmllllyyy/.m2/repository/com/aliyun/odps/odps-sdk-commons/0.36.4-public/odps-sdk-commons-0.36.4-public.jar:/home/mmllllyyy/.m2/repository/org/aspectj/aspectjrt/1.8.9/aspectjrt-1.8.9.jar:/home/mmllllyyy/.m2/repository/org/codehaus/jackson/jackson-mapper-asl/1.9.13/jackson-mapper-asl-1.9.13.jar:/home/mmllllyyy/.m2/repository/org/codehaus/jackson/jackson-core-asl/1.9.13/jackson-core-asl-1.9.13.jar:/home/mmllllyyy/.m2/repository/com/google/guava/guava/15.0/guava-15.0.jar:/home/mmllllyyy/.m2/repository/net/sourceforge/javacsv/javacsv/2.0/javacsv-2.0.jar:/home/mmllllyyy/.m2/repository/org/xerial/snappy/snappy-java/1.1.1.6/snappy-java-1.1.1.6.jar:/home/mmllllyyy/.m2/repository/javax/mail/mail/1.4.7/mail-1.4.7.jar:/home/mmllllyyy/.m2/repository/stax/stax-api/1.0.1/stax-api-1.0.1.jar:/home/mmllllyyy/.m2/repository/stax/stax/1.2.0/stax-1.2.0.jar:/home/mmllllyyy/.m2/repository/xpp3/xpp3/1.1.3.3/xpp3-1.1.3.3.jar:/home/mmllllyyy/.m2/repository/com/google/code/gson/gson/2.2.4/gson-2.2.4.jar:/home/mmllllyyy/.m2/repository/commons-lang/commons-lang/2.6/commons-lang-2.6.jar:/home/mmllllyyy/.m2/repository/org/xerial/sqlite-jdbc/3.36.0.3/sqlite-jdbc-3.36.0.3.jar:/home/mmllllyyy/.m2/repository/commons-codec/commons-codec/1.11/commons-codec-1.11.jar:/home/mmllllyyy/.m2/repository/junit/junit/4.12/junit-4.12.jar:/home/mmllllyyy/.m2/repository/org/hamcrest/hamcrest-core/1.3/hamcrest-core-1.3.jar:/home/mmllllyyy/.m2/repository/commons-io/commons-io/2.5/commons-io-2.5.jar:/home/mmllllyyy/.m2/repository/commons-jxpath/commons-jxpath/1.3/commons-jxpath-1.3.jar:/home/mmllllyyy/.m2/repository/org/slf4j/slf4j-api/1.7.9/slf4j-api-1.7.9.jar:/home/mmllllyyy/.m2/repository/ch/qos/logback/logback-classic/1.2.1/logback-classic-1.2.1.jar:/home/mmllllyyy/.m2/repository/ch/qos/logback/logback-core/1.2.1/logback-core-1.2.1.jar:/home/mmllllyyy/.m2/repository/commons-beanutils/commons-beanutils/1.9.3/commons-beanutils-1.9.3.jar:/home/mmllllyyy/.m2/repository/commons-logging/commons-logging/1.2/commons-logging-1.2.jar:/home/mmllllyyy/.m2/repository/commons-collections/commons-collections/3.2.2/commons-collections-3.2.2.jar:/home/mmllllyyy/.m2/repository/org/apache/commons/commons-lang3/3.5/commons-lang3-3.5.jar:/home/mmllllyyy/.m2/repository/joda-time/joda-time/2.9.9/joda-time-2.9.9.jar:/home/mmllllyyy/.m2/repository/com/fasterxml/jackson/core/jackson-databind/2.9.6/jackson-databind-2.9.6.jar:/home/mmllllyyy/.m2/repository/com/fasterxml/jackson/core/jackson-annotations/2.9.0/jackson-annotations-2.9.0.jar:/home/mmllllyyy/.m2/repository/com/fasterxml/jackson/core/jackson-core/2.9.6/jackson-core-2.9.6.jar:/home/mmllllyyy/.m2/repository/com/fasterxml/jackson/datatype/jackson-datatype-jsr310/2.9.6/jackson-datatype-jsr310-2.9.6.jar:/home/mmllllyyy/.m2/repository/com/deepoove/poi-tl/1.10.0/poi-tl-1.10.0.jar:/home/mmllllyyy/.m2/repository/org/apache/poi/poi-ooxml/4.1.2/poi-ooxml-4.1.2.jar:/home/mmllllyyy/.m2/repository/org/apache/poi/poi-ooxml-schemas/4.1.2/poi-ooxml-schemas-4.1.2.jar:/home/mmllllyyy/.m2/repository/org/apache/xmlbeans/xmlbeans/3.1.0/xmlbeans-3.1.0.jar:/home/mmllllyyy/.m2/repository/com/github/virtuald/curvesapi/1.06/curvesapi-1.06.jar:/home/mmllllyyy/.m2/repository/org/apache/poi/poi/4.1.2/poi-4.1.2.jar:/home/mmllllyyy/.m2/repository/org/apache/commons/commons-collections4/4.4/commons-collections4-4.4.jar:/home/mmllllyyy/.m2/repository/org/apache/commons/commons-math3/3.6.1/commons-math3-3.6.1.jar:/home/mmllllyyy/.m2/repository/com/zaxxer/SparseBitSet/1.2/SparseBitSet-1.2.jar:/home/mmllllyyy/.m2/repository/com/deepoove/poi-ooxml-schemas-extra/4.1.2/poi-ooxml-schemas-extra-4.1.2.jar:/home/mmllllyyy/.m2/repository/org/apache/xmlgraphics/batik-transcoder/1.14/batik-transcoder-1.14.jar:/home/mmllllyyy/.m2/repository/org/apache/xmlgraphics/batik-anim/1.14/batik-anim-1.14.jar:/home/mmllllyyy/.m2/repository/org/apache/xmlgraphics/batik-css/1.14/batik-css-1.14.jar:/home/mmllllyyy/.m2/repository/org/apache/xmlgraphics/batik-ext/1.14/batik-ext-1.14.jar:/home/mmllllyyy/.m2/repository/org/apache/xmlgraphics/batik-parser/1.14/batik-parser-1.14.jar:/home/mmllllyyy/.m2/repository/org/apache/xmlgraphics/batik-svg-dom/1.14/batik-svg-dom-1.14.jar:/home/mmllllyyy/.m2/repository/org/apache/xmlgraphics/batik-awt-util/1.14/batik-awt-util-1.14.jar:/home/mmllllyyy/.m2/repository/org/apache/xmlgraphics/xmlgraphics-commons/2.6/xmlgraphics-commons-2.6.jar:/home/mmllllyyy/.m2/repository/org/apache/xmlgraphics/batik-bridge/1.14/batik-bridge-1.14.jar:/home/mmllllyyy/.m2/repository/org/apache/xmlgraphics/batik-script/1.14/batik-script-1.14.jar:/home/mmllllyyy/.m2/repository/org/apache/xmlgraphics/batik-dom/1.14/batik-dom-1.14.jar:/home/mmllllyyy/.m2/repository/xalan/xalan/2.7.2/xalan-2.7.2.jar:/home/mmllllyyy/.m2/repository/xalan/serializer/2.7.2/serializer-2.7.2.jar:/home/mmllllyyy/.m2/repository/xml-apis/xml-apis/1.4.01/xml-apis-1.4.01.jar:/home/mmllllyyy/.m2/repository/org/apache/xmlgraphics/batik-gvt/1.14/batik-gvt-1.14.jar:/home/mmllllyyy/.m2/repository/org/apache/xmlgraphics/batik-shared-resources/1.14/batik-shared-resources-1.14.jar:/home/mmllllyyy/.m2/repository/org/apache/xmlgraphics/batik-svggen/1.14/batik-svggen-1.14.jar:/home/mmllllyyy/.m2/repository/org/apache/xmlgraphics/batik-util/1.14/batik-util-1.14.jar:/home/mmllllyyy/.m2/repository/org/apache/xmlgraphics/batik-constants/1.14/batik-constants-1.14.jar:/home/mmllllyyy/.m2/repository/org/apache/xmlgraphics/batik-i18n/1.14/batik-i18n-1.14.jar:/home/mmllllyyy/.m2/repository/org/apache/xmlgraphics/batik-xml/1.14/batik-xml-1.14.jar:/home/mmllllyyy/.m2/repository/xml-apis/xml-apis-ext/1.3.04/xml-apis-ext-1.3.04.jar:/home/mmllllyyy/.m2/repository/org/apache/xmlgraphics/batik-codec/1.14/batik-codec-1.14.jar:/home/mmllllyyy/.m2/repository/org/apache/commons/commons-compress/1.19/commons-compress-1.19.jar:/home/mmllllyyy/.m2/repository/com/alibaba/druid/1.1.21/druid-1.1.21.jar:/home/mmllllyyy/.m2/repository/org/dom4j/dom4j/2.1.3/dom4j-2.1.3.jar:/home/mmllllyyy/.m2/repository/jaxen/jaxen/1.2.0/jaxen-1.2.0.jar:/home/mmllllyyy/.m2/repository/javax/xml/bind/jaxb-api/2.3.0/jaxb-api-2.3.0.jar:/home/mmllllyyy/.m2/repository/com/sun/xml/bind/jaxb-impl/2.3.0/jaxb-impl-2.3.0.jar:/home/mmllllyyy/.m2/repository/com/sun/xml/bind/jaxb-core/2.3.0/jaxb-core-2.3.0.jar:/home/mmllllyyy/.m2/repository/javax/activation/activation/1.1.1/activation-1.1.1.jar:
2023-08-13 10:01:25.560 [main] DEBUG cn.com.chiner.java.Application - sun.cpu.endian = little
2023-08-13 10:01:25.560 [main] DEBUG cn.com.chiner.java.Application - user.home = /home/mmllllyyy
2023-08-13 10:01:25.560 [main] DEBUG cn.com.chiner.java.Application - user.language = en
2023-08-13 10:01:25.560 [main] DEBUG cn.com.chiner.java.Application - java.specification.vendor = Oracle Corporation
2023-08-13 10:01:25.560 [main] DEBUG cn.com.chiner.java.Application - java.version.date = 2023-07-18
2023-08-13 10:01:25.560 [main] DEBUG cn.com.chiner.java.Application - java.home = /usr/lib/jvm/jdk-17.0.8
2023-08-13 10:01:25.560 [main] DEBUG cn.com.chiner.java.Application - file.separator = /
2023-08-13 10:01:25.560 [main] DEBUG cn.com.chiner.java.Application - basedir = /home/mmllllyyy/chiner-java
2023-08-13 10:01:25.560 [main] DEBUG cn.com.chiner.java.Application - java.vm.compressedOopsMode = Zero based
2023-08-13 10:01:25.560 [main] DEBUG cn.com.chiner.java.Application - line.separator = 

2023-08-13 10:01:25.560 [main] DEBUG cn.com.chiner.java.Application - java.specification.name = Java Platform API Specification
2023-08-13 10:01:25.560 [main] DEBUG cn.com.chiner.java.Application - java.vm.specification.vendor = Oracle Corporation
2023-08-13 10:01:25.560 [main] DEBUG cn.com.chiner.java.Application - surefire.real.class.path = /home/mmllllyyy/chiner-java/target/surefire/surefirebooter-20230813100123384_3.jar
2023-08-13 10:01:25.560 [main] DEBUG cn.com.chiner.java.Application - sun.management.compiler = HotSpot 64-Bit Tiered Compilers
2023-08-13 10:01:25.560 [main] DEBUG cn.com.chiner.java.Application - java.runtime.version = 17.0.8+9-LTS-211
2023-08-13 10:01:25.560 [main] DEBUG cn.com.chiner.java.Application - user.name = mmllllyyy
2023-08-13 10:01:25.560 [main] DEBUG cn.com.chiner.java.Application - path.separator = :
2023-08-13 10:01:25.560 [main] DEBUG cn.com.chiner.java.Application - os.version = 5.15.90.1-microsoft-standard-WSL2
2023-08-13 10:01:25.560 [main] DEBUG cn.com.chiner.java.Application - java.runtime.name = Java(TM) SE Runtime Environment
2023-08-13 10:01:25.560 [main] DEBUG cn.com.chiner.java.Application - file.encoding = UTF-8
2023-08-13 10:01:25.560 [main] DEBUG cn.com.chiner.java.Application - java.vm.name = Java HotSpot(TM) 64-Bit Server VM
2023-08-13 10:01:25.560 [main] DEBUG cn.com.chiner.java.Application - localRepository = /home/mmllllyyy/.m2/repository
2023-08-13 10:01:25.560 [main] DEBUG cn.com.chiner.java.Application - java.vendor.url.bug = https://bugreport.java.com/bugreport/
2023-08-13 10:01:25.560 [main] DEBUG cn.com.chiner.java.Application - java.io.tmpdir = /tmp
2023-08-13 10:01:25.560 [main] DEBUG cn.com.chiner.java.Application - java.version = 17.0.8
2023-08-13 10:01:25.560 [main] DEBUG cn.com.chiner.java.Application - user.dir = /home/mmllllyyy/chiner-java
2023-08-13 10:01:25.560 [main] DEBUG cn.com.chiner.java.Application - os.arch = amd64
2023-08-13 10:01:25.560 [main] DEBUG cn.com.chiner.java.Application - java.vm.specification.name = Java Virtual Machine Specification
2023-08-13 10:01:25.560 [main] DEBUG cn.com.chiner.java.Application - native.encoding = UTF-8
2023-08-13 10:01:25.560 [main] DEBUG cn.com.chiner.java.Application - java.library.path = /usr/java/packages/lib:/usr/lib64:/lib64:/lib:/usr/lib
2023-08-13 10:01:25.560 [main] DEBUG cn.com.chiner.java.Application - java.vm.info = mixed mode, sharing
2023-08-13 10:01:25.561 [main] DEBUG cn.com.chiner.java.Application - java.vendor = Oracle Corporation
2023-08-13 10:01:25.561 [main] DEBUG cn.com.chiner.java.Application - java.vm.version = 17.0.8+9-LTS-211
2023-08-13 10:01:25.561 [main] DEBUG cn.com.chiner.java.Application - sun.io.unicode.encoding = UnicodeLittle
2023-08-13 10:01:25.561 [main] DEBUG cn.com.chiner.java.Application - java.class.version = 61.0
2023-08-13 10:01:25.561 [main] DEBUG cn.com.chiner.java.Application - Heap-Max:3976MB
2023-08-13 10:01:25.561 [main] DEBUG cn.com.chiner.java.Application - Heap-Init:250MB
2023-08-13 10:01:25.561 [main] DEBUG cn.com.chiner.java.Application - Heap-Committed:68MB
2023-08-13 10:01:25.561 [main] DEBUG cn.com.chiner.java.Application - Heap-Used:29MB
2023-08-13 10:01:25.561 [main] DEBUG cn.com.chiner.java.Application - init = 262144000(256000K) used = 30899048(30174K) committed = 71303168(69632K) max = 4169138176(4071424K)
2023-08-13 10:01:25.561 [main] DEBUG cn.com.chiner.java.Application - NoHeap-Max:0MB
2023-08-13 10:01:25.561 [main] DEBUG cn.com.chiner.java.Application - NoHeap-Init:7MB
2023-08-13 10:01:25.561 [main] DEBUG cn.com.chiner.java.Application - NoHeap-Committed:38MB
2023-08-13 10:01:25.561 [main] DEBUG cn.com.chiner.java.Application - NoHeap-Used:36MB
2023-08-13 10:01:25.561 [main] INFO  cn.com.chiner.java.Application - ----------------------------------------------------------------------------------------
2023-08-13 10:01:29.141 [main] INFO  cn.com.chiner.java.Application - {
  "status" : "SUCCESS",
  "body" : [ {
    "id" : null,
    "rowNo" : 0,
    "defKey" : "ACT_APP_APPDEF",
    "defName" : null,
    "comment" : "",
    "properties" : { },
    "fields" : [ ],
    "indexes" : [ ]
  }, {
    "id" : null,
    "rowNo" : 0,
    "defKey" : "ACT_APP_DATABASECHANGELOG",
    "defName" : null,
    "comment" : "",
    "properties" : { },
    "fields" : [ ],
    "indexes" : [ ]
  }, {
    "id" : null,
    "rowNo" : 0,
    "defKey" : "ACT_APP_DATABASECHANGELOGLOCK",
    "defName" : null,
    "comment" : "",
    "properties" : { },
    "fields" : [ ],
    "indexes" : [ ]
  }, {
    "id" : null,
    "rowNo" : 0,
    "defKey" : "ACT_APP_DEPLOYMENT",
    "defName" : null,
    "comment" : "",
    "properties" : { },
    "fields" : [ ],
    "indexes" : [ ]
  }, {
    "id" : null,
    "rowNo" : 0,
    "defKey" : "ACT_APP_DEPLOYMENT_RESOURCE",
    "defName" : null,
    "comment" : "",
    "properties" : { },
    "fields" : [ ],
    "indexes" : [ ]
  }, {
    "id" : null,
    "rowNo" : 0,
    "defKey" : "ACT_CMMN_CASEDEF",
    "defName" : null,
    "comment" : "",
    "properties" : { },
    "fields" : [ ],
    "indexes" : [ ]
  }, {
    "id" : null,
    "rowNo" : 0,
    "defKey" : "ACT_CMMN_DATABASECHANGELOG",
    "defName" : null,
    "comment" : "",
    "properties" : { },
    "fields" : [ ],
    "indexes" : [ ]
  }, {
    "id" : null,
    "rowNo" : 0,
    "defKey" : "ACT_CMMN_DATABASECHANGELOGLOCK",
    "defName" : null,
    "comment" : "",
    "properties" : { },
    "fields" : [ ],
    "indexes" : [ ]
  }, {
    "id" : null,
    "rowNo" : 0,
    "defKey" : "ACT_CMMN_DEPLOYMENT",
    "defName" : null,
    "comment" : "",
    "properties" : { },
    "fields" : [ ],
    "indexes" : [ ]
  }, {
    "id" : null,
    "rowNo" : 0,
    "defKey" : "ACT_CMMN_DEPLOYMENT_RESOURCE",
    "defName" : null,
    "comment" : "",
    "properties" : { },
    "fields" : [ ],
    "indexes" : [ ]
  }, {
    "id" : null,
    "rowNo" : 0,
    "defKey" : "ACT_CMMN_HI_CASE_INST",
    "defName" : null,
    "comment" : "",
    "properties" : { },
    "fields" : [ ],
    "indexes" : [ ]
  }, {
    "id" : null,
    "rowNo" : 0,
    "defKey" : "ACT_CMMN_HI_MIL_INST",
    "defName" : null,
    "comment" : "",
    "properties" : { },
    "fields" : [ ],
    "indexes" : [ ]
  }, {
    "id" : null,
    "rowNo" : 0,
    "defKey" : "ACT_CMMN_HI_PLAN_ITEM_INST",
    "defName" : null,
    "comment" : "",
    "properties" : { },
    "fields" : [ ],
    "indexes" : [ ]
  }, {
    "id" : null,
    "rowNo" : 0,
    "defKey" : "ACT_CMMN_RU_CASE_INST",
    "defName" : null,
    "comment" : "",
    "properties" : { },
    "fields" : [ ],
    "indexes" : [ ]
  }, {
    "id" : null,
    "rowNo" : 0,
    "defKey" : "ACT_CMMN_RU_MIL_INST",
    "defName" : null,
    "comment" : "",
    "properties" : { },
    "fields" : [ ],
    "indexes" : [ ]
  }, {
    "id" : null,
    "rowNo" : 0,
    "defKey" : "ACT_CMMN_RU_PLAN_ITEM_INST",
    "defName" : null,
    "comment" : "",
    "properties" : { },
    "fields" : [ ],
    "indexes" : [ ]
  }, {
    "id" : null,
    "rowNo" : 0,
    "defKey" : "ACT_CMMN_RU_SENTRY_PART_INST",
    "defName" : null,
    "comment" : "",
    "properties" : { },
    "fields" : [ ],
    "indexes" : [ ]
  }, {
    "id" : null,
    "rowNo" : 0,
    "defKey" : "ACT_CO_CONTENT_ITEM",
    "defName" : null,
    "comment" : "",
    "properties" : { },
    "fields" : [ ],
    "indexes" : [ ]
  }, {
    "id" : null,
    "rowNo" : 0,
    "defKey" : "ACT_CO_DATABASECHANGELOG",
    "defName" : null,
    "comment" : "",
    "properties" : { },
    "fields" : [ ],
    "indexes" : [ ]
  }, {
    "id" : null,
    "rowNo" : 0,
    "defKey" : "ACT_CO_DATABASECHANGELOGLOCK",
    "defName" : null,
    "comment" : "",
    "properties" : { },
    "fields" : [ ],
    "indexes" : [ ]
  }, {
    "id" : null,
    "rowNo" : 0,
    "defKey" : "ACT_DE_DATABASECHANGELOG",
    "defName" : null,
    "comment" : "",
    "properties" : { },
    "fields" : [ ],
    "indexes" : [ ]
  }, {
    "id" : null,
    "rowNo" : 0,
    "defKey" : "ACT_DE_DATABASECHANGELOGLOCK",
    "defName" : null,
    "comment" : "",
    "properties" : { },
    "fields" : [ ],
    "indexes" : [ ]
  }, {
    "id" : null,
    "rowNo" : 0,
    "defKey" : "ACT_DE_MODEL",
    "defName" : null,
    "comment" : "",
    "properties" : { },
    "fields" : [ ],
    "indexes" : [ ]
  }, {
    "id" : null,
    "rowNo" : 0,
    "defKey" : "ACT_DE_MODEL_HISTORY",
    "defName" : null,
    "comment" : "",
    "properties" : { },
    "fields" : [ ],
    "indexes" : [ ]
  }, {
    "id" : null,
    "rowNo" : 0,
    "defKey" : "ACT_DE_MODEL_RELATION",
    "defName" : null,
    "comment" : "",
    "properties" : { },
    "fields" : [ ],
    "indexes" : [ ]
  }, {
    "id" : null,
    "rowNo" : 0,
    "defKey" : "ACT_DMN_DATABASECHANGELOG",
    "defName" : null,
    "comment" : "",
    "properties" : { },
    "fields" : [ ],
    "indexes" : [ ]
  }, {
    "id" : null,
    "rowNo" : 0,
    "defKey" : "ACT_DMN_DATABASECHANGELOGLOCK",
    "defName" : null,
    "comment" : "",
    "properties" : { },
    "fields" : [ ],
    "indexes" : [ ]
  }, {
    "id" : null,
    "rowNo" : 0,
    "defKey" : "ACT_DMN_DECISION_TABLE",
    "defName" : null,
    "comment" : "",
    "properties" : { },
    "fields" : [ ],
    "indexes" : [ ]
  }, {
    "id" : null,
    "rowNo" : 0,
    "defKey" : "ACT_DMN_DEPLOYMENT",
    "defName" : null,
    "comment" : "",
    "properties" : { },
    "fields" : [ ],
    "indexes" : [ ]
  }, {
    "id" : null,
    "rowNo" : 0,
    "defKey" : "ACT_DMN_DEPLOYMENT_RESOURCE",
    "defName" : null,
    "comment" : "",
    "properties" : { },
    "fields" : [ ],
    "indexes" : [ ]
  }, {
    "id" : null,
    "rowNo" : 0,
    "defKey" : "ACT_DMN_HI_DECISION_EXECUTION",
    "defName" : null,
    "comment" : "",
    "properties" : { },
    "fields" : [ ],
    "indexes" : [ ]
  }, {
    "id" : null,
    "rowNo" : 0,
    "defKey" : "ACT_EVT_LOG",
    "defName" : null,
    "comment" : "",
    "properties" : { },
    "fields" : [ ],
    "indexes" : [ ]
  }, {
    "id" : null,
    "rowNo" : 0,
    "defKey" : "ACT_FO_DATABASECHANGELOG",
    "defName" : null,
    "comment" : "",
    "properties" : { },
    "fields" : [ ],
    "indexes" : [ ]
  }, {
    "id" : null,
    "rowNo" : 0,
    "defKey" : "ACT_FO_DATABASECHANGELOGLOCK",
    "defName" : null,
    "comment" : "",
    "properties" : { },
    "fields" : [ ],
    "indexes" : [ ]
  }, {
    "id" : null,
    "rowNo" : 0,
    "defKey" : "ACT_FO_FORM_DEFINITION",
    "defName" : null,
    "comment" : "",
    "properties" : { },
    "fields" : [ ],
    "indexes" : [ ]
  }, {
    "id" : null,
    "rowNo" : 0,
    "defKey" : "ACT_FO_FORM_DEPLOYMENT",
    "defName" : null,
    "comment" : "",
    "properties" : { },
    "fields" : [ ],
    "indexes" : [ ]
  }, {
    "id" : null,
    "rowNo" : 0,
    "defKey" : "ACT_FO_FORM_INSTANCE",
    "defName" : null,
    "comment" : "",
    "properties" : { },
    "fields" : [ ],
    "indexes" : [ ]
  }, {
    "id" : null,
    "rowNo" : 0,
    "defKey" : "ACT_FO_FORM_RESOURCE",
    "defName" : null,
    "comment" : "",
    "properties" : { },
    "fields" : [ ],
    "indexes" : [ ]
  }, {
    "id" : null,
    "rowNo" : 0,
    "defKey" : "ACT_GE_BYTEARRAY",
    "defName" : null,
    "comment" : "",
    "properties" : { },
    "fields" : [ ],
    "indexes" : [ ]
  }, {
    "id" : null,
    "rowNo" : 0,
    "defKey" : "ACT_GE_PROPERTY",
    "defName" : null,
    "comment" : "",
    "properties" : { },
    "fields" : [ ],
    "indexes" : [ ]
  }, {
    "id" : null,
    "rowNo" : 0,
    "defKey" : "ACT_HI_ACTINST",
    "defName" : null,
    "comment" : "",
    "properties" : { },
    "fields" : [ ],
    "indexes" : [ ]
  }, {
    "id" : null,
    "rowNo" : 0,
    "defKey" : "ACT_HI_ATTACHMENT",
    "defName" : null,
    "comment" : "",
    "properties" : { },
    "fields" : [ ],
    "indexes" : [ ]
  }, {
    "id" : null,
    "rowNo" : 0,
    "defKey" : "ACT_HI_COMMENT",
    "defName" : null,
    "comment" : "",
    "properties" : { },
    "fields" : [ ],
    "indexes" : [ ]
  }, {
    "id" : null,
    "rowNo" : 0,
    "defKey" : "ACT_HI_DETAIL",
    "defName" : null,
    "comment" : "",
    "properties" : { },
    "fields" : [ ],
    "indexes" : [ ]
  }, {
    "id" : null,
    "rowNo" : 0,
    "defKey" : "ACT_HI_ENTITYLINK",
    "defName" : null,
    "comment" : "",
    "properties" : { },
    "fields" : [ ],
    "indexes" : [ ]
  }, {
    "id" : null,
    "rowNo" : 0,
    "defKey" : "ACT_HI_IDENTITYLINK",
    "defName" : null,
    "comment" : "",
    "properties" : { },
    "fields" : [ ],
    "indexes" : [ ]
  }, {
    "id" : null,
    "rowNo" : 0,
    "defKey" : "ACT_HI_PROCINST",
    "defName" : null,
    "comment" : "",
    "properties" : { },
    "fields" : [ ],
    "indexes" : [ ]
  }, {
    "id" : null,
    "rowNo" : 0,
    "defKey" : "ACT_HI_TASKINST",
    "defName" : null,
    "comment" : "",
    "properties" : { },
    "fields" : [ ],
    "indexes" : [ ]
  }, {
    "id" : null,
    "rowNo" : 0,
    "defKey" : "ACT_HI_TSK_LOG",
    "defName" : null,
    "comment" : "",
    "properties" : { },
    "fields" : [ ],
    "indexes" : [ ]
  }, {
    "id" : null,
    "rowNo" : 0,
    "defKey" : "ACT_HI_VARINST",
    "defName" : null,
    "comment" : "",
    "properties" : { },
    "fields" : [ ],
    "indexes" : [ ]
  }, {
    "id" : null,
    "rowNo" : 0,
    "defKey" : "ACT_ID_BYTEARRAY",
    "defName" : null,
    "comment" : "",
    "properties" : { },
    "fields" : [ ],
    "indexes" : [ ]
  }, {
    "id" : null,
    "rowNo" : 0,
    "defKey" : "ACT_ID_INFO",
    "defName" : null,
    "comment" : "",
    "properties" : { },
    "fields" : [ ],
    "indexes" : [ ]
  }, {
    "id" : null,
    "rowNo" : 0,
    "defKey" : "ACT_ID_PRIV",
    "defName" : null,
    "comment" : "",
    "properties" : { },
    "fields" : [ ],
    "indexes" : [ ]
  }, {
    "id" : null,
    "rowNo" : 0,
    "defKey" : "ACT_ID_PRIV_MAPPING",
    "defName" : null,
    "comment" : "",
    "properties" : { },
    "fields" : [ ],
    "indexes" : [ ]
  }, {
    "id" : null,
    "rowNo" : 0,
    "defKey" : "ACT_ID_PROPERTY",
    "defName" : null,
    "comment" : "",
    "properties" : { },
    "fields" : [ ],
    "indexes" : [ ]
  }, {
    "id" : null,
    "rowNo" : 0,
    "defKey" : "ACT_ID_TOKEN",
    "defName" : null,
    "comment" : "",
    "properties" : { },
    "fields" : [ ],
    "indexes" : [ ]
  }, {
    "id" : null,
    "rowNo" : 0,
    "defKey" : "ACT_PROCDEF_INFO",
    "defName" : null,
    "comment" : "",
    "properties" : { },
    "fields" : [ ],
    "indexes" : [ ]
  }, {
    "id" : null,
    "rowNo" : 0,
    "defKey" : "ACT_RE_DEPLOYMENT",
    "defName" : null,
    "comment" : "",
    "properties" : { },
    "fields" : [ ],
    "indexes" : [ ]
  }, {
    "id" : null,
    "rowNo" : 0,
    "defKey" : "ACT_RE_MODEL",
    "defName" : null,
    "comment" : "",
    "properties" : { },
    "fields" : [ ],
    "indexes" : [ ]
  }, {
    "id" : null,
    "rowNo" : 0,
    "defKey" : "ACT_RE_PROCDEF",
    "defName" : null,
    "comment" : "",
    "properties" : { },
    "fields" : [ ],
    "indexes" : [ ]
  }, {
    "id" : null,
    "rowNo" : 0,
    "defKey" : "ACT_RU_ACTINST",
    "defName" : null,
    "comment" : "",
    "properties" : { },
    "fields" : [ ],
    "indexes" : [ ]
  }, {
    "id" : null,
    "rowNo" : 0,
    "defKey" : "ACT_RU_DEADLETTER_JOB",
    "defName" : null,
    "comment" : "",
    "properties" : { },
    "fields" : [ ],
    "indexes" : [ ]
  }, {
    "id" : null,
    "rowNo" : 0,
    "defKey" : "ACT_RU_ENTITYLINK",
    "defName" : null,
    "comment" : "",
    "properties" : { },
    "fields" : [ ],
    "indexes" : [ ]
  }, {
    "id" : null,
    "rowNo" : 0,
    "defKey" : "ACT_RU_EVENT_SUBSCR",
    "defName" : null,
    "comment" : "",
    "properties" : { },
    "fields" : [ ],
    "indexes" : [ ]
  }, {
    "id" : null,
    "rowNo" : 0,
    "defKey" : "ACT_RU_EXECUTION",
    "defName" : null,
    "comment" : "",
    "properties" : { },
    "fields" : [ ],
    "indexes" : [ ]
  }, {
    "id" : null,
    "rowNo" : 0,
    "defKey" : "ACT_RU_HISTORY_JOB",
    "defName" : null,
    "comment" : "",
    "properties" : { },
    "fields" : [ ],
    "indexes" : [ ]
  }, {
    "id" : null,
    "rowNo" : 0,
    "defKey" : "ACT_RU_IDENTITYLINK",
    "defName" : null,
    "comment" : "",
    "properties" : { },
    "fields" : [ ],
    "indexes" : [ ]
  }, {
    "id" : null,
    "rowNo" : 0,
    "defKey" : "ACT_RU_JOB",
    "defName" : null,
    "comment" : "",
    "properties" : { },
    "fields" : [ ],
    "indexes" : [ ]
  }, {
    "id" : null,
    "rowNo" : 0,
    "defKey" : "ACT_RU_SUSPENDED_JOB",
    "defName" : null,
    "comment" : "",
    "properties" : { },
    "fields" : [ ],
    "indexes" : [ ]
  }, {
    "id" : null,
    "rowNo" : 0,
    "defKey" : "ACT_RU_TASK",
    "defName" : null,
    "comment" : "",
    "properties" : { },
    "fields" : [ ],
    "indexes" : [ ]
  }, {
    "id" : null,
    "rowNo" : 0,
    "defKey" : "ACT_RU_TIMER_JOB",
    "defName" : null,
    "comment" : "",
    "properties" : { },
    "fields" : [ ],
    "indexes" : [ ]
  }, {
    "id" : null,
    "rowNo" : 0,
    "defKey" : "ACT_RU_VARIABLE",
    "defName" : null,
    "comment" : "",
    "properties" : { },
    "fields" : [ ],
    "indexes" : [ ]
  }, {
    "id" : null,
    "rowNo" : 0,
    "defKey" : "ALLOC_RELATIVE",
    "defName" : "额度分配关联表",
    "comment" : "",
    "properties" : { },
    "fields" : [ ],
    "indexes" : [ ]
  }, {
    "id" : null,
    "rowNo" : 0,
    "defKey" : "APPL_ASSIGN_AGREEMENT",
    "defName" : "委托协议申请",
    "comment" : "",
    "properties" : { },
    "fields" : [ ],
    "indexes" : [ ]
  }, {
    "id" : null,
    "rowNo" : 0,
    "defKey" : "APPL_BASE",
    "defName" : "授信申请表",
    "comment" : "",
    "properties" : { },
    "fields" : [ ],
    "indexes" : [ ]
  }, {
    "id" : null,
    "rowNo" : 0,
    "defKey" : "APPL_RELATIVE",
    "defName" : "申请关联表",
    "comment" : "",
    "properties" : { },
    "fields" : [ ],
    "indexes" : [ ]
  }, {
    "id" : null,
    "rowNo" : 0,
    "defKey" : "APPL_SEND_SUCC",
    "defName" : null,
    "comment" : "",
    "properties" : { },
    "fields" : [ ],
    "indexes" : [ ]
  }, {
    "id" : null,
    "rowNo" : 0,
    "defKey" : "APPROVAL_COMMENT",
    "defName" : "审批意见表",
    "comment" : "",
    "properties" : { },
    "fields" : [ ],
    "indexes" : [ ]
  }, {
    "id" : null,
    "rowNo" : 0,
    "defKey" : "AUDT_DATA_ACTION",
    "defName" : "null",
    "comment" : "",
    "properties" : { },
    "fields" : [ ],
    "indexes" : [ ]
  }, {
    "id" : null,
    "rowNo" : 0,
    "defKey" : "AUDT_DATA_ACTION_DETAIL",
    "defName" : "null",
    "comment" : "",
    "properties" : { },
    "fields" : [ ],
    "indexes" : [ ]
  }, {
    "id" : null,
    "rowNo" : 0,
    "defKey" : "AUTH_CORP",
    "defName" : "法人主体",
    "comment" : "",
    "properties" : { },
    "fields" : [ ],
    "indexes" : [ ]
  }, {
    "id" : null,
    "rowNo" : 0,
    "defKey" : "AUTH_DEPUTE",
    "defName" : "用户委托授权",
    "comment" : "",
    "properties" : { },
    "fields" : [ ],
    "indexes" : [ ]
  }, {
    "id" : null,
    "rowNo" : 0,
    "defKey" : "AUTH_ORG",
    "defName" : null,
    "comment" : "",
    "properties" : { },
    "fields" : [ ],
    "indexes" : [ ]
  }, {
    "id" : null,
    "rowNo" : 0,
    "defKey" : "AUTH_PERMISSION",
    "defName" : "权限信息",
    "comment" : "",
    "properties" : { },
    "fields" : [ ],
    "indexes" : [ ]
  }, {
    "id" : null,
    "rowNo" : 0,
    "defKey" : "AUTH_ROLE",
    "defName" : "角色信息",
    "comment" : "",
    "properties" : { },
    "fields" : [ ],
    "indexes" : [ ]
  }, {
    "id" : null,
    "rowNo" : 0,
    "defKey" : "AUTH_ROLE_PERMISSION",
    "defName" : "角色权限",
    "comment" : "",
    "properties" : { },
    "fields" : [ ],
    "indexes" : [ ]
  }, {
    "id" : null,
    "rowNo" : 0,
    "defKey" : "AUTH_TENANT",
    "defName" : "租户信息",
    "comment" : "",
    "properties" : { },
    "fields" : [ ],
    "indexes" : [ ]
  }, {
    "id" : null,
    "rowNo" : 0,
    "defKey" : "AUTH_USER",
    "defName" : "系统用户",
    "comment" : "",
    "properties" : { },
    "fields" : [ ],
    "indexes" : [ ]
  }, {
    "id" : null,
    "rowNo" : 0,
    "defKey" : "AUTH_USER_LOGIN_RECORD",
    "defName" : null,
    "comment" : "",
    "properties" : { },
    "fields" : [ ],
    "indexes" : [ ]
  }, {
    "id" : null,
    "rowNo" : 0,
    "defKey" : "AUTH_USER_LOGIN_RECORD_HISTORY",
    "defName" : null,
    "comment" : "",
    "properties" : { },
    "fields" : [ ],
    "indexes" : [ ]
  }, {
    "id" : null,
    "rowNo" : 0,
    "defKey" : "AUTH_USER_ORG",
    "defName" : "用户机构关联 用户机构关联",
    "comment" : "",
    "properties" : { },
    "fields" : [ ],
    "indexes" : [ ]
  }, {
    "id" : null,
    "rowNo" : 0,
    "defKey" : "AUTH_USER_PREFER",
    "defName" : "用户偏好记录",
    "comment" : "",
    "properties" : { },
    "fields" : [ ],
    "indexes" : [ ]
  }, {
    "id" : null,
    "rowNo" : 0,
    "defKey" : "AUTH_USER_ROLE",
    "defName" : "用户角色",
    "comment" : "",
    "properties" : { },
    "fields" : [ ],
    "indexes" : [ ]
  }, {
    "id" : null,
    "rowNo" : 0,
    "defKey" : "BAK_CUST_BASELPB210909",
    "defName" : null,
    "comment" : "",
    "properties" : { },
    "fields" : [ ],
    "indexes" : [ ]
  }, {
    "id" : null,
    "rowNo" : 0,
    "defKey" : "BAK_CUST_BASE_LPB210909",
    "defName" : null,
    "comment" : "",
    "properties" : { },
    "fields" : [ ],
    "indexes" : [ ]
  }, {
    "id" : null,
    "rowNo" : 0,
    "defKey" : "BAK_CUST_ENTLPB210909",
    "defName" : null,
    "comment" : "",
    "properties" : { },
    "fields" : [ ],
    "indexes" : [ ]
  }, {
    "id" : null,
    "rowNo" : 0,
    "defKey" : "BAK_CUST_GROUP_MEMBER210909",
    "defName" : null,
    "comment" : "",
    "properties" : { },
    "fields" : [ ],
    "indexes" : [ ]
  }, {
    "id" : null,
    "rowNo" : 0,
    "defKey" : "BAK_CUST_OWNERLPB210909",
    "defName" : null,
    "comment" : "",
    "properties" : { },
    "fields" : [ ],
    "indexes" : [ ]
  }, {
    "id" : null,
    "rowNo" : 0,
    "defKey" : "BAK_LIMIT_ALLOC_CWX210908",
    "defName" : null,
    "comment" : "",
    "properties" : { },
    "fields" : [ ],
    "indexes" : [ ]
  }, {
    "id" : null,
    "rowNo" : 0,
    "defKey" : "BAK_LIMIT_SUPERVISE_WZW210909",
    "defName" : null,
    "comment" : "",
    "properties" : { },
    "fields" : [ ],
    "indexes" : [ ]
  }, {
    "id" : null,
    "rowNo" : 0,
    "defKey" : "BAK_QUOTA_BASE_LPB210909",
    "defName" : null,
    "comment" : "",
    "properties" : { },
    "fields" : [ ],
    "indexes" : [ ]
  }, {
    "id" : null,
    "rowNo" : 0,
    "defKey" : "BASE_BUSINESSBELONG_TYPE",
    "defName" : "迁移产品配置信息",
    "comment" : "",
    "properties" : { },
    "fields" : [ ],
    "indexes" : [ ]
  }, {
    "id" : null,
    "rowNo" : 0,
    "defKey" : "BASE_BUSINESSBELONG_TYPE_TMP",
    "defName" : null,
    "comment" : "",
    "properties" : { },
    "fields" : [ ],
    "indexes" : [ ]
  }, {
    "id" : null,
    "rowNo" : 0,
    "defKey" : "BASE_BUSINESS_TYPE",
    "defName" : "迁移产品信息",
    "comment" : "",
    "properties" : { },
    "fields" : [ ],
    "indexes" : [ ]
  }, {
    "id" : null,
    "rowNo" : 0,
    "defKey" : "BASE_BUSINESS_TYPE_TMP",
    "defName" : null,
    "comment" : "",
    "properties" : { },
    "fields" : [ ],
    "indexes" : [ ]
  }, {
    "id" : null,
    "rowNo" : 0,
    "defKey" : "BASE_TRANS_CODE",
    "defName" : "码值转换表",
    "comment" : "",
    "properties" : { },
    "fields" : [ ],
    "indexes" : [ ]
  }, {
    "id" : null,
    "rowNo" : 0,
    "defKey" : "BATCH_DEDUCT",
    "defName" : "批扣表",
    "comment" : "",
    "properties" : { },
    "fields" : [ ],
    "indexes" : [ ]
  }, {
    "id" : null,
    "rowNo" : 0,
    "defKey" : "BATCH_DEDUCT_DETAIL",
    "defName" : "批扣信息对应文件表",
    "comment" : "",
    "properties" : { },
    "fields" : [ ],
    "indexes" : [ ]
  }, {
    "id" : null,
    "rowNo" : 0,
    "defKey" : "BATCH_DEPEND_CHECK",
    "defName" : null,
    "comment" : "",
    "properties" : { },
    "fields" : [ ],
    "indexes" : [ ]
  }, {
    "id" : null,
    "rowNo" : 0,
    "defKey" : "BATCH_FILE_CHECK",
    "defName" : null,
    "comment" : "",
    "properties" : { },
    "fields" : [ ],
    "indexes" : [ ]
  }, {
    "id" : null,
    "rowNo" : 0,
    "defKey" : "BATCH_JOB_EXECUTION",
    "defName" : null,
    "comment" : "",
    "properties" : { },
    "fields" : [ ],
    "indexes" : [ ]
  }, {
    "id" : null,
    "rowNo" : 0,
    "defKey" : "BATCH_JOB_EXECUTION_CONTEXT",
    "defName" : null,
    "comment" : "",
    "properties" : { },
    "fields" : [ ],
    "indexes" : [ ]
  }, {
    "id" : null,
    "rowNo" : 0,
    "defKey" : "BATCH_JOB_EXECUTION_PARAMS",
    "defName" : null,
    "comment" : "",
    "properties" : { },
    "fields" : [ ],
    "indexes" : [ ]
  }, {
    "id" : null,
    "rowNo" : 0,
    "defKey" : "BATCH_JOB_INSTANCE",
    "defName" : null,
    "comment" : "",
    "properties" : { },
    "fields" : [ ],
    "indexes" : [ ]
  }, {
    "id" : null,
    "rowNo" : 0,
    "defKey" : "BATCH_PACKAGE_CHECK",
    "defName" : null,
    "comment" : "",
    "properties" : { },
    "fields" : [ ],
    "indexes" : [ ]
  }, {
    "id" : null,
    "rowNo" : 0,
    "defKey" : "BATCH_SKIP_JOB",
    "defName" : "配置批量需要跳过的任务",
    "comment" : "",
    "properties" : { },
    "fields" : [ ],
    "indexes" : [ ]
  }, {
    "id" : null,
    "rowNo" : 0,
    "defKey" : "BATCH_STEP_EXECUTION",
    "defName" : null,
    "comment" : "",
    "properties" : { },
    "fields" : [ ],
    "indexes" : [ ]
  }, {
    "id" : null,
    "rowNo" : 0,
    "defKey" : "BATCH_STEP_EXECUTION_CONTEXT",
    "defName" : null,
    "comment" : "",
    "properties" : { },
    "fields" : [ ],
    "indexes" : [ ]
  }, {
    "id" : null,
    "rowNo" : 0,
    "defKey" : "BATCH_USE_TENANT",
    "defName" : "批量需要保留的法人机构数据配置表",
    "comment" : "",
    "properties" : { },
    "fields" : [ ],
    "indexes" : [ ]
  }, {
    "id" : null,
    "rowNo" : 0,
    "defKey" : "BUSINESS_RECORD",
    "defName" : "业务补录表",
    "comment" : "",
    "properties" : { },
    "fields" : [ ],
    "indexes" : [ ]
  }, {
    "id" : null,
    "rowNo" : 0,
    "defKey" : "BUSINESS_RULE_CONFIG",
    "defName" : "占用票据明细信息",
    "comment" : "",
    "properties" : { },
    "fields" : [ ],
    "indexes" : [ ]
  }, {
    "id" : null,
    "rowNo" : 0,
    "defKey" : "CAPITAL_RATIO",
    "defName" : "资金—比率",
    "comment" : "",
    "properties" : { },
    "fields" : [ ],
    "indexes" : [ ]
  }, {
    "id" : null,
    "rowNo" : 0,
    "defKey" : "CAPITAL_RATIO_APPLY",
    "defName" : "资金—比率申请",
    "comment" : "",
    "properties" : { },
    "fields" : [ ],
    "indexes" : [ ]
  }, {
    "id" : null,
    "rowNo" : 0,
    "defKey" : "CDP_CREDIT_DEL_RECORD",
    "defName" : null,
    "comment" : "",
    "properties" : { },
    "fields" : [ ],
    "indexes" : [ ]
  }, {
    "id" : null,
    "rowNo" : 0,
    "defKey" : "CKPT_CHART_DATA",
    "defName" : null,
    "comment" : "",
    "properties" : { },
    "fields" : [ ],
    "indexes" : [ ]
  }, {
    "id" : null,
    "rowNo" : 0,
    "defKey" : "CKPT_CHART_DATA_TEMP",
    "defName" : null,
    "comment" : "",
    "properties" : { },
    "fields" : [ ],
    "indexes" : [ ]
  }, {
    "id" : null,
    "rowNo" : 0,
    "defKey" : "CMON_DASHBOARD",
    "defName" : "主页小组件;",
    "comment" : "",
    "properties" : { },
    "fields" : [ ],
    "indexes" : [ ]
  }, {
    "id" : null,
    "rowNo" : 0,
    "defKey" : "CMON_DOSSIER",
    "defName" : "文档对象",
    "comment" : "",
    "properties" : { },
    "fields" : [ ],
    "indexes" : [ ]
  }, {
    "id" : null,
    "rowNo" : 0,
    "defKey" : "CMON_DOSSIER_ITEM",
    "defName" : "文档明细",
    "comment" : "",
    "properties" : { },
    "fields" : [ ],
    "indexes" : [ ]
  }, {
    "id" : null,
    "rowNo" : 0,
    "defKey" : "CMON_FILE",
    "defName" : "文件存储表",
    "comment" : "",
    "properties" : { },
    "fields" : [ ],
    "indexes" : [ ]
  }, {
    "id" : null,
    "rowNo" : 0,
    "defKey" : "CONF_COLLATERAL_TYPE",
    "defName" : "押品类别表-配置表",
    "comment" : "",
    "properties" : { },
    "fields" : [ ],
    "indexes" : [ ]
  }, {
    "id" : null,
    "rowNo" : 0,
    "defKey" : "CONF_DASHBOARD",
    "defName" : "主页小组件配置;",
    "comment" : "",
    "properties" : { },
    "fields" : [ ],
    "indexes" : [ ]
  }, {
    "id" : null,
    "rowNo" : 0,
    "defKey" : "CONF_DASHBOARD_ROLE",
    "defName" : "默认关联角色;",
    "comment" : "",
    "properties" : { },
    "fields" : [ ],
    "indexes" : [ ]
  }, {
    "id" : null,
    "rowNo" : 0,
    "defKey" : "CONF_DETECTOR",
    "defName" : "风险探测器表",
    "comment" : "",
    "properties" : { },
    "fields" : [ ],
    "indexes" : [ ]
  }, {
    "id" : null,
    "rowNo" : 0,
    "defKey" : "CONF_DETECTOR_ITEM",
    "defName" : "风险探测检查项表",
    "comment" : "",
    "properties" : { },
    "fields" : [ ],
    "indexes" : [ ]
  }, {
    "id" : null,
    "rowNo" : 0,
    "defKey" : "CONF_DOSSIER",
    "defName" : "文档清单配置",
    "comment" : "",
    "properties" : { },
    "fields" : [ ],
    "indexes" : [ ]
  }, {
    "id" : null,
    "rowNo" : 0,
    "defKey" : "CONF_DOSSIER_ITEM",
    "defName" : "文档清单明细项配置",
    "comment" : "",
    "properties" : { },
    "fields" : [ ],
    "indexes" : [ ]
  }, {
    "id" : null,
    "rowNo" : 0,
    "defKey" : "CONF_HISTORY",
    "defName" : "主页小组件配置;",
    "comment" : "",
    "properties" : { },
    "fields" : [ ],
    "indexes" : [ ]
  }, {
    "id" : null,
    "rowNo" : 0,
    "defKey" : "CONF_INTERFACE_MANAGE",
    "defName" : "主页小组件配置;",
    "comment" : "",
    "properties" : { },
    "fields" : [ ],
    "indexes" : [ ]
  }, {
    "id" : null,
    "rowNo" : 0,
    "defKey" : "CONF_RECORDS",
    "defName" : "主页小组件配置;",
    "comment" : "",
    "properties" : { },
    "fields" : [ ],
    "indexes" : [ ]
  }, {
    "id" : null,
    "rowNo" : 0,
    "defKey" : "CREDIT_CONF_PARAM",
    "defName" : "征信检查参数配置",
    "comment" : "",
    "properties" : { },
    "fields" : [ ],
    "indexes" : [ ]
  }, {
    "id" : null,
    "rowNo" : 0,
    "defKey" : "CUST_ACCOUNT",
    "defName" : "客户账号信息",
    "comment" : "",
    "properties" : { },
    "fields" : [ ],
    "indexes" : [ ]
  }, {
    "id" : null,
    "rowNo" : 0,
    "defKey" : "CUST_ADDITION",
    "defName" : "客户附加信息",
    "comment" : "",
    "properties" : { },
    "fields" : [ ],
    "indexes" : [ ]
  }, {
    "id" : null,
    "rowNo" : 0,
    "defKey" : "CUST_ADDRESS",
    "defName" : "客户联系地址信息表",
    "comment" : "",
    "properties" : { },
    "fields" : [ ],
    "indexes" : [ ]
  }, {
    "id" : null,
    "rowNo" : 0,
    "defKey" : "CUST_ANARECORD",
    "defName" : "客户分析记录",
    "comment" : "",
    "properties" : { },
    "fields" : [ ],
    "indexes" : [ ]
  }, {
    "id" : null,
    "rowNo" : 0,
    "defKey" : "CUST_APTITUDE",
    "defName" : "资质与认证",
    "comment" : "",
    "properties" : { },
    "fields" : [ ],
    "indexes" : [ ]
  }, {
    "id" : null,
    "rowNo" : 0,
    "defKey" : "CUST_ASSET",
    "defName" : "资产信息",
    "comment" : "",
    "properties" : { },
    "fields" : [ ],
    "indexes" : [ ]
  }, {
    "id" : null,
    "rowNo" : 0,
    "defKey" : "CUST_BASE",
    "defName" : "客户基础信息",
    "comment" : "",
    "properties" : { },
    "fields" : [ ],
    "indexes" : [ ]
  }, {
    "id" : null,
    "rowNo" : 0,
    "defKey" : "CUST_BLACK_ONLINE",
    "defName" : "客户黑名单",
    "comment" : "",
    "properties" : { },
    "fields" : [ ],
    "indexes" : [ ]
  }, {
    "id" : null,
    "rowNo" : 0,
    "defKey" : "CUST_BOAT",
    "defName" : "客户船只信息",
    "comment" : "",
    "properties" : { },
    "fields" : [ ],
    "indexes" : [ ]
  }, {
    "id" : null,
    "rowNo" : 0,
    "defKey" : "CUST_BOND",
    "defName" : "债券发行",
    "comment" : "",
    "properties" : { },
    "fields" : [ ],
    "indexes" : [ ]
  }, {
    "id" : null,
    "rowNo" : 0,
    "defKey" : "CUST_BOND_INFO",
    "defName" : "债券发行信息",
    "comment" : "",
    "properties" : { },
    "fields" : [ ],
    "indexes" : [ ]
  }, {
    "id" : null,
    "rowNo" : 0,
    "defKey" : "CUST_BUILDING",
    "defName" : "楼盘信息",
    "comment" : "",
    "properties" : { },
    "fields" : [ ],
    "indexes" : [ ]
  }, {
    "id" : null,
    "rowNo" : 0,
    "defKey" : "CUST_BUILDING_DETAIL",
    "defName" : "楼盘详情",
    "comment" : "",
    "properties" : { },
    "fields" : [ ],
    "indexes" : [ ]
  }, {
    "id" : null,
    "rowNo" : 0,
    "defKey" : "CUST_CAPITAL_STRUCT",
    "defName" : "资本构成",
    "comment" : "",
    "properties" : { },
    "fields" : [ ],
    "indexes" : [ ]
  }, {
    "id" : null,
    "rowNo" : 0,
    "defKey" : "CUST_CAR",
    "defName" : "客户车辆信息",
    "comment" : "",
    "properties" : { },
    "fields" : [ ],
    "indexes" : [ ]
  }, {
    "id" : null,
    "rowNo" : 0,
    "defKey" : "CUST_CERT",
    "defName" : "客户证件信息表",
    "comment" : "",
    "properties" : { },
    "fields" : [ ],
    "indexes" : [ ]
  }, {
    "id" : null,
    "rowNo" : 0,
    "defKey" : "CUST_CONTACT",
    "defName" : "客户联系信息",
    "comment" : "",
    "properties" : { },
    "fields" : [ ],
    "indexes" : [ ]
  }, {
    "id" : null,
    "rowNo" : 0,
    "defKey" : "CUST_CORE",
    "defName" : "主机客户信息表",
    "comment" : "",
    "properties" : { },
    "fields" : [ ],
    "indexes" : [ ]
  }, {
    "id" : null,
    "rowNo" : 0,
    "defKey" : "CUST_CREDIT_SUMMARY",
    "defName" : "客户授信总览",
    "comment" : "",
    "properties" : { },
    "fields" : [ ],
    "indexes" : [ ]
  }, {
    "id" : null,
    "rowNo" : 0,
    "defKey" : "CUST_CRM_CORE",
    "defName" : "主机客户对照表",
    "comment" : "",
    "properties" : { },
    "fields" : [ ],
    "indexes" : [ ]
  }, {
    "id" : null,
    "rowNo" : 0,
    "defKey" : "CUST_DEBT",
    "defName" : "相关负债",
    "comment" : "",
    "properties" : { },
    "fields" : [ ],
    "indexes" : [ ]
  }, {
    "id" : null,
    "rowNo" : 0,
    "defKey" : "CUST_DEVICE",
    "defName" : "客户设备信息",
    "comment" : "",
    "properties" : { },
    "fields" : [ ],
    "indexes" : [ ]
  }, {
    "id" : null,
    "rowNo" : 0,
    "defKey" : "CUST_ECR_RECORD",
    "defName" : "客户征信查询记录",
    "comment" : "",
    "properties" : { },
    "fields" : [ ],
    "indexes" : [ ]
  }, {
    "id" : null,
    "rowNo" : 0,
    "defKey" : "CUST_ENT",
    "defName" : "企业客户",
    "comment" : "",
    "properties" : { },
    "fields" : [ ],
    "indexes" : [ ]
  }, {
    "id" : null,
    "rowNo" : 0,
    "defKey" : "CUST_EVENTS",
    "defName" : "客户大事记",
    "comment" : "",
    "properties" : { },
    "fields" : [ ],
    "indexes" : [ ]
  }, {
    "id" : null,
    "rowNo" : 0,
    "defKey" : "CUST_EXT_INFO",
    "defName" : "对外股权投资",
    "comment" : "",
    "properties" : { },
    "fields" : [ ],
    "indexes" : [ ]
  }, {
    "id" : null,
    "rowNo" : 0,
    "defKey" : "CUST_FAMILY_MEMBER",
    "defName" : "家庭成员",
    "comment" : "",
    "properties" : { },
    "fields" : [ ],
    "indexes" : [ ]
  }, {
    "id" : null,
    "rowNo" : 0,
    "defKey" : "CUST_FILE",
    "defName" : "客户资料表",
    "comment" : "",
    "properties" : { },
    "fields" : [ ],
    "indexes" : [ ]
  }, {
    "id" : null,
    "rowNo" : 0,
    "defKey" : "CUST_FILE_DETAIL",
    "defName" : "客户资料详情表",
    "comment" : "",
    "properties" : { },
    "fields" : [ ],
    "indexes" : [ ]
  }, {
    "id" : null,
    "rowNo" : 0,
    "defKey" : "CUST_FINANCIAL_GUARANTEE",
    "defName" : "其他金融机构担保信息",
    "comment" : "",
    "properties" : { },
    "fields" : [ ],
    "indexes" : [ ]
  }, {
    "id" : null,
    "rowNo" : 0,
    "defKey" : "CUST_FINANCIAL_SERVICE",
    "defName" : "其他金融机构业务信息",
    "comment" : "",
    "properties" : { },
    "fields" : [ ],
    "indexes" : [ ]
  }, {
    "id" : null,
    "rowNo" : 0,
    "defKey" : "CUST_FNASTAT",
    "defName" : "客户财务报表",
    "comment" : "",
    "properties" : { },
    "fields" : [ ],
    "indexes" : [ ]
  }, {
    "id" : null,
    "rowNo" : 0,
    "defKey" : "CUST_FNASTAT_BILL",
    "defName" : "财务报表应收应付票据信息",
    "comment" : "",
    "properties" : { },
    "fields" : [ ],
    "indexes" : [ ]
  }, {
    "id" : null,
    "rowNo" : 0,
    "defKey" : "CUST_FNASTAT_CURRENT_PAYMENT",
    "defName" : "财务报表往来款项",
    "comment" : "",
    "properties" : { },
    "fields" : [ ],
    "indexes" : [ ]
  }, {
    "id" : null,
    "rowNo" : 0,
    "defKey" : "CUST_FNASTAT_FIXED_ASSETS",
    "defName" : "财务报表固定资产信息",
    "comment" : "",
    "properties" : { },
    "fields" : [ ],
    "indexes" : [ ]
  }, {
    "id" : null,
    "rowNo" : 0,
    "defKey" : "CUST_FNASTAT_INVENTORY",
    "defName" : "财务报表存货信息",
    "comment" : "",
    "properties" : { },
    "fields" : [ ],
    "indexes" : [ ]
  }, {
    "id" : null,
    "rowNo" : 0,
    "defKey" : "CUST_FNASTAT_INVISIBLE_ASSETS",
    "defName" : "财务报表无形资产信息",
    "comment" : "",
    "properties" : { },
    "fields" : [ ],
    "indexes" : [ ]
  }, {
    "id" : null,
    "rowNo" : 0,
    "defKey" : "CUST_FNASTAT_TAXPAYING",
    "defName" : "财务报表纳税日期",
    "comment" : "",
    "properties" : { },
    "fields" : [ ],
    "indexes" : [ ]
  }, {
    "id" : null,
    "rowNo" : 0,
    "defKey" : "CUST_FRANCHISE_INDUSTRY",
    "defName" : "特许经营行业信息表",
    "comment" : "",
    "properties" : { },
    "fields" : [ ],
    "indexes" : [ ]
  }, {
    "id" : null,
    "rowNo" : 0,
    "defKey" : "CUST_GROUP",
    "defName" : "集团客户",
    "comment" : "",
    "properties" : { },
    "fields" : [ ],
    "indexes" : [ ]
  }, {
    "id" : null,
    "rowNo" : 0,
    "defKey" : "CUST_GROUP_MEMBER",
    "defName" : "客户群成员",
    "comment" : "",
    "properties" : { },
    "fields" : [ ],
    "indexes" : [ ]
  }, {
    "id" : null,
    "rowNo" : 0,
    "defKey" : "CUST_GROUP_MEMBER_TEMP",
    "defName" : "客户群成员临时表",
    "comment" : "",
    "properties" : { },
    "fields" : [ ],
    "indexes" : [ ]
  }, {
    "id" : null,
    "rowNo" : 0,
    "defKey" : "CUST_GROUP_TEMP",
    "defName" : "集团客户临时表",
    "comment" : "",
    "properties" : { },
    "fields" : [ ],
    "indexes" : [ ]
  }, {
    "id" : null,
    "rowNo" : 0,
    "defKey" : "CUST_GROUP_VERSION",
    "defName" : "集群版本信息",
    "comment" : "",
    "properties" : { },
    "fields" : [ ],
    "indexes" : [ ]
  }, {
    "id" : null,
    "rowNo" : 0,
    "defKey" : "CUST_HANDOVER",
    "defName" : "客户移交信息",
    "comment" : "",
    "properties" : { },
    "fields" : [ ],
    "indexes" : [ ]
  }, {
    "id" : null,
    "rowNo" : 0,
    "defKey" : "CUST_HANDOVER_HISTORY",
    "defName" : "客户移交历史",
    "comment" : "",
    "properties" : { },
    "fields" : [ ],
    "indexes" : [ ]
  }, {
    "id" : null,
    "rowNo" : 0,
    "defKey" : "CUST_HANDOVER_MEMBER",
    "defName" : "客户移交信息成员信息",
    "comment" : "",
    "properties" : { },
    "fields" : [ ],
    "indexes" : [ ]
  }, {
    "id" : null,
    "rowNo" : 0,
    "defKey" : "CUST_HOUSE",
    "defName" : "房产信息",
    "comment" : "",
    "properties" : { },
    "fields" : [ ],
    "indexes" : [ ]
  }, {
    "id" : null,
    "rowNo" : 0,
    "defKey" : "CUST_IE_TRADE",
    "defName" : "进出口贸易信息表",
    "comment" : "",
    "properties" : { },
    "fields" : [ ],
    "indexes" : [ ]
  }, {
    "id" : null,
    "rowNo" : 0,
    "defKey" : "CUST_IMASSET",
    "defName" : "客户无形资产信息",
    "comment" : "",
    "properties" : { },
    "fields" : [ ],
    "indexes" : [ ]
  }, {
    "id" : null,
    "rowNo" : 0,
    "defKey" : "CUST_IMPORT_LOG",
    "defName" : "客户引入记录表",
    "comment" : "",
    "properties" : { },
    "fields" : [ ],
    "indexes" : [ ]
  }, {
    "id" : null,
    "rowNo" : 0,
    "defKey" : "CUST_INCOME",
    "defName" : "个人收入",
    "comment" : "",
    "properties" : { },
    "fields" : [ ],
    "indexes" : [ ]
  }, {
    "id" : null,
    "rowNo" : 0,
    "defKey" : "CUST_IND",
    "defName" : "个人客户",
    "comment" : "",
    "properties" : { },
    "fields" : [ ],
    "indexes" : [ ]
  }, {
    "id" : null,
    "rowNo" : 0,
    "defKey" : "CUST_IND_BUSINESS_HISTORY",
    "defName" : "个人客户经营历史",
    "comment" : "",
    "properties" : { },
    "fields" : [ ],
    "indexes" : [ ]
  }, {
    "id" : null,
    "rowNo" : 0,
    "defKey" : "CUST_IND_BUSINESS_INSURANCE",
    "defName" : "个人商业保险信息",
    "comment" : "",
    "properties" : { },
    "fields" : [ ],
    "indexes" : [ ]
  }, {
    "id" : null,
    "rowNo" : 0,
    "defKey" : "CUST_IND_EDUCATION",
    "defName" : "个人学业履历",
    "comment" : "",
    "properties" : { },
    "fields" : [ ],
    "indexes" : [ ]
  }, {
    "id" : null,
    "rowNo" : 0,
    "defKey" : "CUST_IND_HOUSING_FUND",
    "defName" : "个人住房公积金缴存信息",
    "comment" : "",
    "properties" : { },
    "fields" : [ ],
    "indexes" : [ ]
  }, {
    "id" : null,
    "rowNo" : 0,
    "defKey" : "CUST_IND_RESUME",
    "defName" : "个人工作履历",
    "comment" : "",
    "properties" : { },
    "fields" : [ ],
    "indexes" : [ ]
  }, {
    "id" : null,
    "rowNo" : 0,
    "defKey" : "CUST_IND_SOCIAL_INSURANCE",
    "defName" : "个人社会保险情况",
    "comment" : "",
    "properties" : { },
    "fields" : [ ],
    "indexes" : [ ]
  }, {
    "id" : null,
    "rowNo" : 0,
    "defKey" : "CUST_INFO_CHANGE",
    "defName" : "客户信息变更",
    "comment" : "",
    "properties" : { },
    "fields" : [ ],
    "indexes" : [ ]
  }, {
    "id" : null,
    "rowNo" : 0,
    "defKey" : "CUST_INVEST",
    "defName" : "对外投资",
    "comment" : "",
    "properties" : { },
    "fields" : [ ],
    "indexes" : [ ]
  }, {
    "id" : null,
    "rowNo" : 0,
    "defKey" : "CUST_INVOICE",
    "defName" : "客户开票信息",
    "comment" : "",
    "properties" : { },
    "fields" : [ ],
    "indexes" : [ ]
  }, {
    "id" : null,
    "rowNo" : 0,
    "defKey" : "CUST_IPO_INFO",
    "defName" : "股票发行信息",
    "comment" : "",
    "properties" : { },
    "fields" : [ ],
    "indexes" : [ ]
  }, {
    "id" : null,
    "rowNo" : 0,
    "defKey" : "CUST_LIST_CREDIT",
    "defName" : "名单客户全省用信统计",
    "comment" : "",
    "properties" : { },
    "fields" : [ ],
    "indexes" : [ ]
  }, {
    "id" : null,
    "rowNo" : 0,
    "defKey" : "CUST_MANAGE_INFO",
    "defName" : "高管信息",
    "comment" : "",
    "properties" : { },
    "fields" : [ ],
    "indexes" : [ ]
  }, {
    "id" : null,
    "rowNo" : 0,
    "defKey" : "CUST_MEMBER_RELATION",
    "defName" : "集群成员关联表",
    "comment" : "",
    "properties" : { },
    "fields" : [ ],
    "indexes" : [ ]
  }, {
    "id" : null,
    "rowNo" : 0,
    "defKey" : "CUST_MERGE",
    "defName" : "客户合并历史记录表",
    "comment" : "",
    "properties" : { },
    "fields" : [ ],
    "indexes" : [ ]
  }, {
    "id" : null,
    "rowNo" : 0,
    "defKey" : "CUST_OACCOUNT",
    "defName" : "客户外行存款帐户信息",
    "comment" : "",
    "properties" : { },
    "fields" : [ ],
    "indexes" : [ ]
  }, {
    "id" : null,
    "rowNo" : 0,
    "defKey" : "CUST_OACTIVITY",
    "defName" : "客户外行业务活动情况",
    "comment" : "",
    "properties" : { },
    "fields" : [ ],
    "indexes" : [ ]
  }, {
    "id" : null,
    "rowNo" : 0,
    "defKey" : "CUST_OWNER",
    "defName" : "客户权限",
    "comment" : "",
    "properties" : { },
    "fields" : [ ],
    "indexes" : [ ]
  }, {
    "id" : null,
    "rowNo" : 0,
    "defKey" : "CUST_OWNER_APPLY",
    "defName" : "客户权限申请表",
    "comment" : "",
    "properties" : { },
    "fields" : [ ],
    "indexes" : [ ]
  }, {
    "id" : null,
    "rowNo" : 0,
    "defKey" : "CUST_OWNER_TRANSFER",
    "defName" : "客户权限转移记录表",
    "comment" : "",
    "properties" : { },
    "fields" : [ ],
    "indexes" : [ ]
  }, {
    "id" : null,
    "rowNo" : 0,
    "defKey" : "CUST_PARTNER",
    "defName" : "合作方客户信息",
    "comment" : "",
    "properties" : { },
    "fields" : [ ],
    "indexes" : [ ]
  }, {
    "id" : null,
    "rowNo" : 0,
    "defKey" : "CUST_PEERS",
    "defName" : "同业客户",
    "comment" : "",
    "properties" : { },
    "fields" : [ ],
    "indexes" : [ ]
  }, {
    "id" : null,
    "rowNo" : 0,
    "defKey" : "CUST_PRODUCT",
    "defName" : "产品客户信息",
    "comment" : "",
    "properties" : { },
    "fields" : [ ],
    "indexes" : [ ]
  }, {
    "id" : null,
    "rowNo" : 0,
    "defKey" : "CUST_RELATED_INFO",
    "defName" : "关联方信息",
    "comment" : "",
    "properties" : { },
    "fields" : [ ],
    "indexes" : [ ]
  }, {
    "id" : null,
    "rowNo" : 0,
    "defKey" : "CUST_RELATION",
    "defName" : "客户关联关系",
    "comment" : "",
    "properties" : { },
    "fields" : [ ],
    "indexes" : [ ]
  }, {
    "id" : null,
    "rowNo" : 0,
    "defKey" : "CUST_SERVICE_ACCOUNT",
    "defName" : "客户服务账号",
    "comment" : "",
    "properties" : { },
    "fields" : [ ],
    "indexes" : [ ]
  }, {
    "id" : null,
    "rowNo" : 0,
    "defKey" : "CUST_SITU_ANALYSIS",
    "defName" : "客户情况分析",
    "comment" : "",
    "properties" : { },
    "fields" : [ ],
    "indexes" : [ ]
  }, {
    "id" : null,
    "rowNo" : 0,
    "defKey" : "CUST_SME_APPLY",
    "defName" : "中小企业资格认定申请",
    "comment" : "",
    "properties" : { },
    "fields" : [ ],
    "indexes" : [ ]
  }, {
    "id" : null,
    "rowNo" : 0,
    "defKey" : "CUST_SPECIAL",
    "defName" : "特殊客户信息",
    "comment" : "",
    "properties" : { },
    "fields" : [ ],
    "indexes" : [ ]
  }, {
    "id" : null,
    "rowNo" : 0,
    "defKey" : "CUST_SPECIAL_REMOVE_APPLY",
    "defName" : "特殊客户移除申请表",
    "comment" : "",
    "properties" : { },
    "fields" : [ ],
    "indexes" : [ ]
  }, {
    "id" : null,
    "rowNo" : 0,
    "defKey" : "CUST_SPECIAL_TEMP",
    "defName" : null,
    "comment" : "",
    "properties" : { },
    "fields" : [ ],
    "indexes" : [ ]
  }, {
    "id" : null,
    "rowNo" : 0,
    "defKey" : "CUST_STOCK_INFO",
    "defName" : "股东信息",
    "comment" : "",
    "properties" : { },
    "fields" : [ ],
    "indexes" : [ ]
  }, {
    "id" : null,
    "rowNo" : 0,
    "defKey" : "CUST_TAXPAYING",
    "defName" : "客户纳税信息",
    "comment" : "",
    "properties" : { },
    "fields" : [ ],
    "indexes" : [ ]
  }, {
    "id" : null,
    "rowNo" : 0,
    "defKey" : "CUST_TEL",
    "defName" : "客户联系电话信息表",
    "comment" : "",
    "properties" : { },
    "fields" : [ ],
    "indexes" : [ ]
  }, {
    "id" : null,
    "rowNo" : 0,
    "defKey" : "CUST_VEHICLE",
    "defName" : "客户车辆资产信息",
    "comment" : "",
    "properties" : { },
    "fields" : [ ],
    "indexes" : [ ]
  }, {
    "id" : null,
    "rowNo" : 0,
    "defKey" : "CUST_WORKS",
    "defName" : "个人职业信息 个人职业信息",
    "comment" : "",
    "properties" : { },
    "fields" : [ ],
    "indexes" : [ ]
  }, {
    "id" : null,
    "rowNo" : 0,
    "defKey" : "DATA_INTERACTION",
    "defName" : null,
    "comment" : "",
    "properties" : { },
    "fields" : [ ],
    "indexes" : [ ]
  }, {
    "id" : null,
    "rowNo" : 0,
    "defKey" : "DEF_WKFL_PARALLEL",
    "defName" : "会签/会商配置表",
    "comment" : "",
    "properties" : { },
    "fields" : [ ],
    "indexes" : [ ]
  }, {
    "id" : null,
    "rowNo" : 0,
    "defKey" : "DEF_WORK_NUM",
    "defName" : "会商用户的任务数",
    "comment" : "",
    "properties" : { },
    "fields" : [ ],
    "indexes" : [ ]
  }, {
    "id" : null,
    "rowNo" : 0,
    "defKey" : "DEMO_GROUP_COMPANY",
    "defName" : "集团公司案例",
    "comment" : "",
    "properties" : { },
    "fields" : [ ],
    "indexes" : [ ]
  }, {
    "id" : null,
    "rowNo" : 0,
    "defKey" : "DEMO_PERSON",
    "defName" : "案例表",
    "comment" : "",
    "properties" : { },
    "fields" : [ ],
    "indexes" : [ ]
  }, {
    "id" : null,
    "rowNo" : 0,
    "defKey" : "DEMO_PERSON_BANK_CARD",
    "defName" : "个人银行卡",
    "comment" : "",
    "properties" : { },
    "fields" : [ ],
    "indexes" : [ ]
  }, {
    "id" : null,
    "rowNo" : 0,
    "defKey" : "DEMO_WORKFLOW_CREDIT",
    "defName" : "申请基础表",
    "comment" : "",
    "properties" : { },
    "fields" : [ ],
    "indexes" : [ ]
  }, {
    "id" : null,
    "rowNo" : 0,
    "defKey" : "DETECTOR_RELATION_TENANT",
    "defName" : "风险探测明细项关联机构表",
    "comment" : "",
    "properties" : { },
    "fields" : [ ],
    "indexes" : [ ]
  }, {
    "id" : null,
    "rowNo" : 0,
    "defKey" : "ESB_BUSICIRC_RECORDS",
    "defName" : null,
    "comment" : "",
    "properties" : { },
    "fields" : [ ],
    "indexes" : [ ]
  }, {
    "id" : null,
    "rowNo" : 0,
    "defKey" : "ESB_HASLITIGATION_RECORDS",
    "defName" : "记录司法涉诉数据接口返回结果",
    "comment" : "",
    "properties" : { },
    "fields" : [ ],
    "indexes" : [ ]
  }, {
    "id" : null,
    "rowNo" : 0,
    "defKey" : "ESB_MESSAGE_LOG",
    "defName" : "ESB发送报文日志记录",
    "comment" : "",
    "properties" : { },
    "fields" : [ ],
    "indexes" : [ ]
  }, {
    "id" : null,
    "rowNo" : 0,
    "defKey" : "ESB_MESSAGE_LOG_HISTORY",
    "defName" : "ESB发送报文日志历史记录",
    "comment" : "",
    "properties" : { },
    "fields" : [ ],
    "indexes" : [ ]
  }, {
    "id" : null,
    "rowNo" : 0,
    "defKey" : "ESB_SERVER_CONFIG",
    "defName" : null,
    "comment" : "",
    "properties" : { },
    "fields" : [ ],
    "indexes" : [ ]
  }, {
    "id" : null,
    "rowNo" : 0,
    "defKey" : "ESEC_CORTOINVEST_INFO",
    "defName" : "融安E信法人对外投资表",
    "comment" : "",
    "properties" : { },
    "fields" : [ ],
    "indexes" : [ ]
  }, {
    "id" : null,
    "rowNo" : 0,
    "defKey" : "ESEC_ENTBASE_INFO",
    "defName" : "企业照面信息表",
    "comment" : "",
    "properties" : { },
    "fields" : [ ],
    "indexes" : [ ]
  }, {
    "id" : null,
    "rowNo" : 0,
    "defKey" : "ESEC_ENTERPRISE_INVEST_INFO",
    "defName" : "企业对外投资列表",
    "comment" : "",
    "properties" : { },
    "fields" : [ ],
    "indexes" : [ ]
  }, {
    "id" : null,
    "rowNo" : 0,
    "defKey" : "ESEC_OUT_OFFICE_INFO",
    "defName" : "企业对外任职表",
    "comment" : "",
    "properties" : { },
    "fields" : [ ],
    "indexes" : [ ]
  }, {
    "id" : null,
    "rowNo" : 0,
    "defKey" : "ESEC_QUERY_INFO",
    "defName" : null,
    "comment" : "",
    "properties" : { },
    "fields" : [ ],
    "indexes" : [ ]
  }, {
    "id" : null,
    "rowNo" : 0,
    "defKey" : "ESEC_SHAREHOLDER_INFO",
    "defName" : "融安E信股东信息表",
    "comment" : "",
    "properties" : { },
    "fields" : [ ],
    "indexes" : [ ]
  }, {
    "id" : null,
    "rowNo" : 0,
    "defKey" : "FILE_STORAGE_INFO",
    "defName" : "对象存储表",
    "comment" : "",
    "properties" : { },
    "fields" : [ ],
    "indexes" : [ ]
  }, {
    "id" : null,
    "rowNo" : 0,
    "defKey" : "FINGERENTRY_CHECK",
    "defName" : null,
    "comment" : "",
    "properties" : { },
    "fields" : [ ],
    "indexes" : [ ]
  }, {
    "id" : null,
    "rowNo" : 0,
    "defKey" : "FISC_FNASTAT",
    "defName" : "财务报表",
    "comment" : "",
    "properties" : { },
    "fields" : [ ],
    "indexes" : [ ]
  }, {
    "id" : null,
    "rowNo" : 0,
    "defKey" : "FISC_FNASTAT_SUBJECT",
    "defName" : "科目明细 科目明细（纵表），如果横表没有的字段，就补充到这里来",
    "comment" : "",
    "properties" : { },
    "fields" : [ ],
    "indexes" : [ ]
  }, {
    "id" : null,
    "rowNo" : 0,
    "defKey" : "FISC_FNASTAT_SUBJECT_10_BALANCE_SHEET",
    "defName" : "资产负债表-一般企业",
    "comment" : "",
    "properties" : { },
    "fields" : [ ],
    "indexes" : [ ]
  }, {
    "id" : null,
    "rowNo" : 0,
    "defKey" : "FISC_FNASTAT_SUBJECT_10_CASH_FLOW",
    "defName" : "现金流量表-一般企业",
    "comment" : "",
    "properties" : { },
    "fields" : [ ],
    "indexes" : [ ]
  }, {
    "id" : null,
    "rowNo" : 0,
    "defKey" : "FISC_FNASTAT_SUBJECT_10_CASH_FLOW_AUTO",
    "defName" : "现金流量表(自动生成)-一般企业",
    "comment" : "",
    "properties" : { },
    "fields" : [ ],
    "indexes" : [ ]
  }, {
    "id" : null,
    "rowNo" : 0,
    "defKey" : "FISC_FNASTAT_SUBJECT_10_CASH_FLOW_SCHEDULE",
    "defName" : "现金流量表附表-一般企业",
    "comment" : "",
    "properties" : { },
    "fields" : [ ],
    "indexes" : [ ]
  }, {
    "id" : null,
    "rowNo" : 0,
    "defKey" : "FISC_FNASTAT_SUBJECT_10_FINANCIAL_INDICATOR",
    "defName" : "财务指标表-一般企业",
    "comment" : "",
    "properties" : { },
    "fields" : [ ],
    "indexes" : [ ]
  }, {
    "id" : null,
    "rowNo" : 0,
    "defKey" : "FISC_FNASTAT_SUBJECT_10_NON_FINANCIAL_ANALYSIS",
    "defName" : "非财务分析表-一般企业",
    "comment" : "",
    "properties" : { },
    "fields" : [ ],
    "indexes" : [ ]
  }, {
    "id" : null,
    "rowNo" : 0,
    "defKey" : "FISC_FNASTAT_SUBJECT_10_PROFIT_INCOME",
    "defName" : "利润及利润分配表科目明细-一般企业",
    "comment" : "",
    "properties" : { },
    "fields" : [ ],
    "indexes" : [ ]
  }, {
    "id" : null,
    "rowNo" : 0,
    "defKey" : "FISC_FNASTAT_SUBJECT_10_SUPPLEMENT_FINANCE",
    "defName" : "补充财务数据表-一般企业",
    "comment" : "",
    "properties" : { },
    "fields" : [ ],
    "indexes" : [ ]
  }, {
    "id" : null,
    "rowNo" : 0,
    "defKey" : "FISC_FNASTAT_SUBJECT_20_BALANCE_SHEET",
    "defName" : "资产负债表-事业单位",
    "comment" : "",
    "properties" : { },
    "fields" : [ ],
    "indexes" : [ ]
  }, {
    "id" : null,
    "rowNo" : 0,
    "defKey" : "FISC_FNASTAT_SUBJECT_20_FINANCIAL_INDICATOR",
    "defName" : "财务指标表-事业单位",
    "comment" : "",
    "properties" : { },
    "fields" : [ ],
    "indexes" : [ ]
  }, {
    "id" : null,
    "rowNo" : 0,
    "defKey" : "FISC_FNASTAT_SUBJECT_20_PROFIT_INCOME",
    "defName" : "利润及利润分配表-事业单位",
    "comment" : "",
    "properties" : { },
    "fields" : [ ],
    "indexes" : [ ]
  }, {
    "id" : null,
    "rowNo" : 0,
    "defKey" : "FISC_FNASTAT_SUBJECT_30_BALANCE_SHEET",
    "defName" : "资产负债表-财务公司",
    "comment" : "",
    "properties" : { },
    "fields" : [ ],
    "indexes" : [ ]
  }, {
    "id" : null,
    "rowNo" : 0,
    "defKey" : "FISC_FNASTAT_SUBJECT_30_FINANCIAL_INDICATOR",
    "defName" : "财务指标表-财务公司",
    "comment" : "",
    "properties" : { },
    "fields" : [ ],
    "indexes" : [ ]
  }, {
    "id" : null,
    "rowNo" : 0,
    "defKey" : "FISC_FNASTAT_SUBJECT_30_PROFIT_INCOME",
    "defName" : "利润及利润分配表-财务公司",
    "comment" : "",
    "properties" : { },
    "fields" : [ ],
    "indexes" : [ ]
  }, {
    "id" : null,
    "rowNo" : 0,
    "defKey" : "FISC_FNASTAT_SUBJECT_30_SUPPLEMENT_FINANCE",
    "defName" : "补充财务数据表-财务公司",
    "comment" : "",
    "properties" : { },
    "fields" : [ ],
    "indexes" : [ ]
  }, {
    "id" : null,
    "rowNo" : 0,
    "defKey" : "FISC_FNASTAT_SUBJECT_40_BALANCE_SHEET",
    "defName" : "资产负债表-信托公司",
    "comment" : "",
    "properties" : { },
    "fields" : [ ],
    "indexes" : [ ]
  }, {
    "id" : null,
    "rowNo" : 0,
    "defKey" : "FISC_FNASTAT_SUBJECT_40_CASH_FLOW",
    "defName" : "现金流量表-信托公司",
    "comment" : "",
    "properties" : { },
    "fields" : [ ],
    "indexes" : [ ]
  }, {
    "id" : null,
    "rowNo" : 0,
    "defKey" : "FISC_FNASTAT_SUBJECT_40_FINANCIAL_INDICATOR",
    "defName" : "财务指标表-信托公司",
    "comment" : "",
    "properties" : { },
    "fields" : [ ],
    "indexes" : [ ]
  }, {
    "id" : null,
    "rowNo" : 0,
    "defKey" : "FISC_FNASTAT_SUBJECT_40_PROFIT_INCOME",
    "defName" : "利润及利润分配表-信托公司",
    "comment" : "",
    "properties" : { },
    "fields" : [ ],
    "indexes" : [ ]
  }, {
    "id" : null,
    "rowNo" : 0,
    "defKey" : "FISC_FNASTAT_SUBJECT_40_PROJECT_BALANCE_SHEET",
    "defName" : "项目资产负债表-信托公司",
    "comment" : "",
    "properties" : { },
    "fields" : [ ],
    "indexes" : [ ]
  }, {
    "id" : null,
    "rowNo" : 0,
    "defKey" : "FISC_FNASTAT_SUBJECT_40_PROJECT_PROFIT_INCOME",
    "defName" : "项目利润及利润损益表-信托公司",
    "comment" : "",
    "properties" : { },
    "fields" : [ ],
    "indexes" : [ ]
  }, {
    "id" : null,
    "rowNo" : 0,
    "defKey" : "FISC_FNASTAT_SUBJECT_40_SUPPLEMENT_FINANCE",
    "defName" : "补充财务数据表-信托公司",
    "comment" : "",
    "properties" : { },
    "fields" : [ ],
    "indexes" : [ ]
  }, {
    "id" : null,
    "rowNo" : 0,
    "defKey" : "FISC_FNASTAT_SUBJECT_50_BALANCE_SHEET",
    "defName" : "资产负债表-证券公司",
    "comment" : "",
    "properties" : { },
    "fields" : [ ],
    "indexes" : [ ]
  }, {
    "id" : null,
    "rowNo" : 0,
    "defKey" : "FISC_FNASTAT_SUBJECT_50_DISCLOSURE_INDICATORS",
    "defName" : "披露指标表-证券公司",
    "comment" : "",
    "properties" : { },
    "fields" : [ ],
    "indexes" : [ ]
  }, {
    "id" : null,
    "rowNo" : 0,
    "defKey" : "FISC_FNASTAT_SUBJECT_50_FINANCIAL_INDICATOR",
    "defName" : "财务指标表-证券公司",
    "comment" : "",
    "properties" : { },
    "fields" : [ ],
    "indexes" : [ ]
  }, {
    "id" : null,
    "rowNo" : 0,
    "defKey" : "FISC_FNASTAT_SUBJECT_50_PROFIT_INCOME",
    "defName" : "利润及利润分配表-证券公司",
    "comment" : "",
    "properties" : { },
    "fields" : [ ],
    "indexes" : [ ]
  }, {
    "id" : null,
    "rowNo" : 0,
    "defKey" : "FISC_FNASTAT_SUBJECT_60_BALANCE_SHEET",
    "defName" : "资产负债表-中资银行",
    "comment" : "",
    "properties" : { },
    "fields" : [ ],
    "indexes" : [ ]
  }, {
    "id" : null,
    "rowNo" : 0,
    "defKey" : "FISC_FNASTAT_SUBJECT_60_CASH_FLOW",
    "defName" : "现金流量表-中资银行",
    "comment" : "",
    "properties" : { },
    "fields" : [ ],
    "indexes" : [ ]
  }, {
    "id" : null,
    "rowNo" : 0,
    "defKey" : "FISC_FNASTAT_SUBJECT_60_FINANCIAL_INDICATOR",
    "defName" : "财务指标表-中资银行",
    "comment" : "",
    "properties" : { },
    "fields" : [ ],
    "indexes" : [ ]
  }, {
    "id" : null,
    "rowNo" : 0,
    "defKey" : "FISC_FNASTAT_SUBJECT_60_PROFIT_INCOME",
    "defName" : "利润及利润分配表-中资银行",
    "comment" : "",
    "properties" : { },
    "fields" : [ ],
    "indexes" : [ ]
  }, {
    "id" : null,
    "rowNo" : 0,
    "defKey" : "FISC_FNASTAT_SUBJECT_60_SUPPLEMENT_FINANCE",
    "defName" : "补充财务数据表-中资银行",
    "comment" : "",
    "properties" : { },
    "fields" : [ ],
    "indexes" : [ ]
  }, {
    "id" : null,
    "rowNo" : 0,
    "defKey" : "FISC_FNASTAT_SUBJECT_70_BALANCE_SHEET",
    "defName" : "资产负债表-外资银行",
    "comment" : "",
    "properties" : { },
    "fields" : [ ],
    "indexes" : [ ]
  }, {
    "id" : null,
    "rowNo" : 0,
    "defKey" : "FISC_FNASTAT_SUBJECT_70_FINANCIAL_INDICATOR",
    "defName" : "财务指标表-外资银行",
    "comment" : "",
    "properties" : { },
    "fields" : [ ],
    "indexes" : [ ]
  }, {
    "id" : null,
    "rowNo" : 0,
    "defKey" : "FISC_FNASTAT_SUBJECT_70_PROFIT_INCOME",
    "defName" : "利润及利润分配表-外资银行",
    "comment" : "",
    "properties" : { },
    "fields" : [ ],
    "indexes" : [ ]
  }, {
    "id" : null,
    "rowNo" : 0,
    "defKey" : "FISC_FNASTAT_SUBJECT_70_SUPPLEMENT_FINANCE",
    "defName" : "补充财务数据表-外资银行",
    "comment" : "",
    "properties" : { },
    "fields" : [ ],
    "indexes" : [ ]
  }, {
    "id" : null,
    "rowNo" : 0,
    "defKey" : "FISC_FNASTAT_SUBJECT_80_BALANCE_SHEET",
    "defName" : "资产负债表-教育行业",
    "comment" : "",
    "properties" : { },
    "fields" : [ ],
    "indexes" : [ ]
  }, {
    "id" : null,
    "rowNo" : 0,
    "defKey" : "FISC_FNASTAT_SUBJECT_80_CAPITAL_BALANCE",
    "defName" : "基建资金平衡表-教育行业",
    "comment" : "",
    "properties" : { },
    "fields" : [ ],
    "indexes" : [ ]
  }, {
    "id" : null,
    "rowNo" : 0,
    "defKey" : "FISC_FNASTAT_SUBJECT_80_FINANCIAL_INDICATOR",
    "defName" : "财务指标表-教育行业",
    "comment" : "",
    "properties" : { },
    "fields" : [ ],
    "indexes" : [ ]
  }, {
    "id" : null,
    "rowNo" : 0,
    "defKey" : "FISC_FNASTAT_SUBJECT_80_PROFIT_INCOME",
    "defName" : "利润及利润分配表-教育行业",
    "comment" : "",
    "properties" : { },
    "fields" : [ ],
    "indexes" : [ ]
  }, {
    "id" : null,
    "rowNo" : 0,
    "defKey" : "FISC_FNASTAT_SUBJECT_80_SUPPLEMENT_FINANCE",
    "defName" : "补充财务数据表-教育行业",
    "comment" : "",
    "properties" : { },
    "fields" : [ ],
    "indexes" : [ ]
  }, {
    "id" : null,
    "rowNo" : 0,
    "defKey" : "FISC_FNASTAT_SUBJECT_90_BALANCE_SHEET",
    "defName" : "资产负债表-医疗行业",
    "comment" : "",
    "properties" : { },
    "fields" : [ ],
    "indexes" : [ ]
  }, {
    "id" : null,
    "rowNo" : 0,
    "defKey" : "FISC_FNASTAT_SUBJECT_90_FINANCIAL_INDICATOR",
    "defName" : "财务指标表-医疗行业",
    "comment" : "",
    "properties" : { },
    "fields" : [ ],
    "indexes" : [ ]
  }, {
    "id" : null,
    "rowNo" : 0,
    "defKey" : "FISC_FNASTAT_SUBJECT_90_PROFIT_INCOME",
    "defName" : "利润及利润分配表-医疗行业",
    "comment" : "",
    "properties" : { },
    "fields" : [ ],
    "indexes" : [ ]
  }, {
    "id" : null,
    "rowNo" : 0,
    "defKey" : "FISC_FNASTAT_SUBJECT_90_SUPPLEMENT_FINANCE",
    "defName" : "补充财务数据表-医疗行业",
    "comment" : "",
    "properties" : { },
    "fields" : [ ],
    "indexes" : [ ]
  }, {
    "id" : null,
    "rowNo" : 0,
    "defKey" : "FLW_CHANNEL_DEFINITION",
    "defName" : null,
    "comment" : "",
    "properties" : { },
    "fields" : [ ],
    "indexes" : [ ]
  }, {
    "id" : null,
    "rowNo" : 0,
    "defKey" : "FLW_EVENT_DEFINITION",
    "defName" : null,
    "comment" : "",
    "properties" : { },
    "fields" : [ ],
    "indexes" : [ ]
  }, {
    "id" : null,
    "rowNo" : 0,
    "defKey" : "FLW_EVENT_DEPLOYMENT",
    "defName" : null,
    "comment" : "",
    "properties" : { },
    "fields" : [ ],
    "indexes" : [ ]
  }, {
    "id" : null,
    "rowNo" : 0,
    "defKey" : "FLW_EVENT_RESOURCE",
    "defName" : null,
    "comment" : "",
    "properties" : { },
    "fields" : [ ],
    "indexes" : [ ]
  }, {
    "id" : null,
    "rowNo" : 0,
    "defKey" : "FLW_EV_DATABASECHANGELOG",
    "defName" : null,
    "comment" : "",
    "properties" : { },
    "fields" : [ ],
    "indexes" : [ ]
  }, {
    "id" : null,
    "rowNo" : 0,
    "defKey" : "FLW_EV_DATABASECHANGELOGLOCK",
    "defName" : null,
    "comment" : "",
    "properties" : { },
    "fields" : [ ],
    "indexes" : [ ]
  }, {
    "id" : null,
    "rowNo" : 0,
    "defKey" : "FLW_RU_BATCH",
    "defName" : null,
    "comment" : "",
    "properties" : { },
    "fields" : [ ],
    "indexes" : [ ]
  }, {
    "id" : null,
    "rowNo" : 0,
    "defKey" : "FLW_RU_BATCH_PART",
    "defName" : null,
    "comment" : "",
    "properties" : { },
    "fields" : [ ],
    "indexes" : [ ]
  }, {
    "id" : null,
    "rowNo" : 0,
    "defKey" : "FORM_REPORT",
    "defName" : null,
    "comment" : "",
    "properties" : { },
    "fields" : [ ],
    "indexes" : [ ]
  }, {
    "id" : null,
    "rowNo" : 0,
    "defKey" : "FORM_REPORT_VARIABLE",
    "defName" : "格式化报告变量集",
    "comment" : "",
    "properties" : { },
    "fields" : [ ],
    "indexes" : [ ]
  }, {
    "id" : null,
    "rowNo" : 0,
    "defKey" : "FSWK_BATCH_LOG",
    "defName" : "批量日志;对接BATCH批量平台的日志记录，但BATCH是一个独立的体系，不能把这个表纳入其中",
    "comment" : "",
    "properties" : { },
    "fields" : [ ],
    "indexes" : [ ]
  }, {
    "id" : null,
    "rowNo" : 0,
    "defKey" : "FSWK_DICT",
    "defName" : "数据字典",
    "comment" : "",
    "properties" : { },
    "fields" : [ ],
    "indexes" : [ ]
  }, {
    "id" : null,
    "rowNo" : 0,
    "defKey" : "FSWK_DICT_ITEM",
    "defName" : "数据字典明细",
    "comment" : "",
    "properties" : { },
    "fields" : [ ],
    "indexes" : [ ]
  }, {
    "id" : null,
    "rowNo" : 0,
    "defKey" : "FSWK_PARAM_ITEM",
    "defName" : "基础参数明细",
    "comment" : "",
    "properties" : { },
    "fields" : [ ],
    "indexes" : [ ]
  }, {
    "id" : null,
    "rowNo" : 0,
    "defKey" : "FSWK_SERIAL_NUMBER",
    "defName" : "流水号记录表",
    "comment" : "",
    "properties" : { },
    "fields" : [ ],
    "indexes" : [ ]
  }, {
    "id" : null,
    "rowNo" : 0,
    "defKey" : "FSWK_TIMER",
    "defName" : "定时器;",
    "comment" : "",
    "properties" : { },
    "fields" : [ ],
    "indexes" : [ ]
  }, {
    "id" : null,
    "rowNo" : 0,
    "defKey" : "GUARANTEE_RELATIVE",
    "defName" : "担保信息关联表",
    "comment" : "",
    "properties" : { },
    "fields" : [ ],
    "indexes" : [ ]
  }, {
    "id" : null,
    "rowNo" : 0,
    "defKey" : "GUARANTY_PROPERTY_INFO",
    "defName" : "资产抵押详情表",
    "comment" : "",
    "properties" : { },
    "fields" : [ ],
    "indexes" : [ ]
  }, {
    "id" : null,
    "rowNo" : 0,
    "defKey" : "GURT_CONTRACT",
    "defName" : "担保合同表",
    "comment" : "",
    "properties" : { },
    "fields" : [ ],
    "indexes" : [ ]
  }, {
    "id" : null,
    "rowNo" : 0,
    "defKey" : "GURT_CONTRACT_RELATION",
    "defName" : "担保合同押品-保证人关联表",
    "comment" : "",
    "properties" : { },
    "fields" : [ ],
    "indexes" : [ ]
  }, {
    "id" : null,
    "rowNo" : 0,
    "defKey" : "GURT_GUARANTOR",
    "defName" : "保证人信息",
    "comment" : "",
    "properties" : { },
    "fields" : [ ],
    "indexes" : [ ]
  }, {
    "id" : null,
    "rowNo" : 0,
    "defKey" : "HAND_PEERS_INFO",
    "defName" : "手工上报同业客户信息",
    "comment" : "",
    "properties" : { },
    "fields" : [ ],
    "indexes" : [ ]
  }, {
    "id" : null,
    "rowNo" : 0,
    "defKey" : "HAND_QUOTA_INFO",
    "defName" : "手工上报同业客户信息",
    "comment" : "",
    "properties" : { },
    "fields" : [ ],
    "indexes" : [ ]
  }, {
    "id" : null,
    "rowNo" : 0,
    "defKey" : "HAND_UNPEERS_INFO",
    "defName" : "手工上报同业客户信息",
    "comment" : "",
    "properties" : { },
    "fields" : [ ],
    "indexes" : [ ]
  }, {
    "id" : null,
    "rowNo" : 0,
    "defKey" : "HAND_USER_INFO",
    "defName" : "手工上报用户信息",
    "comment" : "",
    "properties" : { },
    "fields" : [ ],
    "indexes" : [ ]
  }, {
    "id" : null,
    "rowNo" : 0,
    "defKey" : "IMAGE_RECORD_CLASS",
    "defName" : null,
    "comment" : "",
    "properties" : { },
    "fields" : [ ],
    "indexes" : [ ]
  }, {
    "id" : null,
    "rowNo" : 0,
    "defKey" : "IMAGE_SERVER_ADDRESS",
    "defName" : "影像地址配置",
    "comment" : "",
    "properties" : { },
    "fields" : [ ],
    "indexes" : [ ]
  }, {
    "id" : null,
    "rowNo" : 0,
    "defKey" : "INVT_REPORT",
    "defName" : null,
    "comment" : "",
    "properties" : { },
    "fields" : [ ],
    "indexes" : [ ]
  }, {
    "id" : null,
    "rowNo" : 0,
    "defKey" : "LIMIT_ALLOC",
    "defName" : "授信额度分配",
    "comment" : "",
    "properties" : { },
    "fields" : [ ],
    "indexes" : [ ]
  }, {
    "id" : null,
    "rowNo" : 0,
    "defKey" : "LIMIT_APPROVE",
    "defName" : null,
    "comment" : "",
    "properties" : { },
    "fields" : [ ],
    "indexes" : [ ]
  }, {
    "id" : null,
    "rowNo" : 0,
    "defKey" : "LIMIT_CUST_INFO",
    "defName" : "客户限额表",
    "comment" : "",
    "properties" : { },
    "fields" : [ ],
    "indexes" : [ ]
  }, {
    "id" : null,
    "rowNo" : 0,
    "defKey" : "LIMIT_DIMEN_INFO",
    "defName" : "维度限额表",
    "comment" : "",
    "properties" : { },
    "fields" : [ ],
    "indexes" : [ ]
  }, {
    "id" : null,
    "rowNo" : 0,
    "defKey" : "LIMIT_GROUP_MEMBER",
    "defName" : null,
    "comment" : "",
    "properties" : { },
    "fields" : [ ],
    "indexes" : [ ]
  }, {
    "id" : null,
    "rowNo" : 0,
    "defKey" : "LIMIT_GUARANTEE",
    "defName" : "担保信息表",
    "comment" : "",
    "properties" : { },
    "fields" : [ ],
    "indexes" : [ ]
  }, {
    "id" : null,
    "rowNo" : 0,
    "defKey" : "LIMIT_SUPERVISE",
    "defName" : "监管限额信息",
    "comment" : "",
    "properties" : { },
    "fields" : [ ],
    "indexes" : [ ]
  }, {
    "id" : null,
    "rowNo" : 0,
    "defKey" : "LIMIT_UPDATE_RECORD",
    "defName" : "限额变更记录表",
    "comment" : "",
    "properties" : { },
    "fields" : [ ],
    "indexes" : [ ]
  }, {
    "id" : null,
    "rowNo" : 0,
    "defKey" : "LIMIT_USELESS_RELATIVE",
    "defName" : null,
    "comment" : "",
    "properties" : { },
    "fields" : [ ],
    "indexes" : [ ]
  }, {
    "id" : null,
    "rowNo" : 0,
    "defKey" : "LIST_MONITOR_ALL",
    "defName" : "全省名单监控表",
    "comment" : "",
    "properties" : { },
    "fields" : [ ],
    "indexes" : [ ]
  }, {
    "id" : null,
    "rowNo" : 0,
    "defKey" : "LIST_MONITOR_CORP",
    "defName" : "法人名单监控明细表",
    "comment" : "",
    "properties" : { },
    "fields" : [ ],
    "indexes" : [ ]
  }, {
    "id" : null,
    "rowNo" : 0,
    "defKey" : "MAIN_SUB_REFLECT",
    "defName" : null,
    "comment" : "",
    "properties" : { },
    "fields" : [ ],
    "indexes" : [ ]
  }, {
    "id" : null,
    "rowNo" : 0,
    "defKey" : "MEM_BRH_INFO",
    "defName" : "会员机构信息表",
    "comment" : "",
    "properties" : { },
    "fields" : [ ],
    "indexes" : [ ]
  }, {
    "id" : null,
    "rowNo" : 0,
    "defKey" : "MICROCREDICT_QUOTA_RELATIVE",
    "defName" : "微贷额度关联表",
    "comment" : "",
    "properties" : { },
    "fields" : [ ],
    "indexes" : [ ]
  }, {
    "id" : null,
    "rowNo" : 0,
    "defKey" : "MID_ASHAREBALANCESHEET",
    "defName" : "万德-中国A股资产负债表",
    "comment" : "",
    "properties" : { },
    "fields" : [ ],
    "indexes" : [ ]
  }, {
    "id" : null,
    "rowNo" : 0,
    "defKey" : "MID_ASHAREBANKINDICATOR",
    "defName" : "万德-中国A股银行专用指标",
    "comment" : "",
    "properties" : { },
    "fields" : [ ],
    "indexes" : [ ]
  }, {
    "id" : null,
    "rowNo" : 0,
    "defKey" : "MID_ASHARECASHFLOW",
    "defName" : "万德-中国A股现金流量表",
    "comment" : "",
    "properties" : { },
    "fields" : [ ],
    "indexes" : [ ]
  }, {
    "id" : null,
    "rowNo" : 0,
    "defKey" : "MID_ASHARECOMPANYHOLDSHARES",
    "defName" : "万德-中国A股控股参股",
    "comment" : "",
    "properties" : { },
    "fields" : [ ],
    "indexes" : [ ]
  }, {
    "id" : null,
    "rowNo" : 0,
    "defKey" : "MID_ASHAREDESCRIPTION",
    "defName" : "万德-中国A股基本资料",
    "comment" : "",
    "properties" : { },
    "fields" : [ ],
    "indexes" : [ ]
  }, {
    "id" : null,
    "rowNo" : 0,
    "defKey" : "MID_ASHAREEODPRICES",
    "defName" : "万德-中国A股日行情",
    "comment" : "",
    "properties" : { },
    "fields" : [ ],
    "indexes" : [ ]
  }, {
    "id" : null,
    "rowNo" : 0,
    "defKey" : "MID_ASHAREEQUITYRELATIONSHIPS",
    "defName" : "万德-中国A股股权关系",
    "comment" : "",
    "properties" : { },
    "fields" : [ ],
    "indexes" : [ ]
  }, {
    "id" : null,
    "rowNo" : 0,
    "defKey" : "MID_ASHAREFINANCIALEXPENSE",
    "defName" : "万德-中国A股财务费用明细",
    "comment" : "",
    "properties" : { },
    "fields" : [ ],
    "indexes" : [ ]
  }, {
    "id" : null,
    "rowNo" : 0,
    "defKey" : "MID_ASHAREFINANCIALINDICATOR",
    "defName" : "万德-中国A股财务指标",
    "comment" : "",
    "properties" : { },
    "fields" : [ ],
    "indexes" : [ ]
  }, {
    "id" : null,
    "rowNo" : 0,
    "defKey" : "MID_ASHAREFLOATHOLDER",
    "defName" : "万德-中国A股流通股东",
    "comment" : "",
    "properties" : { },
    "fields" : [ ],
    "indexes" : [ ]
  }, {
    "id" : null,
    "rowNo" : 0,
    "defKey" : "MID_ASHAREIBROKERINDICATOR",
    "defName" : "万德-中国A股券商专用指标",
    "comment" : "",
    "properties" : { },
    "fields" : [ ],
    "indexes" : [ ]
  }, {
    "id" : null,
    "rowNo" : 0,
    "defKey" : "MID_ASHAREILLEGALITY",
    "defName" : "万德-中国A股违规事件",
    "comment" : "",
    "properties" : { },
    "fields" : [ ],
    "indexes" : [ ]
  }, {
    "id" : null,
    "rowNo" : 0,
    "defKey" : "MID_ASHAREINCOME",
    "defName" : "万德-中国A股利润表",
    "comment" : "",
    "properties" : { },
    "fields" : [ ],
    "indexes" : [ ]
  }, {
    "id" : null,
    "rowNo" : 0,
    "defKey" : "MID_ASHAREINSURANCEINDICATOR",
    "defName" : "万德-中国A股保险专用指标",
    "comment" : "",
    "properties" : { },
    "fields" : [ ],
    "indexes" : [ ]
  }, {
    "id" : null,
    "rowNo" : 0,
    "defKey" : "MID_ASHAREINTRODUCTION",
    "defName" : "万德-中国A股公司简介",
    "comment" : "",
    "properties" : { },
    "fields" : [ ],
    "indexes" : [ ]
  }, {
    "id" : null,
    "rowNo" : 0,
    "defKey" : "MID_ASHAREMAJOREVENT",
    "defName" : "万德-中国A股重大事件表",
    "comment" : "",
    "properties" : { },
    "fields" : [ ],
    "indexes" : [ ]
  }, {
    "id" : null,
    "rowNo" : 0,
    "defKey" : "MID_ASHAREMANAGEMENT",
    "defName" : "万德-中国A股公司管理层成员",
    "comment" : "",
    "properties" : { },
    "fields" : [ ],
    "indexes" : [ ]
  }, {
    "id" : null,
    "rowNo" : 0,
    "defKey" : "MID_ASHAREPROSECUTION",
    "defName" : "万德-中国A股诉讼事件",
    "comment" : "",
    "properties" : { },
    "fields" : [ ],
    "indexes" : [ ]
  }, {
    "id" : null,
    "rowNo" : 0,
    "defKey" : "MID_BILL_CREDIT",
    "defName" : "票据用信批次信息",
    "comment" : "",
    "properties" : { },
    "fields" : [ ],
    "indexes" : [ ]
  }, {
    "id" : null,
    "rowNo" : 0,
    "defKey" : "MID_BILL_CREDIT_OCCUPY",
    "defName" : "票据用信明细信息",
    "comment" : "",
    "properties" : { },
    "fields" : [ ],
    "indexes" : [ ]
  }, {
    "id" : null,
    "rowNo" : 0,
    "defKey" : "MID_BILL_CREDIT_OCCUPY_TEMP",
    "defName" : "票据用信明细信息临时表",
    "comment" : "",
    "properties" : { },
    "fields" : [ ],
    "indexes" : [ ]
  }, {
    "id" : null,
    "rowNo" : 0,
    "defKey" : "MID_BILL_CREDIT_TEMP",
    "defName" : "票据用信批次信息临时表",
    "comment" : "",
    "properties" : { },
    "fields" : [ ],
    "indexes" : [ ]
  }, {
    "id" : null,
    "rowNo" : 0,
    "defKey" : "MID_BILL_QUOTA",
    "defName" : "票据额度表",
    "comment" : "",
    "properties" : { },
    "fields" : [ ],
    "indexes" : [ ]
  }, {
    "id" : null,
    "rowNo" : 0,
    "defKey" : "MID_BONDNEGATIVENEWS2",
    "defName" : "万德-债券负面新闻V2018",
    "comment" : "",
    "properties" : { },
    "fields" : [ ],
    "indexes" : [ ]
  }, {
    "id" : null,
    "rowNo" : 0,
    "defKey" : "MID_BUSINESS_CONTRACT",
    "defName" : "迁移-合同信息表",
    "comment" : "",
    "properties" : { },
    "fields" : [ ],
    "indexes" : [ ]
  }, {
    "id" : null,
    "rowNo" : 0,
    "defKey" : "MID_BUSINESS_CONTRACT_HISTORY",
    "defName" : "合同信息历史表",
    "comment" : "",
    "properties" : { },
    "fields" : [ ],
    "indexes" : [ ]
  }, {
    "id" : null,
    "rowNo" : 0,
    "defKey" : "MID_BUSINESS_CONTRACT_TEMP",
    "defName" : "迁移-合同信息表临时表",
    "comment" : "",
    "properties" : { },
    "fields" : [ ],
    "indexes" : [ ]
  }, {
    "id" : null,
    "rowNo" : 0,
    "defKey" : "MID_BUSINESS_DUEBILL",
    "defName" : "借据信息",
    "comment" : "",
    "properties" : { },
    "fields" : [ ],
    "indexes" : [ ]
  }, {
    "id" : null,
    "rowNo" : 0,
    "defKey" : "MID_BUSINESS_DUEBILL_HISTORY",
    "defName" : "借据历史信息",
    "comment" : "",
    "properties" : { },
    "fields" : [ ],
    "indexes" : [ ]
  }, {
    "id" : null,
    "rowNo" : 0,
    "defKey" : "MID_BUSINESS_DUEBILL_TEMP",
    "defName" : "借据信息临时表",
    "comment" : "",
    "properties" : { },
    "fields" : [ ],
    "indexes" : [ ]
  }, {
    "id" : null,
    "rowNo" : 0,
    "defKey" : "MID_CBONDBALANCESHEET",
    "defName" : "万德-中国债券发行主体资产负债表",
    "comment" : "",
    "properties" : { },
    "fields" : [ ],
    "indexes" : [ ]
  }, {
    "id" : null,
    "rowNo" : 0,
    "defKey" : "MID_CBONDCASHFLOW",
    "defName" : "万德-中国债券发行主体现金流量表",
    "comment" : "",
    "properties" : { },
    "fields" : [ ],
    "indexes" : [ ]
  }, {
    "id" : null,
    "rowNo" : 0,
    "defKey" : "MID_CBONDDESCRIPTION",
    "defName" : "万德-中国债券基本资料",
    "comment" : "",
    "properties" : { },
    "fields" : [ ],
    "indexes" : [ ]
  }, {
    "id" : null,
    "rowNo" : 0,
    "defKey" : "MID_CBONDFINANCIALEXPENSE",
    "defName" : "万德-中国债券发行主体财务附注表",
    "comment" : "",
    "properties" : { },
    "fields" : [ ],
    "indexes" : [ ]
  }, {
    "id" : null,
    "rowNo" : 0,
    "defKey" : "MID_CBONDFINANCIALINDICATOR",
    "defName" : "万德-中国债券发行主体财务指标表",
    "comment" : "",
    "properties" : { },
    "fields" : [ ],
    "indexes" : [ ]
  }, {
    "id" : null,
    "rowNo" : 0,
    "defKey" : "MID_CBONDFINNOTESDETAIL",
    "defName" : "万德-中国债券财务附注明细",
    "comment" : "",
    "properties" : { },
    "fields" : [ ],
    "indexes" : [ ]
  }, {
    "id" : null,
    "rowNo" : 0,
    "defKey" : "MID_CBONDGUARANTEEDETAIL",
    "defName" : "万德-债券发行人担保数据（明细）",
    "comment" : "",
    "properties" : { },
    "fields" : [ ],
    "indexes" : [ ]
  }, {
    "id" : null,
    "rowNo" : 0,
    "defKey" : "MID_CBONDGUARANTEETOTAL",
    "defName" : "万德-债券发行人担保数据（合计）",
    "comment" : "",
    "properties" : { },
    "fields" : [ ],
    "indexes" : [ ]
  }, {
    "id" : null,
    "rowNo" : 0,
    "defKey" : "MID_CBONDINCOME",
    "defName" : "万德-中国债券发行主体利润表",
    "comment" : "",
    "properties" : { },
    "fields" : [ ],
    "indexes" : [ ]
  }, {
    "id" : null,
    "rowNo" : 0,
    "defKey" : "MID_CBONDISSUER",
    "defName" : "万德-中国债券主体",
    "comment" : "",
    "properties" : { },
    "fields" : [ ],
    "indexes" : [ ]
  }, {
    "id" : null,
    "rowNo" : 0,
    "defKey" : "MID_CBONDISSUERMANAGEMENT",
    "defName" : "万德-中国债券公司管理层成员",
    "comment" : "",
    "properties" : { },
    "fields" : [ ],
    "indexes" : [ ]
  }, {
    "id" : null,
    "rowNo" : 0,
    "defKey" : "MID_CBONDISSUERRATING",
    "defName" : "万德-中国债券发行主体信用评级",
    "comment" : "",
    "properties" : { },
    "fields" : [ ],
    "indexes" : [ ]
  }, {
    "id" : null,
    "rowNo" : 0,
    "defKey" : "MID_CBONDNEGATIVECREDITEVENT",
    "defName" : "万德-中国债券负面事件",
    "comment" : "",
    "properties" : { },
    "fields" : [ ],
    "indexes" : [ ]
  }, {
    "id" : null,
    "rowNo" : 0,
    "defKey" : "MID_CBONDRATING",
    "defName" : "万德-中国债券信用评级",
    "comment" : "",
    "properties" : { },
    "fields" : [ ],
    "indexes" : [ ]
  }, {
    "id" : null,
    "rowNo" : 0,
    "defKey" : "MID_CBONDSALESSEGMENT",
    "defName" : "万德-中国债券发行主体主营业务收入构成",
    "comment" : "",
    "properties" : { },
    "fields" : [ ],
    "indexes" : [ ]
  }, {
    "id" : null,
    "rowNo" : 0,
    "defKey" : "MID_COMPANYLINEOFCREDIT",
    "defName" : "万德-公司授信额度",
    "comment" : "",
    "properties" : { },
    "fields" : [ ],
    "indexes" : [ ]
  }, {
    "id" : null,
    "rowNo" : 0,
    "defKey" : "MID_COMPINTRODUCTION",
    "defName" : "万德-公司简介",
    "comment" : "",
    "properties" : { },
    "fields" : [ ],
    "indexes" : [ ]
  }, {
    "id" : null,
    "rowNo" : 0,
    "defKey" : "MID_CUST_ENT",
    "defName" : "迁移公司客户信息表",
    "comment" : "",
    "properties" : { },
    "fields" : [ ],
    "indexes" : [ ]
  }, {
    "id" : null,
    "rowNo" : 0,
    "defKey" : "MID_CUST_ENT_BATCH",
    "defName" : "企业客户批量中间表",
    "comment" : "",
    "properties" : { },
    "fields" : [ ],
    "indexes" : [ ]
  }, {
    "id" : null,
    "rowNo" : 0,
    "defKey" : "MID_CUST_GROUPMEMBER_BATCH",
    "defName" : "集团成员客户批量中间表",
    "comment" : "",
    "properties" : { },
    "fields" : [ ],
    "indexes" : [ ]
  }, {
    "id" : null,
    "rowNo" : 0,
    "defKey" : "MID_CUST_GROUP_BATCH",
    "defName" : "集团客户批量中间表",
    "comment" : "",
    "properties" : { },
    "fields" : [ ],
    "indexes" : [ ]
  }, {
    "id" : null,
    "rowNo" : 0,
    "defKey" : "MID_CUST_GROUP_MEMBER",
    "defName" : "客户群成员中间表",
    "comment" : "",
    "properties" : { },
    "fields" : [ ],
    "indexes" : [ ]
  }, {
    "id" : null,
    "rowNo" : 0,
    "defKey" : "MID_CUST_IND",
    "defName" : "迁移客户个人客户信息表",
    "comment" : "",
    "properties" : { },
    "fields" : [ ],
    "indexes" : [ ]
  }, {
    "id" : null,
    "rowNo" : 0,
    "defKey" : "MID_CUST_IND_BATCH",
    "defName" : "个人客户批量中间表",
    "comment" : "",
    "properties" : { },
    "fields" : [ ],
    "indexes" : [ ]
  }, {
    "id" : null,
    "rowNo" : 0,
    "defKey" : "MID_CUST_OWNER",
    "defName" : "客户权限中间表",
    "comment" : "",
    "properties" : { },
    "fields" : [ ],
    "indexes" : [ ]
  }, {
    "id" : null,
    "rowNo" : 0,
    "defKey" : "MID_CUST_RELATIVE_INFO",
    "defName" : "关联客户列表",
    "comment" : "",
    "properties" : { },
    "fields" : [ ],
    "indexes" : [ ]
  }, {
    "id" : null,
    "rowNo" : 0,
    "defKey" : "MID_CUST_RELATIVE_LIST",
    "defName" : "关联客户列表",
    "comment" : "",
    "properties" : { },
    "fields" : [ ],
    "indexes" : [ ]
  }, {
    "id" : null,
    "rowNo" : 0,
    "defKey" : "MID_CUST_REL_BATCH",
    "defName" : "客户关联关系批量中间表",
    "comment" : "",
    "properties" : { },
    "fields" : [ ],
    "indexes" : [ ]
  }, {
    "id" : null,
    "rowNo" : 0,
    "defKey" : "MID_FINANCIAL_CREDIT",
    "defName" : "理财用信信息",
    "comment" : "",
    "properties" : { },
    "fields" : [ ],
    "indexes" : [ ]
  }, {
    "id" : null,
    "rowNo" : 0,
    "defKey" : "MID_FINANCIAL_CREDIT_OCCUPY",
    "defName" : "理财用信明细",
    "comment" : "",
    "properties" : { },
    "fields" : [ ],
    "indexes" : [ ]
  }, {
    "id" : null,
    "rowNo" : 0,
    "defKey" : "MID_FINANCIAL_CREDIT_OCCUPY_TEMP",
    "defName" : "理财用信明细临时表",
    "comment" : "",
    "properties" : { },
    "fields" : [ ],
    "indexes" : [ ]
  }, {
    "id" : null,
    "rowNo" : 0,
    "defKey" : "MID_FINANCIAL_CREDIT_TEMP",
    "defName" : "理财用信信息临时表",
    "comment" : "",
    "properties" : { },
    "fields" : [ ],
    "indexes" : [ ]
  }, {
    "id" : null,
    "rowNo" : 0,
    "defKey" : "MID_FLASH_QUOTA_OCCUPY",
    "defName" : "信贷闪贴额度占用信息",
    "comment" : "",
    "properties" : { },
    "fields" : [ ],
    "indexes" : [ ]
  }, {
    "id" : null,
    "rowNo" : 0,
    "defKey" : "MID_FLASH_QUOTA_OCCUPY_TEMP",
    "defName" : "信贷闪贴额度占用信息临时表",
    "comment" : "",
    "properties" : { },
    "fields" : [ ],
    "indexes" : [ ]
  }, {
    "id" : null,
    "rowNo" : 0,
    "defKey" : "MID_FUND_CREDIT",
    "defName" : "资金用信",
    "comment" : "",
    "properties" : { },
    "fields" : [ ],
    "indexes" : [ ]
  }, {
    "id" : null,
    "rowNo" : 0,
    "defKey" : "MID_FUND_CREDIT_0711",
    "defName" : null,
    "comment" : "",
    "properties" : { },
    "fields" : [ ],
    "indexes" : [ ]
  }, {
    "id" : null,
    "rowNo" : 0,
    "defKey" : "MID_FUND_CREDIT_OCCUPY",
    "defName" : "资金用信明细",
    "comment" : "",
    "properties" : { },
    "fields" : [ ],
    "indexes" : [ ]
  }, {
    "id" : null,
    "rowNo" : 0,
    "defKey" : "MID_FUND_CREDIT_OCCUPY_TEMP",
    "defName" : "资金用信明细临时表",
    "comment" : "",
    "properties" : { },
    "fields" : [ ],
    "indexes" : [ ]
  }, {
    "id" : null,
    "rowNo" : 0,
    "defKey" : "MID_FUND_CREDIT_TEMP",
    "defName" : "资金用信",
    "comment" : "",
    "properties" : { },
    "fields" : [ ],
    "indexes" : [ ]
  }, {
    "id" : null,
    "rowNo" : 0,
    "defKey" : "MID_GROUP_RELATIVE_LIST",
    "defName" : "疑似集团信息",
    "comment" : "",
    "properties" : { },
    "fields" : [ ],
    "indexes" : [ ]
  }, {
    "id" : null,
    "rowNo" : 0,
    "defKey" : "MID_INDRECT_RELATED_CUSTOMER",
    "defName" : "信贷间接关联方客户",
    "comment" : "",
    "properties" : { },
    "fields" : [ ],
    "indexes" : [ ]
  }, {
    "id" : null,
    "rowNo" : 0,
    "defKey" : "MID_LIMIT_ALLOC",
    "defName" : "迁移授信额度分配",
    "comment" : "",
    "properties" : { },
    "fields" : [ ],
    "indexes" : [ ]
  }, {
    "id" : null,
    "rowNo" : 0,
    "defKey" : "MID_LIMIT_GUARANTEE",
    "defName" : "迁移担保信息表",
    "comment" : "",
    "properties" : { },
    "fields" : [ ],
    "indexes" : [ ]
  }, {
    "id" : null,
    "rowNo" : 0,
    "defKey" : "MID_LOAN_QUOTA",
    "defName" : "贷审系统额度信息",
    "comment" : "",
    "properties" : { },
    "fields" : [ ],
    "indexes" : [ ]
  }, {
    "id" : null,
    "rowNo" : 0,
    "defKey" : "MID_LOAN_QUOTA_TEMP",
    "defName" : "贷审系统额度信息迁移表",
    "comment" : "",
    "properties" : { },
    "fields" : [ ],
    "indexes" : [ ]
  }, {
    "id" : null,
    "rowNo" : 0,
    "defKey" : "MID_LOAN_QUOTA_TMP",
    "defName" : "贷审系统额度信息临时表",
    "comment" : "",
    "properties" : { },
    "fields" : [ ],
    "indexes" : [ ]
  }, {
    "id" : null,
    "rowNo" : 0,
    "defKey" : "MID_MICROCREDICT_QUOTA",
    "defName" : "微贷额度记录",
    "comment" : "",
    "properties" : { },
    "fields" : [ ],
    "indexes" : [ ]
  }, {
    "id" : null,
    "rowNo" : 0,
    "defKey" : "MID_MICROCREDICT_QUOTA_TEMP",
    "defName" : "微贷额度记录临时表",
    "comment" : "",
    "properties" : { },
    "fields" : [ ],
    "indexes" : [ ]
  }, {
    "id" : null,
    "rowNo" : 0,
    "defKey" : "MID_NEGATIVECREDITEVENT",
    "defName" : "万德-债券负面事件",
    "comment" : "",
    "properties" : { },
    "fields" : [ ],
    "indexes" : [ ]
  }, {
    "id" : null,
    "rowNo" : 0,
    "defKey" : "MID_NEGATIVEVENT",
    "defName" : "万德-债券公告负面事件",
    "comment" : "",
    "properties" : { },
    "fields" : [ ],
    "indexes" : [ ]
  }, {
    "id" : null,
    "rowNo" : 0,
    "defKey" : "MID_NXEC_CUST_EXT",
    "defName" : "农商e查对外投资信息",
    "comment" : "",
    "properties" : { },
    "fields" : [ ],
    "indexes" : [ ]
  }, {
    "id" : null,
    "rowNo" : 0,
    "defKey" : "MID_NXEC_CUST_STOCK",
    "defName" : "农商e查股东信息",
    "comment" : "",
    "properties" : { },
    "fields" : [ ],
    "indexes" : [ ]
  }, {
    "id" : null,
    "rowNo" : 0,
    "defKey" : "MID_QUOTA_BASE",
    "defName" : "额度信息表",
    "comment" : "",
    "properties" : { },
    "fields" : [ ],
    "indexes" : [ ]
  }, {
    "id" : null,
    "rowNo" : 0,
    "defKey" : "MID_RATE_INFO",
    "defName" : "汇率信息",
    "comment" : "",
    "properties" : { },
    "fields" : [ ],
    "indexes" : [ ]
  }, {
    "id" : null,
    "rowNo" : 0,
    "defKey" : "MID_RATE_INFO_TEMP",
    "defName" : "汇率信息",
    "comment" : "",
    "properties" : { },
    "fields" : [ ],
    "indexes" : [ ]
  }, {
    "id" : null,
    "rowNo" : 0,
    "defKey" : "MID_RATINGDOWNGRADED",
    "defName" : "万德-评级下调",
    "comment" : "",
    "properties" : { },
    "fields" : [ ],
    "indexes" : [ ]
  }, {
    "id" : null,
    "rowNo" : 0,
    "defKey" : "MID_RELATED_CUSTOMER",
    "defName" : "信贷关联方客户",
    "comment" : "",
    "properties" : { },
    "fields" : [ ],
    "indexes" : [ ]
  }, {
    "id" : null,
    "rowNo" : 0,
    "defKey" : "MID_RELATION_SHIP",
    "defName" : "信贷间接关联方客户",
    "comment" : "",
    "properties" : { },
    "fields" : [ ],
    "indexes" : [ ]
  }, {
    "id" : null,
    "rowNo" : 0,
    "defKey" : "MID_UNLISTEDBANKBALANCESHEET",
    "defName" : "万德-非上市银行资产负债表",
    "comment" : "",
    "properties" : { },
    "fields" : [ ],
    "indexes" : [ ]
  }, {
    "id" : null,
    "rowNo" : 0,
    "defKey" : "MID_UNLISTEDBANKCASHFLOW",
    "defName" : "万德-非上市银行现金流量表",
    "comment" : "",
    "properties" : { },
    "fields" : [ ],
    "indexes" : [ ]
  }, {
    "id" : null,
    "rowNo" : 0,
    "defKey" : "MID_UNLISTEDBANKINCOME",
    "defName" : "万德-非上市银行利润表",
    "comment" : "",
    "properties" : { },
    "fields" : [ ],
    "indexes" : [ ]
  }, {
    "id" : null,
    "rowNo" : 0,
    "defKey" : "MID_UNLISTEDBANKINDICATOR",
    "defName" : "万德-非上市银行专用指标",
    "comment" : "",
    "properties" : { },
    "fields" : [ ],
    "indexes" : [ ]
  }, {
    "id" : null,
    "rowNo" : 0,
    "defKey" : "MID_UNLISTEDBROKERBALANCESHEET",
    "defName" : "万德-非上市券商资产负债表",
    "comment" : "",
    "properties" : { },
    "fields" : [ ],
    "indexes" : [ ]
  }, {
    "id" : null,
    "rowNo" : 0,
    "defKey" : "MID_UNLISTEDBROKERCASHFLOW",
    "defName" : "万德-非上市券商现金流量表",
    "comment" : "",
    "properties" : { },
    "fields" : [ ],
    "indexes" : [ ]
  }, {
    "id" : null,
    "rowNo" : 0,
    "defKey" : "MID_UNLISTEDBROKERINCOME",
    "defName" : "万德-非上市券商利润表",
    "comment" : "",
    "properties" : { },
    "fields" : [ ],
    "indexes" : [ ]
  }, {
    "id" : null,
    "rowNo" : 0,
    "defKey" : "MID_UNLISTEDIBROKERINDICATOR",
    "defName" : "万德-非上市券商专用指标",
    "comment" : "",
    "properties" : { },
    "fields" : [ ],
    "indexes" : [ ]
  }, {
    "id" : null,
    "rowNo" : 0,
    "defKey" : "MID_UNLISTEDINSURANCEBALANCES",
    "defName" : "万德-非上市保险资产负债表",
    "comment" : "",
    "properties" : { },
    "fields" : [ ],
    "indexes" : [ ]
  }, {
    "id" : null,
    "rowNo" : 0,
    "defKey" : "MID_UNLISTEDINSURANCECASHFLOW",
    "defName" : "万德-非上市保险现金流量表",
    "comment" : "",
    "properties" : { },
    "fields" : [ ],
    "indexes" : [ ]
  }, {
    "id" : null,
    "rowNo" : 0,
    "defKey" : "MID_UNLISTEDINSURANCEINCOME",
    "defName" : "万德-非上市保险利润表",
    "comment" : "",
    "properties" : { },
    "fields" : [ ],
    "indexes" : [ ]
  }, {
    "id" : null,
    "rowNo" : 0,
    "defKey" : "MID_UNLISTEDINSURANCEINDICATOR",
    "defName" : "万德-非上市保险专用指标",
    "comment" : "",
    "properties" : { },
    "fields" : [ ],
    "indexes" : [ ]
  }, {
    "id" : null,
    "rowNo" : 0,
    "defKey" : "MMYE",
    "defName" : null,
    "comment" : "",
    "properties" : { },
    "fields" : [ ],
    "indexes" : [ ]
  }, {
    "id" : null,
    "rowNo" : 0,
    "defKey" : "MMYE_TEMP",
    "defName" : null,
    "comment" : "",
    "properties" : { },
    "fields" : [ ],
    "indexes" : [ ]
  }, {
    "id" : null,
    "rowNo" : 0,
    "defKey" : "MMYE_XD",
    "defName" : null,
    "comment" : "",
    "properties" : { },
    "fields" : [ ],
    "indexes" : [ ]
  }, {
    "id" : null,
    "rowNo" : 0,
    "defKey" : "NON_GROUPCUST_RECORD",
    "defName" : "非集团认定信息记录表",
    "comment" : "",
    "properties" : { },
    "fields" : [ ],
    "indexes" : [ ]
  }, {
    "id" : null,
    "rowNo" : 0,
    "defKey" : "OCCUPY_BILL_DETAIL",
    "defName" : "占用票据明细信息",
    "comment" : "",
    "properties" : { },
    "fields" : [ ],
    "indexes" : [ ]
  }, {
    "id" : null,
    "rowNo" : 0,
    "defKey" : "OCCUPY_BUSINESS_INFO",
    "defName" : "占用信息",
    "comment" : "",
    "properties" : { },
    "fields" : [ ],
    "indexes" : [ ]
  }, {
    "id" : null,
    "rowNo" : 0,
    "defKey" : "OCCUPY_BUSINESS_INFO_BACKUP",
    "defName" : null,
    "comment" : "",
    "properties" : { },
    "fields" : [ ],
    "indexes" : [ ]
  }, {
    "id" : null,
    "rowNo" : 0,
    "defKey" : "OCCUPY_BUSINESS_INFO_UNHANDLE",
    "defName" : null,
    "comment" : "",
    "properties" : { },
    "fields" : [ ],
    "indexes" : [ ]
  }, {
    "id" : null,
    "rowNo" : 0,
    "defKey" : "ORG_INFO",
    "defName" : null,
    "comment" : "",
    "properties" : { },
    "fields" : [ ],
    "indexes" : [ ]
  }, {
    "id" : null,
    "rowNo" : 0,
    "defKey" : "POLC_CONF_EXTRACT",
    "defName" : "贷后检查抽数规则配置 此配置应用于生成常规贷后检查任务：根据产品类型自动生成检查任务",
    "comment" : "",
    "properties" : { },
    "fields" : [ ],
    "indexes" : [ ]
  }, {
    "id" : null,
    "rowNo" : 0,
    "defKey" : "POLC_CONF_EXTRACT_ITEM",
    "defName" : "贷后检查抽数规则配置明细",
    "comment" : "",
    "properties" : { },
    "fields" : [ ],
    "indexes" : [ ]
  }, {
    "id" : null,
    "rowNo" : 0,
    "defKey" : "POLC_CONF_INDUSTRY",
    "defName" : "行业配置 行业限额，禁入行业",
    "comment" : "",
    "properties" : { },
    "fields" : [ ],
    "indexes" : [ ]
  }, {
    "id" : null,
    "rowNo" : 0,
    "defKey" : "POLC_CONF_PARAM",
    "defName" : "参数配置",
    "comment" : "",
    "properties" : { },
    "fields" : [ ],
    "indexes" : [ ]
  }, {
    "id" : null,
    "rowNo" : 0,
    "defKey" : "POLC_CONF_RATE",
    "defName" : "LPR和基准利率配置",
    "comment" : "",
    "properties" : { },
    "fields" : [ ],
    "indexes" : [ ]
  }, {
    "id" : null,
    "rowNo" : 0,
    "defKey" : "POLC_DEFINITION",
    "defName" : "产品政策",
    "comment" : "",
    "properties" : { },
    "fields" : [ ],
    "indexes" : [ ]
  }, {
    "id" : null,
    "rowNo" : 0,
    "defKey" : "POLC_NODE_POND",
    "defName" : "产品节点池",
    "comment" : "",
    "properties" : { },
    "fields" : [ ],
    "indexes" : [ ]
  }, {
    "id" : null,
    "rowNo" : 0,
    "defKey" : "POLC_NODE_RULE",
    "defName" : "产品节点规则",
    "comment" : "",
    "properties" : { },
    "fields" : [ ],
    "indexes" : [ ]
  }, {
    "id" : null,
    "rowNo" : 0,
    "defKey" : "POLC_NODE_RULE_DETAIL",
    "defName" : "产品节点规则详细表",
    "comment" : "",
    "properties" : { },
    "fields" : [ ],
    "indexes" : [ ]
  }, {
    "id" : null,
    "rowNo" : 0,
    "defKey" : "POLC_PARAM",
    "defName" : "产品参数表",
    "comment" : "",
    "properties" : { },
    "fields" : [ ],
    "indexes" : [ ]
  }, {
    "id" : null,
    "rowNo" : 0,
    "defKey" : "POLC_PARAM_VALUE",
    "defName" : "产品参数值",
    "comment" : "",
    "properties" : { },
    "fields" : [ ],
    "indexes" : [ ]
  }, {
    "id" : null,
    "rowNo" : 0,
    "defKey" : "POLC_RELATION_ELEMENT",
    "defName" : "产品关联要素",
    "comment" : "",
    "properties" : { },
    "fields" : [ ],
    "indexes" : [ ]
  }, {
    "id" : null,
    "rowNo" : 0,
    "defKey" : "POLC_RELATION_ORG",
    "defName" : "产品关联机构",
    "comment" : "",
    "properties" : { },
    "fields" : [ ],
    "indexes" : [ ]
  }, {
    "id" : null,
    "rowNo" : 0,
    "defKey" : "POLC_VERSION",
    "defName" : "产品版本",
    "comment" : "",
    "properties" : { },
    "fields" : [ ],
    "indexes" : [ ]
  }, {
    "id" : null,
    "rowNo" : 0,
    "defKey" : "PRODUCT_INFO",
    "defName" : null,
    "comment" : "",
    "properties" : { },
    "fields" : [ ],
    "indexes" : [ ]
  }, {
    "id" : null,
    "rowNo" : 0,
    "defKey" : "QUOTA_BASE",
    "defName" : "额度信息表",
    "comment" : "",
    "properties" : { },
    "fields" : [ ],
    "indexes" : [ ]
  }, {
    "id" : null,
    "rowNo" : 0,
    "defKey" : "QUOTA_BASE_HISTORY",
    "defName" : "额度信息历史表",
    "comment" : "",
    "properties" : { },
    "fields" : [ ],
    "indexes" : [ ]
  }, {
    "id" : null,
    "rowNo" : 0,
    "defKey" : "QUOTA_BASE_TEMP",
    "defName" : "额度信息表临时表",
    "comment" : "",
    "properties" : { },
    "fields" : [ ],
    "indexes" : [ ]
  }, {
    "id" : null,
    "rowNo" : 0,
    "defKey" : "QUOTA_INFO_TEST",
    "defName" : null,
    "comment" : "",
    "properties" : { },
    "fields" : [ ],
    "indexes" : [ ]
  }, {
    "id" : null,
    "rowNo" : 0,
    "defKey" : "QUOTA_RECORD",
    "defName" : "额度补录表",
    "comment" : "",
    "properties" : { },
    "fields" : [ ],
    "indexes" : [ ]
  }, {
    "id" : null,
    "rowNo" : 0,
    "defKey" : "QUOTA_SPLIT",
    "defName" : "额度切分表",
    "comment" : "",
    "properties" : { },
    "fields" : [ ],
    "indexes" : [ ]
  }, {
    "id" : null,
    "rowNo" : 0,
    "defKey" : "QUOTA_TRADE_DETAIL",
    "defName" : "额度操作交易流水信息",
    "comment" : "",
    "properties" : { },
    "fields" : [ ],
    "indexes" : [ ]
  }, {
    "id" : null,
    "rowNo" : 0,
    "defKey" : "RATN_INST",
    "defName" : "信用评级实例",
    "comment" : "",
    "properties" : { },
    "fields" : [ ],
    "indexes" : [ ]
  }, {
    "id" : null,
    "rowNo" : 0,
    "defKey" : "RATN_SCALE_ROD",
    "defName" : "评级标尺",
    "comment" : "",
    "properties" : { },
    "fields" : [ ],
    "indexes" : [ ]
  }, {
    "id" : null,
    "rowNo" : 0,
    "defKey" : "RATN_SCALE_ROD_ITEM",
    "defName" : "评级标尺明细项",
    "comment" : "",
    "properties" : { },
    "fields" : [ ],
    "indexes" : [ ]
  }, {
    "id" : null,
    "rowNo" : 0,
    "defKey" : "RATN_TASK_SCORE",
    "defName" : "审批节点填写得分",
    "comment" : "",
    "properties" : { },
    "fields" : [ ],
    "indexes" : [ ]
  }, {
    "id" : null,
    "rowNo" : 0,
    "defKey" : "REPORT_ENTCONTRACT_APPL",
    "defName" : "公司客户用信明细（合同）",
    "comment" : "",
    "properties" : { },
    "fields" : [ ],
    "indexes" : [ ]
  }, {
    "id" : null,
    "rowNo" : 0,
    "defKey" : "REPORT_ENTCONTRACT_HISTORY",
    "defName" : "公司客户用信明细（合同）--历史表",
    "comment" : "",
    "properties" : { },
    "fields" : [ ],
    "indexes" : [ ]
  }, {
    "id" : null,
    "rowNo" : 0,
    "defKey" : "REPORT_ENT_APPL",
    "defName" : "公司客户统一授信报表",
    "comment" : "",
    "properties" : { },
    "fields" : [ ],
    "indexes" : [ ]
  }, {
    "id" : null,
    "rowNo" : 0,
    "defKey" : "REPORT_ENT_APPL_HISTORY",
    "defName" : "公司客户统一授信报表--历史记录表",
    "comment" : "",
    "properties" : { },
    "fields" : [ ],
    "indexes" : [ ]
  }, {
    "id" : null,
    "rowNo" : 0,
    "defKey" : "REPORT_INDCONTRACT_APPL",
    "defName" : "个人客户用信明细（合同）",
    "comment" : "",
    "properties" : { },
    "fields" : [ ],
    "indexes" : [ ]
  }, {
    "id" : null,
    "rowNo" : 0,
    "defKey" : "REPORT_INDCONTRACT_HISTORY",
    "defName" : "个人客户用信明细（合同）--历史表",
    "comment" : "",
    "properties" : { },
    "fields" : [ ],
    "indexes" : [ ]
  }, {
    "id" : null,
    "rowNo" : 0,
    "defKey" : "REPORT_IND_APPL",
    "defName" : "个人客户统一授信报表",
    "comment" : "",
    "properties" : { },
    "fields" : [ ],
    "indexes" : [ ]
  }, {
    "id" : null,
    "rowNo" : 0,
    "defKey" : "REPORT_IND_APPL_HISTORY",
    "defName" : "个人客户统一授信报表--历史表",
    "comment" : "",
    "properties" : { },
    "fields" : [ ],
    "indexes" : [ ]
  }, {
    "id" : null,
    "rowNo" : 0,
    "defKey" : "REPORT_TYINFO_APPL",
    "defName" : "同业客户用信明细",
    "comment" : "",
    "properties" : { },
    "fields" : [ ],
    "indexes" : [ ]
  }, {
    "id" : null,
    "rowNo" : 0,
    "defKey" : "REPORT_TYINFO_APPL_HISTORY",
    "defName" : "同业客户用信明细--历史表",
    "comment" : "",
    "properties" : { },
    "fields" : [ ],
    "indexes" : [ ]
  }, {
    "id" : null,
    "rowNo" : 0,
    "defKey" : "REPORT_TY_APPL",
    "defName" : "同业客户授信报表",
    "comment" : "",
    "properties" : { },
    "fields" : [ ],
    "indexes" : [ ]
  }, {
    "id" : null,
    "rowNo" : 0,
    "defKey" : "REPORT_TY_APPL_HISTORY",
    "defName" : "同业客户授信报表--历史表",
    "comment" : "",
    "properties" : { },
    "fields" : [ ],
    "indexes" : [ ]
  }, {
    "id" : null,
    "rowNo" : 0,
    "defKey" : "RULE_SCORECARD",
    "defName" : "评分卡实例",
    "comment" : "",
    "properties" : { },
    "fields" : [ ],
    "indexes" : [ ]
  }, {
    "id" : null,
    "rowNo" : 0,
    "defKey" : "RULE_SCORECARD_SUBJECT",
    "defName" : "评分卡科目项",
    "comment" : "",
    "properties" : { },
    "fields" : [ ],
    "indexes" : [ ]
  }, {
    "id" : null,
    "rowNo" : 0,
    "defKey" : "SECZX_APPLY",
    "defName" : "二代征信",
    "comment" : "",
    "properties" : { },
    "fields" : [ ],
    "indexes" : [ ]
  }, {
    "id" : null,
    "rowNo" : 0,
    "defKey" : "SECZX_ENT_BASIC",
    "defName" : "企业网贷汇法网数据",
    "comment" : "",
    "properties" : { },
    "fields" : [ ],
    "indexes" : [ ]
  }, {
    "id" : null,
    "rowNo" : 0,
    "defKey" : "SECZX_ENT_CREDITDETAIL",
    "defName" : "二代企业征信：信贷记录明细-借贷账户信息单元-基本信息段",
    "comment" : "",
    "properties" : { },
    "fields" : [ ],
    "indexes" : [ ]
  }, {
    "id" : null,
    "rowNo" : 0,
    "defKey" : "SECZX_ENT_CREDITPAYMENTDETAIL",
    "defName" : "二代企业征信：信贷记录明细-借贷账户信息单元-还款表现信息段",
    "comment" : "",
    "properties" : { },
    "fields" : [ ],
    "indexes" : [ ]
  }, {
    "id" : null,
    "rowNo" : 0,
    "defKey" : "SECZX_ENT_DEBTHISTORY",
    "defName" : "二代企业征信：信息概要-负债历史",
    "comment" : "",
    "properties" : { },
    "fields" : [ ],
    "indexes" : [ ]
  }, {
    "id" : null,
    "rowNo" : 0,
    "defKey" : "SECZX_ENT_REPAYMENTLIABILITY",
    "defName" : "二代企业征信：信息概要-相关还款责任信息概要",
    "comment" : "",
    "properties" : { },
    "fields" : [ ],
    "indexes" : [ ]
  }, {
    "id" : null,
    "rowNo" : 0,
    "defKey" : "SECZX_ENT_SUMMARY",
    "defName" : "二代企业征信：信息概要-未/已结清信贷及授信信息概要中详细贷款信息",
    "comment" : "",
    "properties" : { },
    "fields" : [ ],
    "indexes" : [ ]
  }, {
    "id" : null,
    "rowNo" : 0,
    "defKey" : "SECZX_IND_ACCFUND",
    "defName" : "二代个人征信_五（五）住房公积金参缴记录",
    "comment" : "",
    "properties" : { },
    "fields" : [ ],
    "indexes" : [ ]
  }, {
    "id" : null,
    "rowNo" : 0,
    "defKey" : "SECZX_IND_BASICCREDITDETAIL",
    "defName" : "二代个人征信_三（一）（二）（三）（四）（五）（六)基本信息",
    "comment" : "",
    "properties" : { },
    "fields" : [ ],
    "indexes" : [ ]
  }, {
    "id" : null,
    "rowNo" : 0,
    "defKey" : "SECZX_IND_BUSINESS",
    "defName" : "二代个人征信_二（二）信贷交易信息提示",
    "comment" : "",
    "properties" : { },
    "fields" : [ ],
    "indexes" : [ ]
  }, {
    "id" : null,
    "rowNo" : 0,
    "defKey" : "SECZX_IND_COMINFOSUMMARY",
    "defName" : "二代个人征信_二（六）公共信息概要",
    "comment" : "",
    "properties" : { },
    "fields" : [ ],
    "indexes" : [ ]
  }, {
    "id" : null,
    "rowNo" : 0,
    "defKey" : "SECZX_IND_CREDITDEBT",
    "defName" : "二代个人征信_二（四）信贷交易授信及负债信息概要",
    "comment" : "",
    "properties" : { },
    "fields" : [ ],
    "indexes" : [ ]
  }, {
    "id" : null,
    "rowNo" : 0,
    "defKey" : "SECZX_IND_LASTMONTH",
    "defName" : "二代个人征信_三（一）（二）（三）（四）（五）（六)最后一个月的还款信息",
    "comment" : "",
    "properties" : { },
    "fields" : [ ],
    "indexes" : [ ]
  }, {
    "id" : null,
    "rowNo" : 0,
    "defKey" : "SECZX_IND_OBJECTIONMARK",
    "defName" : "二代个人征信：六、七其他标注及声明信息（本人声明、异议标注等）",
    "comment" : "",
    "properties" : { },
    "fields" : [ ],
    "indexes" : [ ]
  }, {
    "id" : null,
    "rowNo" : 0,
    "defKey" : "SECZX_IND_OVERDUE",
    "defName" : "二代个人征信_信贷交易违约信息概要_二（三）逾期（透支）信息汇总",
    "comment" : "",
    "properties" : { },
    "fields" : [ ],
    "indexes" : [ ]
  }, {
    "id" : null,
    "rowNo" : 0,
    "defKey" : "SECZX_IND_POSTPAY",
    "defName" : "二代个人征信：四、非信贷交易信息明细-后付费记录",
    "comment" : "",
    "properties" : { },
    "fields" : [ ],
    "indexes" : [ ]
  }, {
    "id" : null,
    "rowNo" : 0,
    "defKey" : "SECZX_IND_RECENTLY",
    "defName" : "最新表现信息段",
    "comment" : "",
    "properties" : { },
    "fields" : [ ],
    "indexes" : [ ]
  }, {
    "id" : null,
    "rowNo" : 0,
    "defKey" : "SECZX_IND_RECOVERYDEBT",
    "defName" : "二代个人征信_信贷交易违约信息概要_二（三）被追偿信息汇总/呆账信息汇总",
    "comment" : "",
    "properties" : { },
    "fields" : [ ],
    "indexes" : [ ]
  }, {
    "id" : null,
    "rowNo" : 0,
    "defKey" : "SECZX_IND_RELATIVEREPAYDUTY",
    "defName" : "二代个人征信_三（七）相关还款责任信息",
    "comment" : "",
    "properties" : { },
    "fields" : [ ],
    "indexes" : [ ]
  }, {
    "id" : null,
    "rowNo" : 0,
    "defKey" : "SECZX_IND_RELATIVES",
    "defName" : "二代个人征信_一(二)配偶信息",
    "comment" : "",
    "properties" : { },
    "fields" : [ ],
    "indexes" : [ ]
  }, {
    "id" : null,
    "rowNo" : 0,
    "defKey" : "SECZX_IND_REPAYDETAIL",
    "defName" : "二代个人征信_还款记录",
    "comment" : "",
    "properties" : { },
    "fields" : [ ],
    "indexes" : [ ]
  }, {
    "id" : null,
    "rowNo" : 0,
    "defKey" : "SECZX_IND_SELECTRECORD",
    "defName" : "二代个人征信_三（七）相关还款责任信息",
    "comment" : "",
    "properties" : { },
    "fields" : [ ],
    "indexes" : [ ]
  }, {
    "id" : null,
    "rowNo" : 0,
    "defKey" : "SECZX_READRECORD",
    "defName" : "二代企业征信：征信报告点击查看记录表",
    "comment" : "",
    "properties" : { },
    "fields" : [ ],
    "indexes" : [ ]
  }, {
    "id" : null,
    "rowNo" : 0,
    "defKey" : "SERIALNO_RELATIVE",
    "defName" : null,
    "comment" : "",
    "properties" : { },
    "fields" : [ ],
    "indexes" : [ ]
  }, {
    "id" : null,
    "rowNo" : 0,
    "defKey" : "SMTC_DEF",
    "defName" : "格式化文档定义",
    "comment" : "",
    "properties" : { },
    "fields" : [ ],
    "indexes" : [ ]
  }, {
    "id" : null,
    "rowNo" : 0,
    "defKey" : "SMTC_DEF_SECTION",
    "defName" : "格式化文档章节",
    "comment" : "",
    "properties" : { },
    "fields" : [ ],
    "indexes" : [ ]
  }, {
    "id" : null,
    "rowNo" : 0,
    "defKey" : "SMTC_DEF_VERSION",
    "defName" : "格式化文档版本",
    "comment" : "",
    "properties" : { },
    "fields" : [ ],
    "indexes" : [ ]
  }, {
    "id" : null,
    "rowNo" : 0,
    "defKey" : "SMTC_INST",
    "defName" : "格式化文档实例",
    "comment" : "",
    "properties" : { },
    "fields" : [ ],
    "indexes" : [ ]
  }, {
    "id" : null,
    "rowNo" : 0,
    "defKey" : "SMTC_INST_FRAGMENT",
    "defName" : "格式化文档实例章节片段",
    "comment" : "",
    "properties" : { },
    "fields" : [ ],
    "indexes" : [ ]
  }, {
    "id" : null,
    "rowNo" : 0,
    "defKey" : "SMTC_INST_SECTION",
    "defName" : "格式化文档实例章节",
    "comment" : "",
    "properties" : { },
    "fields" : [ ],
    "indexes" : [ ]
  }, {
    "id" : null,
    "rowNo" : 0,
    "defKey" : "SPECIFIC_CUST_QUOTA",
    "defName" : "限额特殊客户表",
    "comment" : "",
    "properties" : { },
    "fields" : [ ],
    "indexes" : [ ]
  }, {
    "id" : null,
    "rowNo" : 0,
    "defKey" : "SPLIT_QUOTA",
    "defName" : null,
    "comment" : "",
    "properties" : { },
    "fields" : [ ],
    "indexes" : [ ]
  }, {
    "id" : null,
    "rowNo" : 0,
    "defKey" : "SUSP_GROUPCUST_LIST",
    "defName" : "疑似集团客户认定表",
    "comment" : "",
    "properties" : { },
    "fields" : [ ],
    "indexes" : [ ]
  }, {
    "id" : null,
    "rowNo" : 0,
    "defKey" : "SUSP_GROUPCUST_LIST_MERGE",
    "defName" : "疑似集团客户认定表",
    "comment" : "",
    "properties" : { },
    "fields" : [ ],
    "indexes" : [ ]
  }, {
    "id" : null,
    "rowNo" : 0,
    "defKey" : "SUSP_GROUPCUST_LIST_TEMP",
    "defName" : "疑似集团客户认定表",
    "comment" : "",
    "properties" : { },
    "fields" : [ ],
    "indexes" : [ ]
  }, {
    "id" : null,
    "rowNo" : 0,
    "defKey" : "SWITCH_CONTROL",
    "defName" : "开关控制",
    "comment" : "",
    "properties" : { },
    "fields" : [ ],
    "indexes" : [ ]
  }, {
    "id" : null,
    "rowNo" : 0,
    "defKey" : "SYS_EXPORT_SCHEMA_01",
    "defName" : "Data Pump Master Table EXPORT                         SCHEMA",
    "comment" : "",
    "properties" : { },
    "fields" : [ ],
    "indexes" : [ ]
  }, {
    "id" : null,
    "rowNo" : 0,
    "defKey" : "SYS_EXPORT_SCHEMA_02",
    "defName" : "Data Pump Master Table EXPORT                         SCHEMA",
    "comment" : "",
    "properties" : { },
    "fields" : [ ],
    "indexes" : [ ]
  }, {
    "id" : null,
    "rowNo" : 0,
    "defKey" : "SYS_NOTICE",
    "defName" : "公告通知",
    "comment" : "",
    "properties" : { },
    "fields" : [ ],
    "indexes" : [ ]
  }, {
    "id" : null,
    "rowNo" : 0,
    "defKey" : "SYS_RISK_WARN",
    "defName" : "预警信息",
    "comment" : "",
    "properties" : { },
    "fields" : [ ],
    "indexes" : [ ]
  }, {
    "id" : null,
    "rowNo" : 0,
    "defKey" : "SYS_TEMP_FBT",
    "defName" : null,
    "comment" : "",
    "properties" : { },
    "fields" : [ ],
    "indexes" : [ ]
  }, {
    "id" : null,
    "rowNo" : 0,
    "defKey" : "TEST_BUSINESS_TYPE",
    "defName" : null,
    "comment" : "",
    "properties" : { },
    "fields" : [ ],
    "indexes" : [ ]
  }, {
    "id" : null,
    "rowNo" : 0,
    "defKey" : "TEST_BUSINESS_TYPE_BAK",
    "defName" : null,
    "comment" : "",
    "properties" : { },
    "fields" : [ ],
    "indexes" : [ ]
  }, {
    "id" : null,
    "rowNo" : 0,
    "defKey" : "TRADE_SINGLE_MONITOR",
    "defName" : "同业单一客户监控",
    "comment" : "",
    "properties" : { },
    "fields" : [ ],
    "indexes" : [ ]
  }, {
    "id" : null,
    "rowNo" : 0,
    "defKey" : "TUNNEL_PRODUCT_RELATIVE",
    "defName" : null,
    "comment" : "",
    "properties" : { },
    "fields" : [ ],
    "indexes" : [ ]
  }, {
    "id" : null,
    "rowNo" : 0,
    "defKey" : "VERIFICATION_CODE",
    "defName" : null,
    "comment" : "",
    "properties" : { },
    "fields" : [ ],
    "indexes" : [ ]
  }, {
    "id" : null,
    "rowNo" : 0,
    "defKey" : "WKFC_BRANCH_CHOOSE",
    "defName" : "选择分支记录表",
    "comment" : "",
    "properties" : { },
    "fields" : [ ],
    "indexes" : [ ]
  }, {
    "id" : null,
    "rowNo" : 0,
    "defKey" : "WKFC_BRANCH_TEMPLATE",
    "defName" : null,
    "comment" : "",
    "properties" : { },
    "fields" : [ ],
    "indexes" : [ ]
  }, {
    "id" : null,
    "rowNo" : 0,
    "defKey" : "WKFC_CHANNEL",
    "defName" : null,
    "comment" : "",
    "properties" : { },
    "fields" : [ ],
    "indexes" : [ ]
  }, {
    "id" : null,
    "rowNo" : 0,
    "defKey" : "WKFC_CHANNEL_FITFOR",
    "defName" : null,
    "comment" : "",
    "properties" : { },
    "fields" : [ ],
    "indexes" : [ ]
  }, {
    "id" : null,
    "rowNo" : 0,
    "defKey" : "WKFC_CONDITION",
    "defName" : null,
    "comment" : "",
    "properties" : { },
    "fields" : [ ],
    "indexes" : [ ]
  }, {
    "id" : null,
    "rowNo" : 0,
    "defKey" : "WKFL_CANDIDATE",
    "defName" : "任务关联候选人信息",
    "comment" : "",
    "properties" : { },
    "fields" : [ ],
    "indexes" : [ ]
  }, {
    "id" : null,
    "rowNo" : 0,
    "defKey" : "WKFL_COMMENT",
    "defName" : "流程意见",
    "comment" : "",
    "properties" : { },
    "fields" : [ ],
    "indexes" : [ ]
  }, {
    "id" : null,
    "rowNo" : 0,
    "defKey" : "WKFL_COMMENT_HIST",
    "defName" : "流程意见",
    "comment" : "",
    "properties" : { },
    "fields" : [ ],
    "indexes" : [ ]
  }, {
    "id" : null,
    "rowNo" : 0,
    "defKey" : "WKFL_COMMENT_HIST_HISTORY",
    "defName" : "流程意见历史表",
    "comment" : "",
    "properties" : { },
    "fields" : [ ],
    "indexes" : [ ]
  }, {
    "id" : null,
    "rowNo" : 0,
    "defKey" : "WKFL_COMMON_WORDS",
    "defName" : "流程常用意见;",
    "comment" : "",
    "properties" : { },
    "fields" : [ ],
    "indexes" : [ ]
  }, {
    "id" : null,
    "rowNo" : 0,
    "defKey" : "WKFL_CONF_RESOURCE",
    "defName" : "流程资源表",
    "comment" : "",
    "properties" : { },
    "fields" : [ ],
    "indexes" : [ ]
  }, {
    "id" : null,
    "rowNo" : 0,
    "defKey" : "WKFL_MODEL",
    "defName" : "流程设计模型表",
    "comment" : "",
    "properties" : { },
    "fields" : [ ],
    "indexes" : [ ]
  }, {
    "id" : null,
    "rowNo" : 0,
    "defKey" : "WKFL_PROC",
    "defName" : "流程业务实例",
    "comment" : "",
    "properties" : { },
    "fields" : [ ],
    "indexes" : [ ]
  }, {
    "id" : null,
    "rowNo" : 0,
    "defKey" : "WKFL_PROC_HISTORY",
    "defName" : "流程业务实例历史备份表",
    "comment" : "",
    "properties" : { },
    "fields" : [ ],
    "indexes" : [ ]
  }, {
    "id" : null,
    "rowNo" : 0,
    "defKey" : "WKFL_SOLICIT",
    "defName" : "任务意见征求",
    "comment" : "",
    "properties" : { },
    "fields" : [ ],
    "indexes" : [ ]
  }, {
    "id" : null,
    "rowNo" : 0,
    "defKey" : "WKFL_SOLICIT_HIST",
    "defName" : "任务意见征求",
    "comment" : "",
    "properties" : { },
    "fields" : [ ],
    "indexes" : [ ]
  }, {
    "id" : null,
    "rowNo" : 0,
    "defKey" : "WKFL_SOLICIT_HIST_HISTORY",
    "defName" : "任务意见征求历史表",
    "comment" : "",
    "properties" : { },
    "fields" : [ ],
    "indexes" : [ ]
  }, {
    "id" : null,
    "rowNo" : 0,
    "defKey" : "WKFL_TASK",
    "defName" : "流程任务",
    "comment" : "",
    "properties" : { },
    "fields" : [ ],
    "indexes" : [ ]
  }, {
    "id" : null,
    "rowNo" : 0,
    "defKey" : "WKFL_TASK_HIST",
    "defName" : "流程任务",
    "comment" : "",
    "properties" : { },
    "fields" : [ ],
    "indexes" : [ ]
  }, {
    "id" : null,
    "rowNo" : 0,
    "defKey" : "WKFL_TASK_HIST_HISTORY",
    "defName" : "流程任务历史信息",
    "comment" : "",
    "properties" : { },
    "fields" : [ ],
    "indexes" : [ ]
  }, {
    "id" : null,
    "rowNo" : 0,
    "defKey" : "WKFL_TASK_VISITOR",
    "defName" : "流程任务访问记录",
    "comment" : "",
    "properties" : { },
    "fields" : [ ],
    "indexes" : [ ]
  } ],
  "properties" : { }
}
2023-08-13 10:01:29.150 [main] ERROR cn.com.chiner.java.Application - 写结果文件出错
java.io.IOException: No such file or directory
	at java.base/java.io.UnixFileSystem.createFileExclusively(Native Method)
	at java.base/java.io.File.createNewFile(File.java:1043)
	at cn.fisok.raw.kit.FileKit.touchFile(FileKit.java:107)
	at cn.com.chiner.java.Application.sendTextOut(Application.java:135)
	at cn.com.chiner.java.Application.main(Application.java:205)
	at cn.com.chiner.dbtype.OracleTest.listTableTest(OracleTest.java:51)
	at java.base/jdk.internal.reflect.NativeMethodAccessorImpl.invoke0(Native Method)
	at java.base/jdk.internal.reflect.NativeMethodAccessorImpl.invoke(NativeMethodAccessorImpl.java:77)
	at java.base/jdk.internal.reflect.DelegatingMethodAccessorImpl.invoke(DelegatingMethodAccessorImpl.java:43)
	at java.base/java.lang.reflect.Method.invoke(Method.java:568)
	at org.junit.runners.model.FrameworkMethod$1.runReflectiveCall(FrameworkMethod.java:50)
	at org.junit.internal.runners.model.ReflectiveCallable.run(ReflectiveCallable.java:12)
	at org.junit.runners.model.FrameworkMethod.invokeExplosively(FrameworkMethod.java:47)
	at org.junit.internal.runners.statements.InvokeMethod.evaluate(InvokeMethod.java:17)
	at org.junit.runners.ParentRunner.runLeaf(ParentRunner.java:325)
	at org.junit.runners.BlockJUnit4ClassRunner.runChild(BlockJUnit4ClassRunner.java:78)
	at org.junit.runners.BlockJUnit4ClassRunner.runChild(BlockJUnit4ClassRunner.java:57)
	at org.junit.runners.ParentRunner$3.run(ParentRunner.java:290)
	at org.junit.runners.ParentRunner$1.schedule(ParentRunner.java:71)
	at org.junit.runners.ParentRunner.runChildren(ParentRunner.java:288)
	at org.junit.runners.ParentRunner.access$000(ParentRunner.java:58)
	at org.junit.runners.ParentRunner$2.evaluate(ParentRunner.java:268)
	at org.junit.runners.ParentRunner.run(ParentRunner.java:363)
	at org.apache.maven.surefire.junit4.JUnit4Provider.execute(JUnit4Provider.java:316)
	at org.apache.maven.surefire.junit4.JUnit4Provider.executeWithRerun(JUnit4Provider.java:240)
	at org.apache.maven.surefire.junit4.JUnit4Provider.executeTestSet(JUnit4Provider.java:214)
	at org.apache.maven.surefire.junit4.JUnit4Provider.invoke(JUnit4Provider.java:155)
	at org.apache.maven.surefire.booter.ForkedBooter.runSuitesInProcess(ForkedBooter.java:385)
	at org.apache.maven.surefire.booter.ForkedBooter.execute(ForkedBooter.java:162)
	at org.apache.maven.surefire.booter.ForkedBooter.run(ForkedBooter.java:507)
	at org.apache.maven.surefire.booter.ForkedBooter.main(ForkedBooter.java:495)
]]></system-out>
  </testcase>
</testsuite>