<?xml version="1.0" encoding="UTF-8"?>
<testsuite xmlns:xsi="http://www.w3.org/2001/XMLSchema-instance" xsi:noNamespaceSchemaLocation="https://maven.apache.org/surefire/maven-surefire-plugin/xsd/surefire-test-report-3.0.xsd" version="3.0" name="cn.com.chiner.h2.ConnPingTest" time="0.208" tests="1" errors="0" skipped="0" failures="0">
  <properties>
    <property name="java.specification.version" value="17"/>
    <property name="sun.jnu.encoding" value="UTF-8"/>
    <property name="java.class.path" value="/home/mmllllyyy/chiner-java/target/test-classes:/home/mmllllyyy/chiner-java/target/classes:/home/mmllllyyy/.m2/repository/com/h2database/h2/1.3.176/h2-1.3.176.jar:/home/mmllllyyy/.m2/repository/mysql/mysql-connector-java/8.0.26/mysql-connector-java-8.0.26.jar:/home/mmllllyyy/.m2/repository/com/google/protobuf/protobuf-java/3.11.4/protobuf-java-3.11.4.jar:/home/mmllllyyy/.m2/repository/com/oracle/database/jdbc/ojdbc8/21.3.0.0/ojdbc8-21.3.0.0.jar:/home/mmllllyyy/.m2/repository/cn/easyproject/orai18n/12.1.0.2.0/orai18n-12.1.0.2.0.jar:/home/mmllllyyy/.m2/repository/com/microsoft/sqlserver/mssql-jdbc/6.2.2.jre8/mssql-jdbc-6.2.2.jre8.jar:/home/mmllllyyy/.m2/repository/org/postgresql/postgresql/42.2.23/postgresql-42.2.23.jar:/home/mmllllyyy/.m2/repository/org/checkerframework/checker-qual/3.5.0/checker-qual-3.5.0.jar:/home/mmllllyyy/.m2/repository/com/ibm/db2/jcc/11.5.5.0/jcc-11.5.5.0.jar:/home/mmllllyyy/.m2/repository/com/dameng/DmJdbcDriver18/8.1.1.193/DmJdbcDriver18-8.1.1.193.jar:/home/mmllllyyy/chiner-java/jdbc/gbasedbtjdbc_3.3.0.jar:/home/mmllllyyy/chiner-java/jdbc/kingbase8-8.6.0.jar:/home/mmllllyyy/.m2/repository/com/aliyun/odps/odps-jdbc/3.2.9/odps-jdbc-3.2.9.jar:/home/mmllllyyy/.m2/repository/com/aliyun/odps/odps-sdk-core/0.36.4-public/odps-sdk-core-0.36.4-public-shaded.jar:/home/mmllllyyy/.m2/repository/com/aliyun/odps/odps-sdk-commons/0.36.4-public/odps-sdk-commons-0.36.4-public.jar:/home/mmllllyyy/.m2/repository/org/aspectj/aspectjrt/1.8.9/aspectjrt-1.8.9.jar:/home/mmllllyyy/.m2/repository/org/codehaus/jackson/jackson-mapper-asl/1.9.13/jackson-mapper-asl-1.9.13.jar:/home/mmllllyyy/.m2/repository/org/codehaus/jackson/jackson-core-asl/1.9.13/jackson-core-asl-1.9.13.jar:/home/mmllllyyy/.m2/repository/com/google/guava/guava/15.0/guava-15.0.jar:/home/mmllllyyy/.m2/repository/net/sourceforge/javacsv/javacsv/2.0/javacsv-2.0.jar:/home/mmllllyyy/.m2/repository/org/xerial/snappy/snappy-java/1.1.1.6/snappy-java-1.1.1.6.jar:/home/mmllllyyy/.m2/repository/javax/mail/mail/1.4.7/mail-1.4.7.jar:/home/mmllllyyy/.m2/repository/stax/stax-api/1.0.1/stax-api-1.0.1.jar:/home/mmllllyyy/.m2/repository/stax/stax/1.2.0/stax-1.2.0.jar:/home/mmllllyyy/.m2/repository/xpp3/xpp3/1.1.3.3/xpp3-1.1.3.3.jar:/home/mmllllyyy/.m2/repository/com/google/code/gson/gson/2.2.4/gson-2.2.4.jar:/home/mmllllyyy/.m2/repository/commons-lang/commons-lang/2.6/commons-lang-2.6.jar:/home/mmllllyyy/.m2/repository/org/xerial/sqlite-jdbc/3.36.0.3/sqlite-jdbc-3.36.0.3.jar:/home/mmllllyyy/.m2/repository/commons-codec/commons-codec/1.11/commons-codec-1.11.jar:/home/mmllllyyy/.m2/repository/junit/junit/4.12/junit-4.12.jar:/home/mmllllyyy/.m2/repository/org/hamcrest/hamcrest-core/1.3/hamcrest-core-1.3.jar:/home/mmllllyyy/.m2/repository/commons-io/commons-io/2.5/commons-io-2.5.jar:/home/mmllllyyy/.m2/repository/commons-jxpath/commons-jxpath/1.3/commons-jxpath-1.3.jar:/home/mmllllyyy/.m2/repository/org/slf4j/slf4j-api/1.7.9/slf4j-api-1.7.9.jar:/home/mmllllyyy/.m2/repository/ch/qos/logback/logback-classic/1.2.1/logback-classic-1.2.1.jar:/home/mmllllyyy/.m2/repository/ch/qos/logback/logback-core/1.2.1/logback-core-1.2.1.jar:/home/mmllllyyy/.m2/repository/commons-beanutils/commons-beanutils/1.9.3/commons-beanutils-1.9.3.jar:/home/mmllllyyy/.m2/repository/commons-logging/commons-logging/1.2/commons-logging-1.2.jar:/home/mmllllyyy/.m2/repository/commons-collections/commons-collections/3.2.2/commons-collections-3.2.2.jar:/home/mmllllyyy/.m2/repository/org/apache/commons/commons-lang3/3.5/commons-lang3-3.5.jar:/home/mmllllyyy/.m2/repository/joda-time/joda-time/2.9.9/joda-time-2.9.9.jar:/home/mmllllyyy/.m2/repository/com/fasterxml/jackson/core/jackson-databind/2.9.6/jackson-databind-2.9.6.jar:/home/mmllllyyy/.m2/repository/com/fasterxml/jackson/core/jackson-annotations/2.9.0/jackson-annotations-2.9.0.jar:/home/mmllllyyy/.m2/repository/com/fasterxml/jackson/core/jackson-core/2.9.6/jackson-core-2.9.6.jar:/home/mmllllyyy/.m2/repository/com/fasterxml/jackson/datatype/jackson-datatype-jsr310/2.9.6/jackson-datatype-jsr310-2.9.6.jar:/home/mmllllyyy/.m2/repository/com/deepoove/poi-tl/1.10.0/poi-tl-1.10.0.jar:/home/mmllllyyy/.m2/repository/org/apache/poi/poi-ooxml/4.1.2/poi-ooxml-4.1.2.jar:/home/mmllllyyy/.m2/repository/org/apache/poi/poi-ooxml-schemas/4.1.2/poi-ooxml-schemas-4.1.2.jar:/home/mmllllyyy/.m2/repository/org/apache/xmlbeans/xmlbeans/3.1.0/xmlbeans-3.1.0.jar:/home/mmllllyyy/.m2/repository/com/github/virtuald/curvesapi/1.06/curvesapi-1.06.jar:/home/mmllllyyy/.m2/repository/org/apache/poi/poi/4.1.2/poi-4.1.2.jar:/home/mmllllyyy/.m2/repository/org/apache/commons/commons-collections4/4.4/commons-collections4-4.4.jar:/home/mmllllyyy/.m2/repository/org/apache/commons/commons-math3/3.6.1/commons-math3-3.6.1.jar:/home/mmllllyyy/.m2/repository/com/zaxxer/SparseBitSet/1.2/SparseBitSet-1.2.jar:/home/mmllllyyy/.m2/repository/com/deepoove/poi-ooxml-schemas-extra/4.1.2/poi-ooxml-schemas-extra-4.1.2.jar:/home/mmllllyyy/.m2/repository/org/apache/xmlgraphics/batik-transcoder/1.14/batik-transcoder-1.14.jar:/home/mmllllyyy/.m2/repository/org/apache/xmlgraphics/batik-anim/1.14/batik-anim-1.14.jar:/home/mmllllyyy/.m2/repository/org/apache/xmlgraphics/batik-css/1.14/batik-css-1.14.jar:/home/mmllllyyy/.m2/repository/org/apache/xmlgraphics/batik-ext/1.14/batik-ext-1.14.jar:/home/mmllllyyy/.m2/repository/org/apache/xmlgraphics/batik-parser/1.14/batik-parser-1.14.jar:/home/mmllllyyy/.m2/repository/org/apache/xmlgraphics/batik-svg-dom/1.14/batik-svg-dom-1.14.jar:/home/mmllllyyy/.m2/repository/org/apache/xmlgraphics/batik-awt-util/1.14/batik-awt-util-1.14.jar:/home/mmllllyyy/.m2/repository/org/apache/xmlgraphics/xmlgraphics-commons/2.6/xmlgraphics-commons-2.6.jar:/home/mmllllyyy/.m2/repository/org/apache/xmlgraphics/batik-bridge/1.14/batik-bridge-1.14.jar:/home/mmllllyyy/.m2/repository/org/apache/xmlgraphics/batik-script/1.14/batik-script-1.14.jar:/home/mmllllyyy/.m2/repository/org/apache/xmlgraphics/batik-dom/1.14/batik-dom-1.14.jar:/home/mmllllyyy/.m2/repository/xalan/xalan/2.7.2/xalan-2.7.2.jar:/home/mmllllyyy/.m2/repository/xalan/serializer/2.7.2/serializer-2.7.2.jar:/home/mmllllyyy/.m2/repository/xml-apis/xml-apis/1.4.01/xml-apis-1.4.01.jar:/home/mmllllyyy/.m2/repository/org/apache/xmlgraphics/batik-gvt/1.14/batik-gvt-1.14.jar:/home/mmllllyyy/.m2/repository/org/apache/xmlgraphics/batik-shared-resources/1.14/batik-shared-resources-1.14.jar:/home/mmllllyyy/.m2/repository/org/apache/xmlgraphics/batik-svggen/1.14/batik-svggen-1.14.jar:/home/mmllllyyy/.m2/repository/org/apache/xmlgraphics/batik-util/1.14/batik-util-1.14.jar:/home/mmllllyyy/.m2/repository/org/apache/xmlgraphics/batik-constants/1.14/batik-constants-1.14.jar:/home/mmllllyyy/.m2/repository/org/apache/xmlgraphics/batik-i18n/1.14/batik-i18n-1.14.jar:/home/mmllllyyy/.m2/repository/org/apache/xmlgraphics/batik-xml/1.14/batik-xml-1.14.jar:/home/mmllllyyy/.m2/repository/xml-apis/xml-apis-ext/1.3.04/xml-apis-ext-1.3.04.jar:/home/mmllllyyy/.m2/repository/org/apache/xmlgraphics/batik-codec/1.14/batik-codec-1.14.jar:/home/mmllllyyy/.m2/repository/org/apache/commons/commons-compress/1.19/commons-compress-1.19.jar:/home/mmllllyyy/.m2/repository/com/alibaba/druid/1.1.21/druid-1.1.21.jar:/home/mmllllyyy/.m2/repository/org/dom4j/dom4j/2.1.3/dom4j-2.1.3.jar:/home/mmllllyyy/.m2/repository/jaxen/jaxen/1.2.0/jaxen-1.2.0.jar:/home/mmllllyyy/.m2/repository/javax/xml/bind/jaxb-api/2.3.0/jaxb-api-2.3.0.jar:/home/mmllllyyy/.m2/repository/com/sun/xml/bind/jaxb-impl/2.3.0/jaxb-impl-2.3.0.jar:/home/mmllllyyy/.m2/repository/com/sun/xml/bind/jaxb-core/2.3.0/jaxb-core-2.3.0.jar:/home/mmllllyyy/.m2/repository/javax/activation/activation/1.1.1/activation-1.1.1.jar:"/>
    <property name="java.vm.vendor" value="Oracle Corporation"/>
    <property name="sun.arch.data.model" value="64"/>
    <property name="java.vendor.url" value="https://java.oracle.com/"/>
    <property name="os.name" value="Linux"/>
    <property name="java.vm.specification.version" value="17"/>
    <property name="sun.java.launcher" value="SUN_STANDARD"/>
    <property name="sun.boot.library.path" value="/usr/lib/jvm/jdk-17.0.8/lib"/>
    <property name="sun.java.command" value="/home/mmllllyyy/chiner-java/target/surefire/surefirebooter-20230813100123384_3.jar /home/mmllllyyy/chiner-java/target/surefire 2023-08-13T10-01-23_333-jvmRun1 surefire-20230813100123384_1tmp surefire_0-20230813100123384_2tmp"/>
    <property name="jdk.debug" value="release"/>
    <property name="surefire.test.class.path" value="/home/mmllllyyy/chiner-java/target/test-classes:/home/mmllllyyy/chiner-java/target/classes:/home/mmllllyyy/.m2/repository/com/h2database/h2/1.3.176/h2-1.3.176.jar:/home/mmllllyyy/.m2/repository/mysql/mysql-connector-java/8.0.26/mysql-connector-java-8.0.26.jar:/home/mmllllyyy/.m2/repository/com/google/protobuf/protobuf-java/3.11.4/protobuf-java-3.11.4.jar:/home/mmllllyyy/.m2/repository/com/oracle/database/jdbc/ojdbc8/21.3.0.0/ojdbc8-21.3.0.0.jar:/home/mmllllyyy/.m2/repository/cn/easyproject/orai18n/12.1.0.2.0/orai18n-12.1.0.2.0.jar:/home/mmllllyyy/.m2/repository/com/microsoft/sqlserver/mssql-jdbc/6.2.2.jre8/mssql-jdbc-6.2.2.jre8.jar:/home/mmllllyyy/.m2/repository/org/postgresql/postgresql/42.2.23/postgresql-42.2.23.jar:/home/mmllllyyy/.m2/repository/org/checkerframework/checker-qual/3.5.0/checker-qual-3.5.0.jar:/home/mmllllyyy/.m2/repository/com/ibm/db2/jcc/11.5.5.0/jcc-11.5.5.0.jar:/home/mmllllyyy/.m2/repository/com/dameng/DmJdbcDriver18/8.1.1.193/DmJdbcDriver18-8.1.1.193.jar:/home/mmllllyyy/chiner-java/jdbc/gbasedbtjdbc_3.3.0.jar:/home/mmllllyyy/chiner-java/jdbc/kingbase8-8.6.0.jar:/home/mmllllyyy/.m2/repository/com/aliyun/odps/odps-jdbc/3.2.9/odps-jdbc-3.2.9.jar:/home/mmllllyyy/.m2/repository/com/aliyun/odps/odps-sdk-core/0.36.4-public/odps-sdk-core-0.36.4-public-shaded.jar:/home/mmllllyyy/.m2/repository/com/aliyun/odps/odps-sdk-commons/0.36.4-public/odps-sdk-commons-0.36.4-public.jar:/home/mmllllyyy/.m2/repository/org/aspectj/aspectjrt/1.8.9/aspectjrt-1.8.9.jar:/home/mmllllyyy/.m2/repository/org/codehaus/jackson/jackson-mapper-asl/1.9.13/jackson-mapper-asl-1.9.13.jar:/home/mmllllyyy/.m2/repository/org/codehaus/jackson/jackson-core-asl/1.9.13/jackson-core-asl-1.9.13.jar:/home/mmllllyyy/.m2/repository/com/google/guava/guava/15.0/guava-15.0.jar:/home/mmllllyyy/.m2/repository/net/sourceforge/javacsv/javacsv/2.0/javacsv-2.0.jar:/home/mmllllyyy/.m2/repository/org/xerial/snappy/snappy-java/1.1.1.6/snappy-java-1.1.1.6.jar:/home/mmllllyyy/.m2/repository/javax/mail/mail/1.4.7/mail-1.4.7.jar:/home/mmllllyyy/.m2/repository/stax/stax-api/1.0.1/stax-api-1.0.1.jar:/home/mmllllyyy/.m2/repository/stax/stax/1.2.0/stax-1.2.0.jar:/home/mmllllyyy/.m2/repository/xpp3/xpp3/1.1.3.3/xpp3-1.1.3.3.jar:/home/mmllllyyy/.m2/repository/com/google/code/gson/gson/2.2.4/gson-2.2.4.jar:/home/mmllllyyy/.m2/repository/commons-lang/commons-lang/2.6/commons-lang-2.6.jar:/home/mmllllyyy/.m2/repository/org/xerial/sqlite-jdbc/3.36.0.3/sqlite-jdbc-3.36.0.3.jar:/home/mmllllyyy/.m2/repository/commons-codec/commons-codec/1.11/commons-codec-1.11.jar:/home/mmllllyyy/.m2/repository/junit/junit/4.12/junit-4.12.jar:/home/mmllllyyy/.m2/repository/org/hamcrest/hamcrest-core/1.3/hamcrest-core-1.3.jar:/home/mmllllyyy/.m2/repository/commons-io/commons-io/2.5/commons-io-2.5.jar:/home/mmllllyyy/.m2/repository/commons-jxpath/commons-jxpath/1.3/commons-jxpath-1.3.jar:/home/mmllllyyy/.m2/repository/org/slf4j/slf4j-api/1.7.9/slf4j-api-1.7.9.jar:/home/mmllllyyy/.m2/repository/ch/qos/logback/logback-classic/1.2.1/logback-classic-1.2.1.jar:/home/mmllllyyy/.m2/repository/ch/qos/logback/logback-core/1.2.1/logback-core-1.2.1.jar:/home/mmllllyyy/.m2/repository/commons-beanutils/commons-beanutils/1.9.3/commons-beanutils-1.9.3.jar:/home/mmllllyyy/.m2/repository/commons-logging/commons-logging/1.2/commons-logging-1.2.jar:/home/mmllllyyy/.m2/repository/commons-collections/commons-collections/3.2.2/commons-collections-3.2.2.jar:/home/mmllllyyy/.m2/repository/org/apache/commons/commons-lang3/3.5/commons-lang3-3.5.jar:/home/mmllllyyy/.m2/repository/joda-time/joda-time/2.9.9/joda-time-2.9.9.jar:/home/mmllllyyy/.m2/repository/com/fasterxml/jackson/core/jackson-databind/2.9.6/jackson-databind-2.9.6.jar:/home/mmllllyyy/.m2/repository/com/fasterxml/jackson/core/jackson-annotations/2.9.0/jackson-annotations-2.9.0.jar:/home/mmllllyyy/.m2/repository/com/fasterxml/jackson/core/jackson-core/2.9.6/jackson-core-2.9.6.jar:/home/mmllllyyy/.m2/repository/com/fasterxml/jackson/datatype/jackson-datatype-jsr310/2.9.6/jackson-datatype-jsr310-2.9.6.jar:/home/mmllllyyy/.m2/repository/com/deepoove/poi-tl/1.10.0/poi-tl-1.10.0.jar:/home/mmllllyyy/.m2/repository/org/apache/poi/poi-ooxml/4.1.2/poi-ooxml-4.1.2.jar:/home/mmllllyyy/.m2/repository/org/apache/poi/poi-ooxml-schemas/4.1.2/poi-ooxml-schemas-4.1.2.jar:/home/mmllllyyy/.m2/repository/org/apache/xmlbeans/xmlbeans/3.1.0/xmlbeans-3.1.0.jar:/home/mmllllyyy/.m2/repository/com/github/virtuald/curvesapi/1.06/curvesapi-1.06.jar:/home/mmllllyyy/.m2/repository/org/apache/poi/poi/4.1.2/poi-4.1.2.jar:/home/mmllllyyy/.m2/repository/org/apache/commons/commons-collections4/4.4/commons-collections4-4.4.jar:/home/mmllllyyy/.m2/repository/org/apache/commons/commons-math3/3.6.1/commons-math3-3.6.1.jar:/home/mmllllyyy/.m2/repository/com/zaxxer/SparseBitSet/1.2/SparseBitSet-1.2.jar:/home/mmllllyyy/.m2/repository/com/deepoove/poi-ooxml-schemas-extra/4.1.2/poi-ooxml-schemas-extra-4.1.2.jar:/home/mmllllyyy/.m2/repository/org/apache/xmlgraphics/batik-transcoder/1.14/batik-transcoder-1.14.jar:/home/mmllllyyy/.m2/repository/org/apache/xmlgraphics/batik-anim/1.14/batik-anim-1.14.jar:/home/mmllllyyy/.m2/repository/org/apache/xmlgraphics/batik-css/1.14/batik-css-1.14.jar:/home/mmllllyyy/.m2/repository/org/apache/xmlgraphics/batik-ext/1.14/batik-ext-1.14.jar:/home/mmllllyyy/.m2/repository/org/apache/xmlgraphics/batik-parser/1.14/batik-parser-1.14.jar:/home/mmllllyyy/.m2/repository/org/apache/xmlgraphics/batik-svg-dom/1.14/batik-svg-dom-1.14.jar:/home/mmllllyyy/.m2/repository/org/apache/xmlgraphics/batik-awt-util/1.14/batik-awt-util-1.14.jar:/home/mmllllyyy/.m2/repository/org/apache/xmlgraphics/xmlgraphics-commons/2.6/xmlgraphics-commons-2.6.jar:/home/mmllllyyy/.m2/repository/org/apache/xmlgraphics/batik-bridge/1.14/batik-bridge-1.14.jar:/home/mmllllyyy/.m2/repository/org/apache/xmlgraphics/batik-script/1.14/batik-script-1.14.jar:/home/mmllllyyy/.m2/repository/org/apache/xmlgraphics/batik-dom/1.14/batik-dom-1.14.jar:/home/mmllllyyy/.m2/repository/xalan/xalan/2.7.2/xalan-2.7.2.jar:/home/mmllllyyy/.m2/repository/xalan/serializer/2.7.2/serializer-2.7.2.jar:/home/mmllllyyy/.m2/repository/xml-apis/xml-apis/1.4.01/xml-apis-1.4.01.jar:/home/mmllllyyy/.m2/repository/org/apache/xmlgraphics/batik-gvt/1.14/batik-gvt-1.14.jar:/home/mmllllyyy/.m2/repository/org/apache/xmlgraphics/batik-shared-resources/1.14/batik-shared-resources-1.14.jar:/home/mmllllyyy/.m2/repository/org/apache/xmlgraphics/batik-svggen/1.14/batik-svggen-1.14.jar:/home/mmllllyyy/.m2/repository/org/apache/xmlgraphics/batik-util/1.14/batik-util-1.14.jar:/home/mmllllyyy/.m2/repository/org/apache/xmlgraphics/batik-constants/1.14/batik-constants-1.14.jar:/home/mmllllyyy/.m2/repository/org/apache/xmlgraphics/batik-i18n/1.14/batik-i18n-1.14.jar:/home/mmllllyyy/.m2/repository/org/apache/xmlgraphics/batik-xml/1.14/batik-xml-1.14.jar:/home/mmllllyyy/.m2/repository/xml-apis/xml-apis-ext/1.3.04/xml-apis-ext-1.3.04.jar:/home/mmllllyyy/.m2/repository/org/apache/xmlgraphics/batik-codec/1.14/batik-codec-1.14.jar:/home/mmllllyyy/.m2/repository/org/apache/commons/commons-compress/1.19/commons-compress-1.19.jar:/home/mmllllyyy/.m2/repository/com/alibaba/druid/1.1.21/druid-1.1.21.jar:/home/mmllllyyy/.m2/repository/org/dom4j/dom4j/2.1.3/dom4j-2.1.3.jar:/home/mmllllyyy/.m2/repository/jaxen/jaxen/1.2.0/jaxen-1.2.0.jar:/home/mmllllyyy/.m2/repository/javax/xml/bind/jaxb-api/2.3.0/jaxb-api-2.3.0.jar:/home/mmllllyyy/.m2/repository/com/sun/xml/bind/jaxb-impl/2.3.0/jaxb-impl-2.3.0.jar:/home/mmllllyyy/.m2/repository/com/sun/xml/bind/jaxb-core/2.3.0/jaxb-core-2.3.0.jar:/home/mmllllyyy/.m2/repository/javax/activation/activation/1.1.1/activation-1.1.1.jar:"/>
    <property name="sun.cpu.endian" value="little"/>
    <property name="user.home" value="/home/mmllllyyy"/>
    <property name="user.language" value="en"/>
    <property name="java.specification.vendor" value="Oracle Corporation"/>
    <property name="java.version.date" value="2023-07-18"/>
    <property name="java.home" value="/usr/lib/jvm/jdk-17.0.8"/>
    <property name="file.separator" value="/"/>
    <property name="basedir" value="/home/mmllllyyy/chiner-java"/>
    <property name="java.vm.compressedOopsMode" value="Zero based"/>
    <property name="line.separator" value="&#10;"/>
    <property name="java.vm.specification.vendor" value="Oracle Corporation"/>
    <property name="java.specification.name" value="Java Platform API Specification"/>
    <property name="surefire.real.class.path" value="/home/mmllllyyy/chiner-java/target/surefire/surefirebooter-20230813100123384_3.jar"/>
    <property name="sun.management.compiler" value="HotSpot 64-Bit Tiered Compilers"/>
    <property name="java.runtime.version" value="17.0.8+9-LTS-211"/>
    <property name="user.name" value="mmllllyyy"/>
    <property name="path.separator" value=":"/>
    <property name="os.version" value="5.15.90.1-microsoft-standard-WSL2"/>
    <property name="java.runtime.name" value="Java(TM) SE Runtime Environment"/>
    <property name="file.encoding" value="UTF-8"/>
    <property name="java.vm.name" value="Java HotSpot(TM) 64-Bit Server VM"/>
    <property name="localRepository" value="/home/mmllllyyy/.m2/repository"/>
    <property name="java.vendor.url.bug" value="https://bugreport.java.com/bugreport/"/>
    <property name="java.io.tmpdir" value="/tmp"/>
    <property name="java.version" value="17.0.8"/>
    <property name="user.dir" value="/home/mmllllyyy/chiner-java"/>
    <property name="os.arch" value="amd64"/>
    <property name="java.vm.specification.name" value="Java Virtual Machine Specification"/>
    <property name="native.encoding" value="UTF-8"/>
    <property name="java.library.path" value="/usr/java/packages/lib:/usr/lib64:/lib64:/lib:/usr/lib"/>
    <property name="java.vm.info" value="mixed mode, sharing"/>
    <property name="java.vendor" value="Oracle Corporation"/>
    <property name="java.vm.version" value="17.0.8+9-LTS-211"/>
    <property name="sun.io.unicode.encoding" value="UnicodeLittle"/>
    <property name="java.class.version" value="61.0"/>
  </properties>
  <testcase name="connTest" classname="cn.com.chiner.h2.ConnPingTest" time="0.185"/>
</testsuite>